#
# There is insufficient memory for the Java Runtime Environment to continue.
# Native memory allocation (mmap) failed to map 65536 bytes for Failed to commit metaspace.
# Possible reasons:
#   The system is out of physical RAM or swap space
#   The process is running with CompressedOops enabled, and the Java Heap may be blocking the growth of the native heap
# Possible solutions:
#   Reduce memory load on the system
#   Increase physical memory or swap space
#   Check if swap backing store is full
#   Decrease Java heap size (-Xmx/-Xms)
#   Decrease number of Java threads
#   Decrease Java thread stack sizes (-Xss)
#   Set larger code cache with -XX:ReservedCodeCacheSize=
#   JVM is running with Zero Based Compressed Oops mode in which the Java heap is
#     placed in the first 32GB address space. The Java Heap base address is the
#     maximum limit for the native heap growth. Please use -XX:HeapBaseMinAddress
#     to set the Java Heap base and to place the Java Heap above 32GB virtual address.
# This output file may be truncated or incomplete.
#
#  Out of Memory Error (virtualSpaceNode.cpp:110), pid=9964, tid=5744
#
# JRE version: OpenJDK Runtime Environment JBR-17.0.4.1+7-469.62-jcef (17.0.4.1+7) (build 17.0.4.1+7-b469.62)
# Java VM: OpenJDK 64-Bit Server VM JBR-17.0.4.1+7-469.62-jcef (17.0.4.1+7-b469.62, mixed mode, tiered, compressed oops, compressed class ptrs, g1 gc, windows-amd64)
# No core dump will be written. Minidumps are not enabled by default on client versions of Windows
#

---------------  S U M M A R Y ------------

Command Line: externalApp.nativessh.NativeSshAskPassApp emathias@192.168.50.145's password: 

Host: 11th Gen Intel(R) Core(TM) i7-1165G7 @ 2.80GHz, 8 cores, 15G,  Windows 11 , 64 bit Build 22000 (10.0.22000.1219)
Time: Sat Dec 10 13:20:52 2022 E. Africa Standard Time elapsed time: 0.235253 seconds (0d 0h 0m 0s)

---------------  T H R E A D  ---------------

Current thread (0x0000021584bb3780):  JavaThread "main" [_thread_in_vm, id=5744, stack(0x0000009019d00000,0x0000009019e00000)]

Stack: [0x0000009019d00000,0x0000009019e00000]
Native frames: (J=compiled Java code, j=interpreted, Vv=VM code, C=native code)
V  [jvm.dll+0x68356a]
V  [jvm.dll+0x83fab4]
V  [jvm.dll+0x84125e]
V  [jvm.dll+0x8418c3]
V  [jvm.dll+0x249735]
V  [jvm.dll+0x83bb0b]
V  [jvm.dll+0x627a06]
V  [jvm.dll+0x627a6a]
V  [jvm.dll+0x62a27a]
V  [jvm.dll+0x6283a6]
V  [jvm.dll+0x632237]
V  [jvm.dll+0x1ed77b]
V  [jvm.dll+0x1edcb5]
V  [jvm.dll+0x1ee5d4]
V  [jvm.dll+0x1e3b1c]
V  [jvm.dll+0x547dad]
V  [jvm.dll+0x1f443b]
V  [jvm.dll+0x7b996b]
V  [jvm.dll+0x7badb2]
V  [jvm.dll+0x7bb0e8]
V  [jvm.dll+0x2414ce]
V  [jvm.dll+0x3843de]
C  0x000002158832b817

Java frames: (J=compiled Java code, j=interpreted, Vv=VM code)
j  jdk.internal.org.objectweb.asm.ClassWriter.<init>(Ljdk/internal/org/objectweb/asm/ClassReader;I)V+11 java.base@17.0.4.1
j  jdk.internal.org.objectweb.asm.ClassWriter.<init>(I)V+3 java.base@17.0.4.1
j  java.lang.invoke.InvokerBytecodeGenerator.classFilePrologue()Ljdk/internal/org/objectweb/asm/ClassWriter;+7 java.base@17.0.4.1
j  java.lang.invoke.InvokerBytecodeGenerator.generateCustomizedCodeBytes()[B+1 java.base@17.0.4.1
j  java.lang.invoke.InvokerBytecodeGenerator.generateCustomizedCode(Ljava/lang/invoke/LambdaForm;Ljava/lang/invoke/MethodType;)Ljava/lang/invoke/MemberName;+27 java.base@17.0.4.1
j  java.lang.invoke.LambdaForm.compileToBytecode()V+69 java.base@17.0.4.1
j  java.lang.invoke.LambdaForm.prepare()V+21 java.base@17.0.4.1
j  java.lang.invoke.MethodHandle.<init>(Ljava/lang/invoke/MethodType;Ljava/lang/invoke/LambdaForm;)V+33 java.base@17.0.4.1
j  java.lang.invoke.BoundMethodHandle.<init>(Ljava/lang/invoke/MethodType;Ljava/lang/invoke/LambdaForm;)V+3 java.base@17.0.4.1
j  java.lang.invoke.BoundMethodHandle$Species_LL.<init>(Ljava/lang/invoke/MethodType;Ljava/lang/invoke/LambdaForm;Ljava/lang/Object;Ljava/lang/Object;)V+3 java.base@17.0.4.1
j  java.lang.invoke.BoundMethodHandle$Species_LL.make(Ljava/lang/invoke/MethodType;Ljava/lang/invoke/LambdaForm;Ljava/lang/Object;Ljava/lang/Object;)Ljava/lang/invoke/BoundMethodHandle;+8 java.base@17.0.4.1
j  java.lang.invoke.DirectMethodHandle$Holder.invokeStatic(Ljava/lang/Object;Ljava/lang/Object;Ljava/lang/Object;Ljava/lang/Object;Ljava/lang/Object;)Ljava/lang/Object;+16 java.base@17.0.4.1
j  java.lang.invoke.BoundMethodHandle$Species_L.copyWithExtendL(Ljava/lang/invoke/MethodType;Ljava/lang/invoke/LambdaForm;Ljava/lang/Object;)Ljava/lang/invoke/BoundMethodHandle;+19 java.base@17.0.4.1
j  java.lang.invoke.LambdaFormEditor.bindArgumentL(Ljava/lang/invoke/BoundMethodHandle;ILjava/lang/Object;)Ljava/lang/invoke/BoundMethodHandle;+55 java.base@17.0.4.1
j  java.lang.invoke.BoundMethodHandle.bindArgumentL(ILjava/lang/Object;)Ljava/lang/invoke/BoundMethodHandle;+7 java.base@17.0.4.1
j  java.lang.invoke.MethodHandles.insertArguments(Ljava/lang/invoke/MethodHandle;I[Ljava/lang/Object;)Ljava/lang/invoke/MethodHandle;+84 java.base@17.0.4.1
j  java.lang.invoke.StringConcatFactory.generateMHInlineCopy(Ljava/lang/invoke/MethodType;Ljava/util/List;)Ljava/lang/invoke/MethodHandle;+195 java.base@17.0.4.1
j  java.lang.invoke.StringConcatFactory.makeConcatWithConstants(Ljava/lang/invoke/MethodHandles$Lookup;Ljava/lang/String;Ljava/lang/invoke/MethodType;Ljava/lang/String;[Ljava/lang/Object;)Ljava/lang/invoke/CallSite;+220 java.base@17.0.4.1
j  java.lang.invoke.DirectMethodHandle$Holder.invokeStatic(Ljava/lang/Object;Ljava/lang/Object;Ljava/lang/Object;Ljava/lang/Object;Ljava/lang/Object;Ljava/lang/Object;)Ljava/lang/Object;+18 java.base@17.0.4.1
j  java.lang.invoke.DelegatingMethodHandle$Holder.delegate(Ljava/lang/Object;Ljava/lang/Object;Ljava/lang/Object;Ljava/lang/Object;Ljava/lang/Object;Ljava/lang/Object;)Ljava/lang/Object;+21 java.base@17.0.4.1
j  java.lang.invoke.Invokers$Holder.invokeExact_MT(Ljava/lang/Object;Ljava/lang/Object;Ljava/lang/Object;Ljava/lang/Object;Ljava/lang/Object;Ljava/lang/Object;Ljava/lang/Object;)Ljava/lang/Object;+26 java.base@17.0.4.1
j  java.lang.invoke.BootstrapMethodInvoker.invoke(Ljava/lang/Class;Ljava/lang/invoke/MethodHandle;Ljava/lang/String;Ljava/lang/Object;Ljava/lang/Object;Ljava/lang/Class;)Ljava/lang/Object;+157 java.base@17.0.4.1
j  java.lang.invoke.CallSite.makeSite(Ljava/lang/invoke/MethodHandle;Ljava/lang/String;Ljava/lang/invoke/MethodType;Ljava/lang/Object;Ljava/lang/Class;)Ljava/lang/invoke/CallSite;+8 java.base@17.0.4.1
j  java.lang.invoke.MethodHandleNatives.linkCallSiteImpl(Ljava/lang/Class;Ljava/lang/invoke/MethodHandle;Ljava/lang/String;Ljava/lang/invoke/MethodType;Ljava/lang/Object;[Ljava/lang/Object;)Ljava/lang/invoke/MemberName;+6 java.base@17.0.4.1
j  java.lang.invoke.MethodHandleNatives.linkCallSite(Ljava/lang/Object;ILjava/lang/Object;Ljava/lang/Object;Ljava/lang/Object;Ljava/lang/Object;[Ljava/lang/Object;)Ljava/lang/invoke/MemberName;+46 java.base@17.0.4.1
v  ~StubRoutines::call_stub
j  externalApp.nativessh.NativeSshAskPassXmlRpcHandler.<clinit>()V+11
v  ~StubRoutines::call_stub
j  externalApp.nativessh.NativeSshAskPassApp.main([Ljava/lang/String;)V+27
v  ~StubRoutines::call_stub

---------------  P R O C E S S  ---------------

Threads class SMR info:
_java_thread_list=0x00000215a41f4400, length=12, elements={
0x0000021584bb3780, 0x00000215a359b330, 0x00000215a403a150, 0x00000215a408c670,
0x00000215a408d020, 0x00000215a408d9d0, 0x00000215a408eb20, 0x00000215a40a6010,
0x00000215a40a66c0, 0x00000215a40aa780, 0x00000215a42188a0, 0x00000215a4227430
}

Java Threads: ( => current thread )
=>0x0000021584bb3780 JavaThread "main" [_thread_in_vm, id=5744, stack(0x0000009019d00000,0x0000009019e00000)]
  0x00000215a359b330 JavaThread "Reference Handler" daemon [_thread_blocked, id=25144, stack(0x000000901a400000,0x000000901a500000)]
  0x00000215a403a150 JavaThread "Finalizer" daemon [_thread_blocked, id=43356, stack(0x000000901a500000,0x000000901a600000)]
  0x00000215a408c670 JavaThread "Signal Dispatcher" daemon [_thread_blocked, id=46416, stack(0x000000901a600000,0x000000901a700000)]
  0x00000215a408d020 JavaThread "Attach Listener" daemon [_thread_blocked, id=39412, stack(0x000000901a700000,0x000000901a800000)]
  0x00000215a408d9d0 JavaThread "Service Thread" daemon [_thread_blocked, id=22168, stack(0x000000901a800000,0x000000901a900000)]
  0x00000215a408eb20 JavaThread "Monitor Deflation Thread" daemon [_thread_blocked, id=37612, stack(0x000000901a900000,0x000000901aa00000)]
  0x00000215a40a6010 JavaThread "C2 CompilerThread0" daemon [_thread_blocked, id=27684, stack(0x000000901aa00000,0x000000901ab00000)]
  0x00000215a40a66c0 JavaThread "C1 CompilerThread0" daemon [_thread_blocked, id=28136, stack(0x000000901ab00000,0x000000901ac00000)]
  0x00000215a40aa780 JavaThread "Sweeper thread" daemon [_thread_blocked, id=43476, stack(0x000000901ac00000,0x000000901ad00000)]
  0x00000215a42188a0 JavaThread "Notification Thread" daemon [_thread_blocked, id=39484, stack(0x000000901ad00000,0x000000901ae00000)]
  0x00000215a4227430 JavaThread "Common-Cleaner" daemon [_thread_blocked, id=46452, stack(0x000000901af00000,0x000000901b000000)]

Other Threads:
  0x00000215a3587ed0 VMThread "VM Thread" [stack: 0x000000901a300000,0x000000901a400000] [id=1804]
  0x00000215a421d180 WatcherThread [stack: 0x000000901ae00000,0x000000901af00000] [id=46532]
  0x0000021584c1f350 GCTaskThread "GC Thread#0" [stack: 0x0000009019e00000,0x0000009019f00000] [id=9632]
  0x0000021584c2fe40 ConcurrentGCThread "G1 Main Marker" [stack: 0x0000009019f00000,0x000000901a000000] [id=46852]
  0x0000021584c30850 ConcurrentGCThread "G1 Conc#0" [stack: 0x000000901a000000,0x000000901a100000] [id=27748]
  0x00000215a3437500 ConcurrentGCThread "G1 Refine#0" [stack: 0x000000901a100000,0x000000901a200000] [id=45584]
  0x00000215a3439e40 ConcurrentGCThread "G1 Service" [stack: 0x000000901a200000,0x000000901a300000] [id=35272]

Threads with active compile tasks:

VM state: not at safepoint (normal execution)

VM Mutex/Monitor currently owned by a thread:  ([mutex/lock_event])
[0x0000021584bacf80] Metaspace_lock - owner thread: 0x0000021584bb3780

Heap address: 0x0000000705a00000, size: 4006 MB, Compressed Oops mode: Zero based, Oop shift amount: 3

CDS archive(s) not mapped
Compressed class space mapped at: 0x0000000800000000-0x0000000840000000, reserved size: 1073741824
Narrow klass base: 0x0000000800000000, Narrow klass shift: 0, Narrow klass range: 0x40000000

GC Precious Log:
 CPUs: 8 total, 8 available
 Memory: 16023M
 Large Page Support: Disabled
 NUMA Support: Disabled
 Compressed Oops: Enabled (Zero based)
 Heap Region Size: 2M
 Heap Min Capacity: 8M
 Heap Initial Capacity: 252M
 Heap Max Capacity: 4006M
 Pre-touch: Disabled
 Parallel Workers: 8
 Concurrent Workers: 2
 Concurrent Refinement Workers: 8
 Periodic GC: Disabled

Heap:
 garbage-first heap   total 258048K, used 14336K [0x0000000705a00000, 0x0000000800000000)
  region size 2048K, 1 young (2048K), 0 survivors (0K)
 Metaspace       used 5525K, committed 5632K, reserved 1056768K
  class space    used 460K, committed 512K, reserved 1048576K

Heap Regions: E=young(eden), S=young(survivor), O=old, HS=humongous(starts), HC=humongous(continues), CS=collection set, F=free, OA=open archive, CA=closed archive, TAMS=top-at-mark-start (previous, next)
|   0|0x0000000705a00000, 0x0000000705c00000, 0x0000000705c00000|100%|HS|  |TAMS 0x0000000705a00000, 0x0000000705a00000| Complete 
|   1|0x0000000705c00000, 0x0000000705e00000, 0x0000000705e00000|100%|HC|  |TAMS 0x0000000705c00000, 0x0000000705c00000| Complete 
|   2|0x0000000705e00000, 0x0000000706000000, 0x0000000706000000|100%|HC|  |TAMS 0x0000000705e00000, 0x0000000705e00000| Complete 
|   3|0x0000000706000000, 0x0000000706200000, 0x0000000706200000|100%|HC|  |TAMS 0x0000000706000000, 0x0000000706000000| Complete 
|   4|0x0000000706200000, 0x0000000706400000, 0x0000000706400000|100%|HC|  |TAMS 0x0000000706200000, 0x0000000706200000| Complete 
|   5|0x0000000706400000, 0x0000000706600000, 0x0000000706600000|100%|HC|  |TAMS 0x0000000706400000, 0x0000000706400000| Complete 
|   6|0x0000000706600000, 0x0000000706800000, 0x0000000706800000|100%|HS|  |TAMS 0x0000000706600000, 0x0000000706600000| Complete 
|   7|0x0000000706800000, 0x0000000706800000, 0x0000000706a00000|  0%| F|  |TAMS 0x0000000706800000, 0x0000000706800000| Untracked 
|   8|0x0000000706a00000, 0x0000000706a00000, 0x0000000706c00000|  0%| F|  |TAMS 0x0000000706a00000, 0x0000000706a00000| Untracked 
|   9|0x0000000706c00000, 0x0000000706c00000, 0x0000000706e00000|  0%| F|  |TAMS 0x0000000706c00000, 0x0000000706c00000| Untracked 
|  10|0x0000000706e00000, 0x0000000706e00000, 0x0000000707000000|  0%| F|  |TAMS 0x0000000706e00000, 0x0000000706e00000| Untracked 
|  11|0x0000000707000000, 0x0000000707000000, 0x0000000707200000|  0%| F|  |TAMS 0x0000000707000000, 0x0000000707000000| Untracked 
|  12|0x0000000707200000, 0x0000000707200000, 0x0000000707400000|  0%| F|  |TAMS 0x0000000707200000, 0x0000000707200000| Untracked 
|  13|0x0000000707400000, 0x0000000707400000, 0x0000000707600000|  0%| F|  |TAMS 0x0000000707400000, 0x0000000707400000| Untracked 
|  14|0x0000000707600000, 0x0000000707600000, 0x0000000707800000|  0%| F|  |TAMS 0x0000000707600000, 0x0000000707600000| Untracked 
|  15|0x0000000707800000, 0x0000000707800000, 0x0000000707a00000|  0%| F|  |TAMS 0x0000000707800000, 0x0000000707800000| Untracked 
|  16|0x0000000707a00000, 0x0000000707a00000, 0x0000000707c00000|  0%| F|  |TAMS 0x0000000707a00000, 0x0000000707a00000| Untracked 
|  17|0x0000000707c00000, 0x0000000707c00000, 0x0000000707e00000|  0%| F|  |TAMS 0x0000000707c00000, 0x0000000707c00000| Untracked 
|  18|0x0000000707e00000, 0x0000000707e00000, 0x0000000708000000|  0%| F|  |TAMS 0x0000000707e00000, 0x0000000707e00000| Untracked 
|  19|0x0000000708000000, 0x0000000708000000, 0x0000000708200000|  0%| F|  |TAMS 0x0000000708000000, 0x0000000708000000| Untracked 
|  20|0x0000000708200000, 0x0000000708200000, 0x0000000708400000|  0%| F|  |TAMS 0x0000000708200000, 0x0000000708200000| Untracked 
|  21|0x0000000708400000, 0x0000000708400000, 0x0000000708600000|  0%| F|  |TAMS 0x0000000708400000, 0x0000000708400000| Untracked 
|  22|0x0000000708600000, 0x0000000708600000, 0x0000000708800000|  0%| F|  |TAMS 0x0000000708600000, 0x0000000708600000| Untracked 
|  23|0x0000000708800000, 0x0000000708800000, 0x0000000708a00000|  0%| F|  |TAMS 0x0000000708800000, 0x0000000708800000| Untracked 
|  24|0x0000000708a00000, 0x0000000708a00000, 0x0000000708c00000|  0%| F|  |TAMS 0x0000000708a00000, 0x0000000708a00000| Untracked 
|  25|0x0000000708c00000, 0x0000000708c00000, 0x0000000708e00000|  0%| F|  |TAMS 0x0000000708c00000, 0x0000000708c00000| Untracked 
|  26|0x0000000708e00000, 0x0000000708e00000, 0x0000000709000000|  0%| F|  |TAMS 0x0000000708e00000, 0x0000000708e00000| Untracked 
|  27|0x0000000709000000, 0x0000000709000000, 0x0000000709200000|  0%| F|  |TAMS 0x0000000709000000, 0x0000000709000000| Untracked 
|  28|0x0000000709200000, 0x0000000709200000, 0x0000000709400000|  0%| F|  |TAMS 0x0000000709200000, 0x0000000709200000| Untracked 
|  29|0x0000000709400000, 0x0000000709400000, 0x0000000709600000|  0%| F|  |TAMS 0x0000000709400000, 0x0000000709400000| Untracked 
|  30|0x0000000709600000, 0x0000000709600000, 0x0000000709800000|  0%| F|  |TAMS 0x0000000709600000, 0x0000000709600000| Untracked 
|  31|0x0000000709800000, 0x0000000709800000, 0x0000000709a00000|  0%| F|  |TAMS 0x0000000709800000, 0x0000000709800000| Untracked 
|  32|0x0000000709a00000, 0x0000000709a00000, 0x0000000709c00000|  0%| F|  |TAMS 0x0000000709a00000, 0x0000000709a00000| Untracked 
|  33|0x0000000709c00000, 0x0000000709c00000, 0x0000000709e00000|  0%| F|  |TAMS 0x0000000709c00000, 0x0000000709c00000| Untracked 
|  34|0x0000000709e00000, 0x0000000709e00000, 0x000000070a000000|  0%| F|  |TAMS 0x0000000709e00000, 0x0000000709e00000| Untracked 
|  35|0x000000070a000000, 0x000000070a000000, 0x000000070a200000|  0%| F|  |TAMS 0x000000070a000000, 0x000000070a000000| Untracked 
|  36|0x000000070a200000, 0x000000070a200000, 0x000000070a400000|  0%| F|  |TAMS 0x000000070a200000, 0x000000070a200000| Untracked 
|  37|0x000000070a400000, 0x000000070a400000, 0x000000070a600000|  0%| F|  |TAMS 0x000000070a400000, 0x000000070a400000| Untracked 
|  38|0x000000070a600000, 0x000000070a600000, 0x000000070a800000|  0%| F|  |TAMS 0x000000070a600000, 0x000000070a600000| Untracked 
|  39|0x000000070a800000, 0x000000070a800000, 0x000000070aa00000|  0%| F|  |TAMS 0x000000070a800000, 0x000000070a800000| Untracked 
|  40|0x000000070aa00000, 0x000000070aa00000, 0x000000070ac00000|  0%| F|  |TAMS 0x000000070aa00000, 0x000000070aa00000| Untracked 
|  41|0x000000070ac00000, 0x000000070ac00000, 0x000000070ae00000|  0%| F|  |TAMS 0x000000070ac00000, 0x000000070ac00000| Untracked 
|  42|0x000000070ae00000, 0x000000070ae00000, 0x000000070b000000|  0%| F|  |TAMS 0x000000070ae00000, 0x000000070ae00000| Untracked 
|  43|0x000000070b000000, 0x000000070b000000, 0x000000070b200000|  0%| F|  |TAMS 0x000000070b000000, 0x000000070b000000| Untracked 
|  44|0x000000070b200000, 0x000000070b200000, 0x000000070b400000|  0%| F|  |TAMS 0x000000070b200000, 0x000000070b200000| Untracked 
|  45|0x000000070b400000, 0x000000070b400000, 0x000000070b600000|  0%| F|  |TAMS 0x000000070b400000, 0x000000070b400000| Untracked 
|  46|0x000000070b600000, 0x000000070b600000, 0x000000070b800000|  0%| F|  |TAMS 0x000000070b600000, 0x000000070b600000| Untracked 
|  47|0x000000070b800000, 0x000000070b800000, 0x000000070ba00000|  0%| F|  |TAMS 0x000000070b800000, 0x000000070b800000| Untracked 
|  48|0x000000070ba00000, 0x000000070ba00000, 0x000000070bc00000|  0%| F|  |TAMS 0x000000070ba00000, 0x000000070ba00000| Untracked 
|  49|0x000000070bc00000, 0x000000070bc00000, 0x000000070be00000|  0%| F|  |TAMS 0x000000070bc00000, 0x000000070bc00000| Untracked 
|  50|0x000000070be00000, 0x000000070be00000, 0x000000070c000000|  0%| F|  |TAMS 0x000000070be00000, 0x000000070be00000| Untracked 
|  51|0x000000070c000000, 0x000000070c000000, 0x000000070c200000|  0%| F|  |TAMS 0x000000070c000000, 0x000000070c000000| Untracked 
|  52|0x000000070c200000, 0x000000070c200000, 0x000000070c400000|  0%| F|  |TAMS 0x000000070c200000, 0x000000070c200000| Untracked 
|  53|0x000000070c400000, 0x000000070c400000, 0x000000070c600000|  0%| F|  |TAMS 0x000000070c400000, 0x000000070c400000| Untracked 
|  54|0x000000070c600000, 0x000000070c600000, 0x000000070c800000|  0%| F|  |TAMS 0x000000070c600000, 0x000000070c600000| Untracked 
|  55|0x000000070c800000, 0x000000070c800000, 0x000000070ca00000|  0%| F|  |TAMS 0x000000070c800000, 0x000000070c800000| Untracked 
|  56|0x000000070ca00000, 0x000000070ca00000, 0x000000070cc00000|  0%| F|  |TAMS 0x000000070ca00000, 0x000000070ca00000| Untracked 
|  57|0x000000070cc00000, 0x000000070cc00000, 0x000000070ce00000|  0%| F|  |TAMS 0x000000070cc00000, 0x000000070cc00000| Untracked 
|  58|0x000000070ce00000, 0x000000070ce00000, 0x000000070d000000|  0%| F|  |TAMS 0x000000070ce00000, 0x000000070ce00000| Untracked 
|  59|0x000000070d000000, 0x000000070d000000, 0x000000070d200000|  0%| F|  |TAMS 0x000000070d000000, 0x000000070d000000| Untracked 
|  60|0x000000070d200000, 0x000000070d200000, 0x000000070d400000|  0%| F|  |TAMS 0x000000070d200000, 0x000000070d200000| Untracked 
|  61|0x000000070d400000, 0x000000070d400000, 0x000000070d600000|  0%| F|  |TAMS 0x000000070d400000, 0x000000070d400000| Untracked 
|  62|0x000000070d600000, 0x000000070d600000, 0x000000070d800000|  0%| F|  |TAMS 0x000000070d600000, 0x000000070d600000| Untracked 
|  63|0x000000070d800000, 0x000000070d800000, 0x000000070da00000|  0%| F|  |TAMS 0x000000070d800000, 0x000000070d800000| Untracked 
|  64|0x000000070da00000, 0x000000070da00000, 0x000000070dc00000|  0%| F|  |TAMS 0x000000070da00000, 0x000000070da00000| Untracked 
|  65|0x000000070dc00000, 0x000000070dc00000, 0x000000070de00000|  0%| F|  |TAMS 0x000000070dc00000, 0x000000070dc00000| Untracked 
|  66|0x000000070de00000, 0x000000070de00000, 0x000000070e000000|  0%| F|  |TAMS 0x000000070de00000, 0x000000070de00000| Untracked 
|  67|0x000000070e000000, 0x000000070e000000, 0x000000070e200000|  0%| F|  |TAMS 0x000000070e000000, 0x000000070e000000| Untracked 
|  68|0x000000070e200000, 0x000000070e200000, 0x000000070e400000|  0%| F|  |TAMS 0x000000070e200000, 0x000000070e200000| Untracked 
|  69|0x000000070e400000, 0x000000070e400000, 0x000000070e600000|  0%| F|  |TAMS 0x000000070e400000, 0x000000070e400000| Untracked 
|  70|0x000000070e600000, 0x000000070e600000, 0x000000070e800000|  0%| F|  |TAMS 0x000000070e600000, 0x000000070e600000| Untracked 
|  71|0x000000070e800000, 0x000000070e800000, 0x000000070ea00000|  0%| F|  |TAMS 0x000000070e800000, 0x000000070e800000| Untracked 
|  72|0x000000070ea00000, 0x000000070ea00000, 0x000000070ec00000|  0%| F|  |TAMS 0x000000070ea00000, 0x000000070ea00000| Untracked 
|  73|0x000000070ec00000, 0x000000070ec00000, 0x000000070ee00000|  0%| F|  |TAMS 0x000000070ec00000, 0x000000070ec00000| Untracked 
|  74|0x000000070ee00000, 0x000000070ee00000, 0x000000070f000000|  0%| F|  |TAMS 0x000000070ee00000, 0x000000070ee00000| Untracked 
|  75|0x000000070f000000, 0x000000070f000000, 0x000000070f200000|  0%| F|  |TAMS 0x000000070f000000, 0x000000070f000000| Untracked 
|  76|0x000000070f200000, 0x000000070f200000, 0x000000070f400000|  0%| F|  |TAMS 0x000000070f200000, 0x000000070f200000| Untracked 
|  77|0x000000070f400000, 0x000000070f400000, 0x000000070f600000|  0%| F|  |TAMS 0x000000070f400000, 0x000000070f400000| Untracked 
|  78|0x000000070f600000, 0x000000070f600000, 0x000000070f800000|  0%| F|  |TAMS 0x000000070f600000, 0x000000070f600000| Untracked 
|  79|0x000000070f800000, 0x000000070f800000, 0x000000070fa00000|  0%| F|  |TAMS 0x000000070f800000, 0x000000070f800000| Untracked 
|  80|0x000000070fa00000, 0x000000070fa00000, 0x000000070fc00000|  0%| F|  |TAMS 0x000000070fa00000, 0x000000070fa00000| Untracked 
|  81|0x000000070fc00000, 0x000000070fc00000, 0x000000070fe00000|  0%| F|  |TAMS 0x000000070fc00000, 0x000000070fc00000| Untracked 
|  82|0x000000070fe00000, 0x000000070fe00000, 0x0000000710000000|  0%| F|  |TAMS 0x000000070fe00000, 0x000000070fe00000| Untracked 
|  83|0x0000000710000000, 0x0000000710000000, 0x0000000710200000|  0%| F|  |TAMS 0x0000000710000000, 0x0000000710000000| Untracked 
|  84|0x0000000710200000, 0x0000000710200000, 0x0000000710400000|  0%| F|  |TAMS 0x0000000710200000, 0x0000000710200000| Untracked 
|  85|0x0000000710400000, 0x0000000710400000, 0x0000000710600000|  0%| F|  |TAMS 0x0000000710400000, 0x0000000710400000| Untracked 
|  86|0x0000000710600000, 0x0000000710600000, 0x0000000710800000|  0%| F|  |TAMS 0x0000000710600000, 0x0000000710600000| Untracked 
|  87|0x0000000710800000, 0x0000000710800000, 0x0000000710a00000|  0%| F|  |TAMS 0x0000000710800000, 0x0000000710800000| Untracked 
|  88|0x0000000710a00000, 0x0000000710a00000, 0x0000000710c00000|  0%| F|  |TAMS 0x0000000710a00000, 0x0000000710a00000| Untracked 
|  89|0x0000000710c00000, 0x0000000710c00000, 0x0000000710e00000|  0%| F|  |TAMS 0x0000000710c00000, 0x0000000710c00000| Untracked 
|  90|0x0000000710e00000, 0x0000000710e00000, 0x0000000711000000|  0%| F|  |TAMS 0x0000000710e00000, 0x0000000710e00000| Untracked 
|  91|0x0000000711000000, 0x0000000711000000, 0x0000000711200000|  0%| F|  |TAMS 0x0000000711000000, 0x0000000711000000| Untracked 
|  92|0x0000000711200000, 0x0000000711200000, 0x0000000711400000|  0%| F|  |TAMS 0x0000000711200000, 0x0000000711200000| Untracked 
|  93|0x0000000711400000, 0x0000000711400000, 0x0000000711600000|  0%| F|  |TAMS 0x0000000711400000, 0x0000000711400000| Untracked 
|  94|0x0000000711600000, 0x0000000711600000, 0x0000000711800000|  0%| F|  |TAMS 0x0000000711600000, 0x0000000711600000| Untracked 
|  95|0x0000000711800000, 0x0000000711800000, 0x0000000711a00000|  0%| F|  |TAMS 0x0000000711800000, 0x0000000711800000| Untracked 
|  96|0x0000000711a00000, 0x0000000711a00000, 0x0000000711c00000|  0%| F|  |TAMS 0x0000000711a00000, 0x0000000711a00000| Untracked 
|  97|0x0000000711c00000, 0x0000000711c00000, 0x0000000711e00000|  0%| F|  |TAMS 0x0000000711c00000, 0x0000000711c00000| Untracked 
|  98|0x0000000711e00000, 0x0000000711e00000, 0x0000000712000000|  0%| F|  |TAMS 0x0000000711e00000, 0x0000000711e00000| Untracked 
|  99|0x0000000712000000, 0x0000000712000000, 0x0000000712200000|  0%| F|  |TAMS 0x0000000712000000, 0x0000000712000000| Untracked 
| 100|0x0000000712200000, 0x0000000712200000, 0x0000000712400000|  0%| F|  |TAMS 0x0000000712200000, 0x0000000712200000| Untracked 
| 101|0x0000000712400000, 0x0000000712400000, 0x0000000712600000|  0%| F|  |TAMS 0x0000000712400000, 0x0000000712400000| Untracked 
| 102|0x0000000712600000, 0x0000000712600000, 0x0000000712800000|  0%| F|  |TAMS 0x0000000712600000, 0x0000000712600000| Untracked 
| 103|0x0000000712800000, 0x0000000712800000, 0x0000000712a00000|  0%| F|  |TAMS 0x0000000712800000, 0x0000000712800000| Untracked 
| 104|0x0000000712a00000, 0x0000000712a00000, 0x0000000712c00000|  0%| F|  |TAMS 0x0000000712a00000, 0x0000000712a00000| Untracked 
| 105|0x0000000712c00000, 0x0000000712c00000, 0x0000000712e00000|  0%| F|  |TAMS 0x0000000712c00000, 0x0000000712c00000| Untracked 
| 106|0x0000000712e00000, 0x0000000712e00000, 0x0000000713000000|  0%| F|  |TAMS 0x0000000712e00000, 0x0000000712e00000| Untracked 
| 107|0x0000000713000000, 0x0000000713000000, 0x0000000713200000|  0%| F|  |TAMS 0x0000000713000000, 0x0000000713000000| Untracked 
| 108|0x0000000713200000, 0x0000000713200000, 0x0000000713400000|  0%| F|  |TAMS 0x0000000713200000, 0x0000000713200000| Untracked 
| 109|0x0000000713400000, 0x0000000713400000, 0x0000000713600000|  0%| F|  |TAMS 0x0000000713400000, 0x0000000713400000| Untracked 
| 110|0x0000000713600000, 0x0000000713600000, 0x0000000713800000|  0%| F|  |TAMS 0x0000000713600000, 0x0000000713600000| Untracked 
| 111|0x0000000713800000, 0x0000000713800000, 0x0000000713a00000|  0%| F|  |TAMS 0x0000000713800000, 0x0000000713800000| Untracked 
| 112|0x0000000713a00000, 0x0000000713a00000, 0x0000000713c00000|  0%| F|  |TAMS 0x0000000713a00000, 0x0000000713a00000| Untracked 
| 113|0x0000000713c00000, 0x0000000713c00000, 0x0000000713e00000|  0%| F|  |TAMS 0x0000000713c00000, 0x0000000713c00000| Untracked 
| 114|0x0000000713e00000, 0x0000000713e00000, 0x0000000714000000|  0%| F|  |TAMS 0x0000000713e00000, 0x0000000713e00000| Untracked 
| 115|0x0000000714000000, 0x0000000714000000, 0x0000000714200000|  0%| F|  |TAMS 0x0000000714000000, 0x0000000714000000| Untracked 
| 116|0x0000000714200000, 0x0000000714200000, 0x0000000714400000|  0%| F|  |TAMS 0x0000000714200000, 0x0000000714200000| Untracked 
| 117|0x0000000714400000, 0x0000000714400000, 0x0000000714600000|  0%| F|  |TAMS 0x0000000714400000, 0x0000000714400000| Untracked 
| 118|0x0000000714600000, 0x0000000714600000, 0x0000000714800000|  0%| F|  |TAMS 0x0000000714600000, 0x0000000714600000| Untracked 
| 119|0x0000000714800000, 0x0000000714800000, 0x0000000714a00000|  0%| F|  |TAMS 0x0000000714800000, 0x0000000714800000| Untracked 
| 120|0x0000000714a00000, 0x0000000714a00000, 0x0000000714c00000|  0%| F|  |TAMS 0x0000000714a00000, 0x0000000714a00000| Untracked 
| 121|0x0000000714c00000, 0x0000000714c00000, 0x0000000714e00000|  0%| F|  |TAMS 0x0000000714c00000, 0x0000000714c00000| Untracked 
| 122|0x0000000714e00000, 0x0000000714e00000, 0x0000000715000000|  0%| F|  |TAMS 0x0000000714e00000, 0x0000000714e00000| Untracked 
| 123|0x0000000715000000, 0x0000000715000000, 0x0000000715200000|  0%| F|  |TAMS 0x0000000715000000, 0x0000000715000000| Untracked 
| 124|0x0000000715200000, 0x0000000715200000, 0x0000000715400000|  0%| F|  |TAMS 0x0000000715200000, 0x0000000715200000| Untracked 
| 125|0x0000000715400000, 0x0000000715600000, 0x0000000715600000|100%| E|  |TAMS 0x0000000715400000, 0x0000000715400000| Complete 

Card table byte_map: [0x0000021597e30000,0x0000021598610000] _byte_map_base: 0x0000021594603000

Marking Bits (Prev, Next): (CMBitMap*) 0x0000021584c1f960, (CMBitMap*) 0x0000021584c1f9a0
 Prev Bits: [0x0000021598df0000, 0x000002159cc88000)
 Next Bits: [0x000002159cc90000, 0x00000215a0b28000)

Polling page: 0x0000021582b00000

Metaspace:

Usage:
  Non-class:      4.95 MB used.
      Class:    460.13 KB used.
       Both:      5.40 MB used.

Virtual space:
  Non-class space:        8.00 MB reserved,       5.00 MB ( 62%) committed,  1 nodes.
      Class space:        1.00 GB reserved,     512.00 KB ( <1%) committed,  1 nodes.
             Both:        1.01 GB reserved,       5.50 MB ( <1%) committed. 

Chunk freelists:
   Non-Class:  2.99 MB
       Class:  3.52 MB
        Both:  6.51 MB

MaxMetaspaceSize: unlimited
CompressedClassSpaceSize: 1.00 GB
Initial GC threshold: 21.00 MB
Current GC threshold: 21.00 MB
CDS: off
MetaspaceReclaimPolicy: balanced
 - commit_granule_bytes: 65536.
 - commit_granule_words: 8192.
 - virtual_space_node_default_size: 1048576.
 - enlarge_chunks_in_place: 1.
 - new_chunks_are_fully_committed: 0.
 - uncommit_free_chunks: 1.
 - use_allocation_guard: 0.
 - handle_deallocations: 1.


Internal statistics:

num_allocs_failed_limit: 0.
num_arena_births: 4.
num_arena_deaths: 0.
num_vsnodes_births: 2.
num_vsnodes_deaths: 0.
num_space_committed: 88.
num_space_uncommitted: 0.
num_chunks_returned_to_freelist: 0.
num_chunks_taken_from_freelist: 12.
num_chunk_merges: 0.
num_chunk_splits: 4.
num_chunks_enlarged: 1.
num_purges: 0.
num_inconsistent_stats: 0.

CodeHeap 'non-profiled nmethods': size=120000Kb used=47Kb max_used=47Kb free=119952Kb
 bounds [0x000002158fde0000, 0x0000021590050000, 0x0000021597310000]
CodeHeap 'profiled nmethods': size=120000Kb used=218Kb max_used=218Kb free=119781Kb
 bounds [0x00000215888b0000, 0x0000021588b20000, 0x000002158fde0000]
CodeHeap 'non-nmethods': size=5760Kb used=1088Kb max_used=1106Kb free=4672Kb
 bounds [0x0000021588310000, 0x0000021588580000, 0x00000215888b0000]
 total_blobs=485 nmethods=141 adapters=257
 compilation: enabled
              stopped_count=0, restarted_count=0
 full_count=0

Compilation events (20 events):
Event: 0.202 Thread 0x00000215a40a66c0 nmethod 115 0x00000215888e3710 code [0x00000215888e3980, 0x00000215888e4298]
Event: 0.202 Thread 0x00000215a40a66c0  116       3       java.lang.StringLatin1::newString (24 bytes)
Event: 0.203 Thread 0x00000215a40a66c0 nmethod 116 0x00000215888e4610 code [0x00000215888e47e0, 0x00000215888e4b08]
Event: 0.203 Thread 0x00000215a40a66c0  125       1       java.util.HashMap$Node::getKey (5 bytes)
Event: 0.203 Thread 0x00000215a40a66c0 nmethod 125 0x000002158fde6190 code [0x000002158fde6320, 0x000002158fde63f8]
Event: 0.203 Thread 0x00000215a40a66c0  126       1       java.util.HashMap$Node::getValue (5 bytes)
Event: 0.203 Thread 0x00000215a40a66c0 nmethod 126 0x000002158fde6490 code [0x000002158fde6620, 0x000002158fde66f8]
Event: 0.220 Thread 0x00000215a40a66c0  130       1       java.lang.Enum::ordinal (5 bytes)
Event: 0.220 Thread 0x00000215a40a66c0 nmethod 130 0x000002158fde7390 code [0x000002158fde7520, 0x000002158fde75f8]
Event: 0.220 Thread 0x00000215a40a66c0  131       3       java.lang.String::checkBoundsBeginEnd (63 bytes)
Event: 0.221 Thread 0x00000215a40a66c0 nmethod 131 0x00000215888e4c10 code [0x00000215888e4ea0, 0x00000215888e5798]
Event: 0.221 Thread 0x00000215a40a66c0  133       1       java.lang.Class::getClassLoader0 (5 bytes)
Event: 0.221 Thread 0x00000215a40a66c0 nmethod 133 0x000002158fde7a90 code [0x000002158fde7c20, 0x000002158fde7cf8]
Event: 0.225 Thread 0x00000215a40a6010 nmethod 111% 0x000002158fde8690 code [0x000002158fde8860, 0x000002158fdea358]
Event: 0.225 Thread 0x00000215a40a6010  136       4       java.util.concurrent.ConcurrentHashMap::spread (10 bytes)
Event: 0.225 Thread 0x00000215a40a6010 nmethod 136 0x000002158fdeb190 code [0x000002158fdeb300, 0x000002158fdeb378]
Event: 0.225 Thread 0x00000215a40a6010  124       4       java.lang.CharacterDataLatin1::getProperties (11 bytes)
Event: 0.225 Thread 0x00000215a40a66c0  139       3       java.util.concurrent.ConcurrentHashMap::get (162 bytes)
Event: 0.225 Thread 0x00000215a40a6010 nmethod 124 0x000002158fdeb790 code [0x000002158fdeb900, 0x000002158fdeb998]
Event: 0.226 Thread 0x00000215a40a66c0 nmethod 139 0x00000215888e5b10 code [0x00000215888e5d60, 0x00000215888e6868]

GC Heap History (0 events):
No events

Deoptimization events (20 events):
Event: 0.174 Thread 0x0000021584bb3780 DEOPT PACKING pc=0x00000215888c980c sp=0x0000009019dfa680
Event: 0.174 Thread 0x0000021584bb3780 DEOPT UNPACKING pc=0x0000021588366763 sp=0x0000009019df9b10 mode 0
Event: 0.174 Thread 0x0000021584bb3780 DEOPT PACKING pc=0x00000215888c980c sp=0x0000009019dfa680
Event: 0.174 Thread 0x0000021584bb3780 DEOPT UNPACKING pc=0x0000021588366763 sp=0x0000009019df9b10 mode 0
Event: 0.174 Thread 0x0000021584bb3780 DEOPT PACKING pc=0x00000215888c980c sp=0x0000009019dfa680
Event: 0.174 Thread 0x0000021584bb3780 DEOPT UNPACKING pc=0x0000021588366763 sp=0x0000009019df9b10 mode 0
Event: 0.174 Thread 0x0000021584bb3780 DEOPT PACKING pc=0x00000215888c980c sp=0x0000009019dfa680
Event: 0.174 Thread 0x0000021584bb3780 DEOPT UNPACKING pc=0x0000021588366763 sp=0x0000009019df9b10 mode 0
Event: 0.174 Thread 0x0000021584bb3780 DEOPT PACKING pc=0x00000215888c980c sp=0x0000009019dfa680
Event: 0.174 Thread 0x0000021584bb3780 DEOPT UNPACKING pc=0x0000021588366763 sp=0x0000009019df9b10 mode 0
Event: 0.174 Thread 0x0000021584bb3780 DEOPT PACKING pc=0x00000215888c980c sp=0x0000009019dfa680
Event: 0.174 Thread 0x0000021584bb3780 DEOPT UNPACKING pc=0x0000021588366763 sp=0x0000009019df9b10 mode 0
Event: 0.174 Thread 0x0000021584bb3780 DEOPT PACKING pc=0x00000215888c980c sp=0x0000009019dfa680
Event: 0.174 Thread 0x0000021584bb3780 DEOPT UNPACKING pc=0x0000021588366763 sp=0x0000009019df9b10 mode 0
Event: 0.174 Thread 0x0000021584bb3780 DEOPT PACKING pc=0x00000215888c980c sp=0x0000009019dfa680
Event: 0.174 Thread 0x0000021584bb3780 DEOPT UNPACKING pc=0x0000021588366763 sp=0x0000009019df9b10 mode 0
Event: 0.174 Thread 0x0000021584bb3780 DEOPT PACKING pc=0x00000215888c980c sp=0x0000009019dfa680
Event: 0.174 Thread 0x0000021584bb3780 DEOPT UNPACKING pc=0x0000021588366763 sp=0x0000009019df9b10 mode 0
Event: 0.175 Thread 0x0000021584bb3780 DEOPT PACKING pc=0x00000215888c980c sp=0x0000009019dfa680
Event: 0.175 Thread 0x0000021584bb3780 DEOPT UNPACKING pc=0x0000021588366763 sp=0x0000009019df9b10 mode 0

Classes unloaded (0 events):
No events

Classes redefined (0 events):
No events

Internal exceptions (0 events):
No events

VM Operations (4 events):
Event: 0.197 Executing VM operation: HandshakeAllThreads
Event: 0.197 Executing VM operation: HandshakeAllThreads done
Event: 0.197 Executing VM operation: HandshakeAllThreads
Event: 0.197 Executing VM operation: HandshakeAllThreads done

Events (20 events):
Event: 0.223 loading class sun/invoke/util/VerifyType done
Event: 0.223 loading class sun/invoke/empty/Empty
Event: 0.223 loading class sun/invoke/empty/Empty done
Event: 0.223 loading class java/lang/invoke/DirectMethodHandle$2
Event: 0.223 loading class java/lang/invoke/DirectMethodHandle$2 done
Event: 0.223 loading class java/lang/invoke/LambdaFormEditor
Event: 0.224 loading class java/lang/invoke/LambdaFormEditor done
Event: 0.224 loading class java/lang/invoke/LambdaFormEditor$TransformKey
Event: 0.224 loading class java/lang/invoke/LambdaFormEditor$TransformKey done
Event: 0.224 loading class java/lang/invoke/LambdaFormBuffer
Event: 0.224 loading class java/lang/invoke/LambdaFormBuffer done
Event: 0.225 loading class java/lang/invoke/BoundMethodHandle$Species_LL
Event: 0.225 loading class java/lang/invoke/BoundMethodHandle$Species_LL done
Event: 0.225 loading class java/lang/invoke/LambdaFormEditor$Transform
Event: 0.225 loading class java/lang/invoke/LambdaFormEditor$Transform done
Event: 0.225 loading class jdk/internal/org/objectweb/asm/ClassWriter
Event: 0.227 loading class jdk/internal/org/objectweb/asm/ClassVisitor
Event: 0.228 loading class jdk/internal/org/objectweb/asm/ClassVisitor done
Event: 0.228 loading class jdk/internal/org/objectweb/asm/ClassWriter done
Event: 0.228 loading class jdk/internal/org/objectweb/asm/SymbolTable


Dynamic libraries:
0x00007ff6533b0000 - 0x00007ff6533ba000 	C:\Users\emathias\AppData\Local\JetBrains\Toolbox\apps\PyCharm-P\ch-0\222.4345.23\jbr\bin\java.exe
0x00007ffd7cb20000 - 0x00007ffd7cd29000 	C:\windows\SYSTEM32\ntdll.dll
0x00007ffd7baf0000 - 0x00007ffd7bbae000 	C:\windows\System32\KERNEL32.DLL
0x00007ffd7a160000 - 0x00007ffd7a4db000 	C:\windows\System32\KERNELBASE.dll
0x00007ffd7a880000 - 0x00007ffd7a991000 	C:\windows\System32\ucrtbase.dll
0x00007ffd548a0000 - 0x00007ffd548bb000 	C:\Users\emathias\AppData\Local\JetBrains\Toolbox\apps\PyCharm-P\ch-0\222.4345.23\jbr\bin\VCRUNTIME140.dll
0x00007ffd59b70000 - 0x00007ffd59b87000 	C:\Users\emathias\AppData\Local\JetBrains\Toolbox\apps\PyCharm-P\ch-0\222.4345.23\jbr\bin\jli.dll
0x00007ffd7c840000 - 0x00007ffd7c9ed000 	C:\windows\System32\USER32.dll
0x00007ffd5be40000 - 0x00007ffd5c0e5000 	C:\windows\WinSxS\amd64_microsoft.windows.common-controls_6595b64144ccf1df_6.0.22000.120_none_9d947278b86cc467\COMCTL32.dll
0x00007ffd7b6e0000 - 0x00007ffd7b783000 	C:\windows\System32\msvcrt.dll
0x00007ffd7a6a0000 - 0x00007ffd7a6c6000 	C:\windows\System32\win32u.dll
0x00007ffd7c6f0000 - 0x00007ffd7c719000 	C:\windows\System32\GDI32.dll
0x00007ffd7a4e0000 - 0x00007ffd7a5f8000 	C:\windows\System32\gdi32full.dll
0x00007ffd7a600000 - 0x00007ffd7a69d000 	C:\windows\System32\msvcp_win.dll
0x00007ffd7caa0000 - 0x00007ffd7cad2000 	C:\windows\System32\IMM32.DLL
0x00007ffd76cd0000 - 0x00007ffd76cdc000 	C:\Users\emathias\AppData\Local\JetBrains\Toolbox\apps\PyCharm-P\ch-0\222.4345.23\jbr\bin\vcruntime140_1.dll
0x00007ffd35d50000 - 0x00007ffd35ddd000 	C:\Users\emathias\AppData\Local\JetBrains\Toolbox\apps\PyCharm-P\ch-0\222.4345.23\jbr\bin\msvcp140.dll
0x00007ffd299d0000 - 0x00007ffd2a639000 	C:\Users\emathias\AppData\Local\JetBrains\Toolbox\apps\PyCharm-P\ch-0\222.4345.23\jbr\bin\server\jvm.dll
0x00007ffd7b020000 - 0x00007ffd7b0ce000 	C:\windows\System32\ADVAPI32.dll
0x00007ffd7ca00000 - 0x00007ffd7ca9e000 	C:\windows\System32\sechost.dll
0x00007ffd7b790000 - 0x00007ffd7b8b0000 	C:\windows\System32\RPCRT4.dll
0x00007ffd7b0d0000 - 0x00007ffd7b0d8000 	C:\windows\System32\PSAPI.DLL
0x00007ffd540a0000 - 0x00007ffd540a9000 	C:\windows\SYSTEM32\WSOCK32.dll
0x00007ffd717f0000 - 0x00007ffd71823000 	C:\windows\SYSTEM32\WINMM.dll
0x00007ffd7ab40000 - 0x00007ffd7abaf000 	C:\windows\System32\WS2_32.dll
0x00007ffd6f370000 - 0x00007ffd6f37a000 	C:\windows\SYSTEM32\VERSION.dll
0x00007ffd79030000 - 0x00007ffd79048000 	C:\windows\SYSTEM32\kernel.appcore.dll
0x00007ffd76cb0000 - 0x00007ffd76cba000 	C:\Users\emathias\AppData\Local\JetBrains\Toolbox\apps\PyCharm-P\ch-0\222.4345.23\jbr\bin\jimage.dll
0x00007ffd77aa0000 - 0x00007ffd77cc1000 	C:\windows\SYSTEM32\DBGHELP.DLL
0x00007ffd61570000 - 0x00007ffd615a1000 	C:\windows\SYSTEM32\dbgcore.DLL
0x00007ffd7a790000 - 0x00007ffd7a80f000 	C:\windows\System32\bcryptPrimitives.dll
0x00007ffd2b410000 - 0x00007ffd2b435000 	C:\Users\emathias\AppData\Local\JetBrains\Toolbox\apps\PyCharm-P\ch-0\222.4345.23\jbr\bin\java.dll
0x00007ffd2b3f0000 - 0x00007ffd2b408000 	C:\Users\emathias\AppData\Local\JetBrains\Toolbox\apps\PyCharm-P\ch-0\222.4345.23\jbr\bin\zip.dll
0x00007ffd7bd80000 - 0x00007ffd7c538000 	C:\windows\System32\SHELL32.dll
0x00007ffd781c0000 - 0x00007ffd78a25000 	C:\windows\SYSTEM32\windows.storage.dll
0x00007ffd7b250000 - 0x00007ffd7b5c8000 	C:\windows\System32\combase.dll
0x00007ffd78050000 - 0x00007ffd781b6000 	C:\windows\SYSTEM32\wintypes.dll
0x00007ffd7b160000 - 0x00007ffd7b24a000 	C:\windows\System32\SHCORE.dll
0x00007ffd7b100000 - 0x00007ffd7b15d000 	C:\windows\System32\shlwapi.dll
0x00007ffd79f20000 - 0x00007ffd79f41000 	C:\windows\SYSTEM32\profapi.dll
0x00007ffd2b3d0000 - 0x00007ffd2b3e9000 	C:\Users\emathias\AppData\Local\JetBrains\Toolbox\apps\PyCharm-P\ch-0\222.4345.23\jbr\bin\net.dll
0x00007ffd728d0000 - 0x00007ffd729e4000 	C:\windows\SYSTEM32\WINHTTP.dll
0x00007ffd794c0000 - 0x00007ffd79527000 	C:\windows\system32\mswsock.dll
0x00007ffd2b3b0000 - 0x00007ffd2b3c6000 	C:\Users\emathias\AppData\Local\JetBrains\Toolbox\apps\PyCharm-P\ch-0\222.4345.23\jbr\bin\nio.dll

dbghelp: loaded successfully - version: 4.0.5 - missing functions: none
symbol engine: initialized successfully - sym options: 0x614 - pdb path: .;C:\Users\emathias\AppData\Local\JetBrains\Toolbox\apps\PyCharm-P\ch-0\222.4345.23\jbr\bin;C:\windows\SYSTEM32;C:\windows\WinSxS\amd64_microsoft.windows.common-controls_6595b64144ccf1df_6.0.22000.120_none_9d947278b86cc467;C:\Users\emathias\AppData\Local\JetBrains\Toolbox\apps\PyCharm-P\ch-0\222.4345.23\jbr\bin\server

VM Arguments:
java_command: externalApp.nativessh.NativeSshAskPassApp emathias@192.168.50.145's password: 
java_class_path (initial): C:/Users/emathias/AppData/Local/JetBrains/Toolbox/apps/PyCharm-P/ch-0/222.4345.23/lib/externalProcess-rt.jar;C:/Users/emathias/AppData/Local/JetBrains/Toolbox/apps/PyCharm-P/ch-0/222.4345.23/lib/app.jar;C:/Users/emathias/AppData/Local/JetBrains/Toolbox/apps/PyCharm-P/ch-0/222.4345.23/lib/3rd-party-rt.jar
Launcher Type: SUN_STANDARD

[Global flags]
     intx CICompilerCount                          = 4                                         {product} {ergonomic}
     uint ConcGCThreads                            = 2                                         {product} {ergonomic}
     uint G1ConcRefinementThreads                  = 8                                         {product} {ergonomic}
   size_t G1HeapRegionSize                         = 2097152                                   {product} {ergonomic}
    uintx GCDrainStackTargetSize                   = 64                                        {product} {ergonomic}
   size_t InitialHeapSize                          = 264241152                                 {product} {ergonomic}
   size_t MarkStackSize                            = 4194304                                   {product} {ergonomic}
   size_t MaxHeapSize                              = 4200595456                                {product} {ergonomic}
   size_t MaxNewSize                               = 2518679552                                {product} {ergonomic}
   size_t MinHeapDeltaBytes                        = 2097152                                   {product} {ergonomic}
   size_t MinHeapSize                              = 8388608                                   {product} {ergonomic}
    uintx NonNMethodCodeHeapSize                   = 5839372                                {pd product} {ergonomic}
    uintx NonProfiledCodeHeapSize                  = 122909434                              {pd product} {ergonomic}
    uintx ProfiledCodeHeapSize                     = 122909434                              {pd product} {ergonomic}
    uintx ReservedCodeCacheSize                    = 251658240                              {pd product} {ergonomic}
     bool SegmentedCodeCache                       = true                                      {product} {ergonomic}
   size_t SoftMaxHeapSize                          = 4200595456                             {manageable} {ergonomic}
     bool UseCompressedClassPointers               = true                           {product lp64_product} {ergonomic}
     bool UseCompressedOops                        = true                           {product lp64_product} {ergonomic}
     bool UseG1GC                                  = true                                      {product} {ergonomic}
     bool UseLargePagesIndividualAllocation        = false                                  {pd product} {ergonomic}

Logging:
Log output configuration:
 #0: stdout all=warning uptime,level,tags
 #1: stderr all=off uptime,level,tags

Environment Variables:
PATH=C:\Program Files\Git\mingw64\libexec\git-core;C:\Program Files\Git\mingw64\bin;C:\Program Files\Git\usr\bin;C:\Users\emathias\bin;D:\ADICT\Developments\iLMS\ILMS-PROJECT\OLAMS\olams-auth-server\venv\Scripts;C:\Program Files\Common Files\Oracle\Java\javapath;C:\Program Files (x86)\Common Files\Oracle\Java\javapath;C:\windows\system32;C:\windows;C:\windows\System32\Wbem;C:\windows\System32\WindowsPowerShell\v1.0;C:\windows\System32\OpenSSH;C:\Program Files\nodejs;C:\Program Files\Git\cmd;C:\Program Files\dotnet;C:\Program Files (x86)\dotnet;C:\xampp\php;C:\instantclient_12_2;C:\Program Files (x86)\Microsoft SQL Server\150\DTS\Binn;C:\Program Files\Azure Data Studio\bin;C:\ProgramData\ComposerSetup\bin;C:\Program Files (x86)\Bitvise SSH Client;C:\Users\emathias\AppData\Local\Programs\Python\Python310\Scripts;C:\Users\emathias\AppData\Local\Programs\Python\Python310;C:\Users\emathias\AppData\Local\Microsoft\WindowsApps;C:\Users\emathias\AppData\Local\JetBrains\Toolbox\scripts
USERNAME=emathias
DISPLAY=:0.0
LC_ALL=en_US.UTF-8
TERM=cygwin
TMPDIR=C:\Users\emathias\AppData\Local\Temp
OS=Windows_NT
PROCESSOR_IDENTIFIER=Intel64 Family 6 Model 140 Stepping 1, GenuineIntel
TMP=C:\Users\emathias\AppData\Local\Temp
TEMP=C:\Users\emathias\AppData\Local\Temp



---------------  S Y S T E M  ---------------

OS:
 Windows 11 , 64 bit Build 22000 (10.0.22000.1219)
OS uptime: 4 days 13:50 hours
Hyper-V role detected

CPU: total 8 (initial active 8) (4 cores per cpu, 2 threads per core) family 6 model 140 stepping 1 microcode 0x8a, cx8, cmov, fxsr, ht, mmx, 3dnowpref, sse, sse2, sse3, ssse3, sse4.1, sse4.2, popcnt, lzcnt, tsc, tscinvbit, avx, avx2, aes, erms, clmul, bmi1, bmi2, adx, avx512f, avx512dq, avx512cd, avx512bw, avx512vl, sha, fma, vzeroupper, avx512_vpopcntdq, avx512_vpclmulqdq, avx512_vaes, avx512_vnni, clflush, clflushopt, clwb, avx512_vbmi2, avx512_vbmi, hv

Memory: 4k page, system-wide physical 16023M (671M free)
TotalPageFile size 49441M (AvailPageFile size 1M)
current process WorkingSet (physical memory assigned to process): 48M, peak: 48M
current process commit charge ("private bytes"): 336M, peak: 337M

vm_info: OpenJDK 64-Bit Server VM (17.0.4.1+7-b469.62) for windows-amd64 JRE (17.0.4.1+7-b469.62), built on 2022-09-22 by "builduser" with MS VC++ 16.10 / 16.11 (VS2019)

END.
