#
# There is insufficient memory for the Java Runtime Environment to continue.
# Native memory allocation (malloc) failed to allocate 213376 bytes for Chunk::new
# Possible reasons:
#   The system is out of physical RAM or swap space
#   The process is running with CompressedOops enabled, and the Java Heap may be blocking the growth of the native heap
# Possible solutions:
#   Reduce memory load on the system
#   Increase physical memory or swap space
#   Check if swap backing store is full
#   Decrease Java heap size (-Xmx/-Xms)
#   Decrease number of Java threads
#   Decrease Java thread stack sizes (-Xss)
#   Set larger code cache with -XX:ReservedCodeCacheSize=
#   JVM is running with Zero Based Compressed Oops mode in which the Java heap is
#     placed in the first 32GB address space. The Java Heap base address is the
#     maximum limit for the native heap growth. Please use -XX:HeapBaseMinAddress
#     to set the Java Heap base and to place the Java Heap above 32GB virtual address.
# This output file may be truncated or incomplete.
#
#  Out of Memory Error (arena.cpp:189), pid=34368, tid=37356
#
# JRE version: OpenJDK Runtime Environment JBR-17.0.4.1+7-469.62-jcef (17.0.4.1+7) (build 17.0.4.1+7-b469.62)
# Java VM: OpenJDK 64-Bit Server VM JBR-17.0.4.1+7-469.62-jcef (17.0.4.1+7-b469.62, mixed mode, tiered, compressed oops, compressed class ptrs, g1 gc, windows-amd64)
# No core dump will be written. Minidumps are not enabled by default on client versions of Windows
#

---------------  S U M M A R Y ------------

Command Line: externalApp.nativessh.NativeSshAskPassApp emathias@192.168.50.145's password: 

Host: 11th Gen Intel(R) Core(TM) i7-1165G7 @ 2.80GHz, 8 cores, 15G,  Windows 11 , 64 bit Build 22000 (10.0.22000.1219)
Time: Sat Dec 10 13:20:53 2022 E. Africa Standard Time elapsed time: 0.218718 seconds (0d 0h 0m 0s)

---------------  T H R E A D  ---------------

Current thread (0x0000024d08a92ed0):  JavaThread "C2 CompilerThread1" daemon [_thread_in_native, id=37356, stack(0x000000d94f500000,0x000000d94f600000)]


Current CompileTask:
C2:    218  156 %     4       java.util.zip.ZipFile$Source::initCEN @ 240 (591 bytes)

Stack: [0x000000d94f500000,0x000000d94f600000]
Native frames: (J=compiled Java code, j=interpreted, Vv=VM code, C=native code)
V  [jvm.dll+0x68356a]
V  [jvm.dll+0x83fab4]
V  [jvm.dll+0x84125e]
V  [jvm.dll+0x8418c3]
V  [jvm.dll+0x249735]
V  [jvm.dll+0xabd5c]
V  [jvm.dll+0xac32c]
V  [jvm.dll+0x2b096f]
V  [jvm.dll+0x589bb7]
V  [jvm.dll+0x223fe2]
V  [jvm.dll+0x2243bf]
V  [jvm.dll+0x21dc95]
V  [jvm.dll+0x21b15b]
V  [jvm.dll+0x1a4dfd]
V  [jvm.dll+0x22acd8]
V  [jvm.dll+0x228d89]
V  [jvm.dll+0x7f53ac]
V  [jvm.dll+0x7ef8da]
V  [jvm.dll+0x6823a5]
C  [ucrtbase.dll+0x26c0c]
C  [KERNEL32.DLL+0x15550]
C  [ntdll.dll+0x485b]


---------------  P R O C E S S  ---------------

Threads class SMR info:
_java_thread_list=0x0000024d08a3df10, length=13, elements={
0x0000024d68e54890, 0x0000024d0883e620, 0x0000024d0883f0e0, 0x0000024d08892670,
0x0000024d08892f30, 0x0000024d088937f0, 0x0000024d088940b0, 0x0000024d08894ca0,
0x0000024d08897660, 0x0000024d08899f70, 0x0000024d08a26080, 0x0000024d08a28560,
0x0000024d08a92ed0
}

Java Threads: ( => current thread )
  0x0000024d68e54890 JavaThread "main" [_thread_in_Java, id=36936, stack(0x000000d94e200000,0x000000d94e300000)]
  0x0000024d0883e620 JavaThread "Reference Handler" daemon [_thread_blocked, id=46108, stack(0x000000d94e900000,0x000000d94ea00000)]
  0x0000024d0883f0e0 JavaThread "Finalizer" daemon [_thread_blocked, id=21524, stack(0x000000d94ea00000,0x000000d94eb00000)]
  0x0000024d08892670 JavaThread "Signal Dispatcher" daemon [_thread_blocked, id=12276, stack(0x000000d94eb00000,0x000000d94ec00000)]
  0x0000024d08892f30 JavaThread "Attach Listener" daemon [_thread_blocked, id=22044, stack(0x000000d94ec00000,0x000000d94ed00000)]
  0x0000024d088937f0 JavaThread "Service Thread" daemon [_thread_blocked, id=34784, stack(0x000000d94ed00000,0x000000d94ee00000)]
  0x0000024d088940b0 JavaThread "Monitor Deflation Thread" daemon [_thread_blocked, id=45904, stack(0x000000d94ee00000,0x000000d94ef00000)]
  0x0000024d08894ca0 JavaThread "C2 CompilerThread0" daemon [_thread_blocked, id=14500, stack(0x000000d94ef00000,0x000000d94f000000)]
  0x0000024d08897660 JavaThread "C1 CompilerThread0" daemon [_thread_in_native, id=34732, stack(0x000000d94f000000,0x000000d94f100000)]
  0x0000024d08899f70 JavaThread "Sweeper thread" daemon [_thread_blocked, id=27880, stack(0x000000d94f100000,0x000000d94f200000)]
  0x0000024d08a26080 JavaThread "Notification Thread" daemon [_thread_blocked, id=13324, stack(0x000000d94f200000,0x000000d94f300000)]
  0x0000024d08a28560 JavaThread "Common-Cleaner" daemon [_thread_blocked, id=43828, stack(0x000000d94f400000,0x000000d94f500000)]
=>0x0000024d08a92ed0 JavaThread "C2 CompilerThread1" daemon [_thread_in_native, id=37356, stack(0x000000d94f500000,0x000000d94f600000)]

Other Threads:
  0x0000024d7faf48f0 VMThread "VM Thread" [stack: 0x000000d94e800000,0x000000d94e900000] [id=22980]
  0x0000024d68ee6790 WatcherThread [stack: 0x000000d94f300000,0x000000d94f400000] [id=43904]
  0x0000024d68ec0370 GCTaskThread "GC Thread#0" [stack: 0x000000d94e300000,0x000000d94e400000] [id=33540]
  0x0000024d68ed0d70 ConcurrentGCThread "G1 Main Marker" [stack: 0x000000d94e400000,0x000000d94e500000] [id=10628]
  0x0000024d68ed1e30 ConcurrentGCThread "G1 Conc#0" [stack: 0x000000d94e500000,0x000000d94e600000] [id=26064]
  0x0000024d68f1eae0 ConcurrentGCThread "G1 Refine#0" [stack: 0x000000d94e600000,0x000000d94e700000] [id=3980]
  0x0000024d7f98b510 ConcurrentGCThread "G1 Service" [stack: 0x000000d94e700000,0x000000d94e800000] [id=29804]

Threads with active compile tasks:
C1 CompilerThread0      228  169       3       java.io.DataInputStream::readUTF (501 bytes)
C2 CompilerThread1      228  156 %     4       java.util.zip.ZipFile$Source::initCEN @ 240 (591 bytes)

VM state: not at safepoint (normal execution)

VM Mutex/Monitor currently owned by a thread: None

Heap address: 0x0000000705a00000, size: 4006 MB, Compressed Oops mode: Zero based, Oop shift amount: 3

CDS archive(s) not mapped
Compressed class space mapped at: 0x0000000800000000-0x0000000840000000, reserved size: 1073741824
Narrow klass base: 0x0000000800000000, Narrow klass shift: 0, Narrow klass range: 0x40000000

GC Precious Log:
 CPUs: 8 total, 8 available
 Memory: 16023M
 Large Page Support: Disabled
 NUMA Support: Disabled
 Compressed Oops: Enabled (Zero based)
 Heap Region Size: 2M
 Heap Min Capacity: 8M
 Heap Initial Capacity: 252M
 Heap Max Capacity: 4006M
 Pre-touch: Disabled
 Parallel Workers: 8
 Concurrent Workers: 2
 Concurrent Refinement Workers: 8
 Periodic GC: Disabled

Heap:
 garbage-first heap   total 258048K, used 18432K [0x0000000705a00000, 0x0000000800000000)
  region size 2048K, 2 young (4096K), 0 survivors (0K)
 Metaspace       used 6572K, committed 6720K, reserved 1056768K
  class space    used 574K, committed 640K, reserved 1048576K

Heap Regions: E=young(eden), S=young(survivor), O=old, HS=humongous(starts), HC=humongous(continues), CS=collection set, F=free, OA=open archive, CA=closed archive, TAMS=top-at-mark-start (previous, next)
|   0|0x0000000705a00000, 0x0000000705c00000, 0x0000000705c00000|100%|HS|  |TAMS 0x0000000705a00000, 0x0000000705a00000| Complete 
|   1|0x0000000705c00000, 0x0000000705e00000, 0x0000000705e00000|100%|HC|  |TAMS 0x0000000705c00000, 0x0000000705c00000| Complete 
|   2|0x0000000705e00000, 0x0000000706000000, 0x0000000706000000|100%|HC|  |TAMS 0x0000000705e00000, 0x0000000705e00000| Complete 
|   3|0x0000000706000000, 0x0000000706200000, 0x0000000706200000|100%|HC|  |TAMS 0x0000000706000000, 0x0000000706000000| Complete 
|   4|0x0000000706200000, 0x0000000706400000, 0x0000000706400000|100%|HC|  |TAMS 0x0000000706200000, 0x0000000706200000| Complete 
|   5|0x0000000706400000, 0x0000000706600000, 0x0000000706600000|100%|HC|  |TAMS 0x0000000706400000, 0x0000000706400000| Complete 
|   6|0x0000000706600000, 0x0000000706800000, 0x0000000706800000|100%|HS|  |TAMS 0x0000000706600000, 0x0000000706600000| Complete 
|   7|0x0000000706800000, 0x0000000706a00000, 0x0000000706a00000|100%|HS|  |TAMS 0x0000000706800000, 0x0000000706800000| Complete 
|   8|0x0000000706a00000, 0x0000000706a00000, 0x0000000706c00000|  0%| F|  |TAMS 0x0000000706a00000, 0x0000000706a00000| Untracked 
|   9|0x0000000706c00000, 0x0000000706c00000, 0x0000000706e00000|  0%| F|  |TAMS 0x0000000706c00000, 0x0000000706c00000| Untracked 
|  10|0x0000000706e00000, 0x0000000706e00000, 0x0000000707000000|  0%| F|  |TAMS 0x0000000706e00000, 0x0000000706e00000| Untracked 
|  11|0x0000000707000000, 0x0000000707000000, 0x0000000707200000|  0%| F|  |TAMS 0x0000000707000000, 0x0000000707000000| Untracked 
|  12|0x0000000707200000, 0x0000000707200000, 0x0000000707400000|  0%| F|  |TAMS 0x0000000707200000, 0x0000000707200000| Untracked 
|  13|0x0000000707400000, 0x0000000707400000, 0x0000000707600000|  0%| F|  |TAMS 0x0000000707400000, 0x0000000707400000| Untracked 
|  14|0x0000000707600000, 0x0000000707600000, 0x0000000707800000|  0%| F|  |TAMS 0x0000000707600000, 0x0000000707600000| Untracked 
|  15|0x0000000707800000, 0x0000000707800000, 0x0000000707a00000|  0%| F|  |TAMS 0x0000000707800000, 0x0000000707800000| Untracked 
|  16|0x0000000707a00000, 0x0000000707a00000, 0x0000000707c00000|  0%| F|  |TAMS 0x0000000707a00000, 0x0000000707a00000| Untracked 
|  17|0x0000000707c00000, 0x0000000707c00000, 0x0000000707e00000|  0%| F|  |TAMS 0x0000000707c00000, 0x0000000707c00000| Untracked 
|  18|0x0000000707e00000, 0x0000000707e00000, 0x0000000708000000|  0%| F|  |TAMS 0x0000000707e00000, 0x0000000707e00000| Untracked 
|  19|0x0000000708000000, 0x0000000708000000, 0x0000000708200000|  0%| F|  |TAMS 0x0000000708000000, 0x0000000708000000| Untracked 
|  20|0x0000000708200000, 0x0000000708200000, 0x0000000708400000|  0%| F|  |TAMS 0x0000000708200000, 0x0000000708200000| Untracked 
|  21|0x0000000708400000, 0x0000000708400000, 0x0000000708600000|  0%| F|  |TAMS 0x0000000708400000, 0x0000000708400000| Untracked 
|  22|0x0000000708600000, 0x0000000708600000, 0x0000000708800000|  0%| F|  |TAMS 0x0000000708600000, 0x0000000708600000| Untracked 
|  23|0x0000000708800000, 0x0000000708800000, 0x0000000708a00000|  0%| F|  |TAMS 0x0000000708800000, 0x0000000708800000| Untracked 
|  24|0x0000000708a00000, 0x0000000708a00000, 0x0000000708c00000|  0%| F|  |TAMS 0x0000000708a00000, 0x0000000708a00000| Untracked 
|  25|0x0000000708c00000, 0x0000000708c00000, 0x0000000708e00000|  0%| F|  |TAMS 0x0000000708c00000, 0x0000000708c00000| Untracked 
|  26|0x0000000708e00000, 0x0000000708e00000, 0x0000000709000000|  0%| F|  |TAMS 0x0000000708e00000, 0x0000000708e00000| Untracked 
|  27|0x0000000709000000, 0x0000000709000000, 0x0000000709200000|  0%| F|  |TAMS 0x0000000709000000, 0x0000000709000000| Untracked 
|  28|0x0000000709200000, 0x0000000709200000, 0x0000000709400000|  0%| F|  |TAMS 0x0000000709200000, 0x0000000709200000| Untracked 
|  29|0x0000000709400000, 0x0000000709400000, 0x0000000709600000|  0%| F|  |TAMS 0x0000000709400000, 0x0000000709400000| Untracked 
|  30|0x0000000709600000, 0x0000000709600000, 0x0000000709800000|  0%| F|  |TAMS 0x0000000709600000, 0x0000000709600000| Untracked 
|  31|0x0000000709800000, 0x0000000709800000, 0x0000000709a00000|  0%| F|  |TAMS 0x0000000709800000, 0x0000000709800000| Untracked 
|  32|0x0000000709a00000, 0x0000000709a00000, 0x0000000709c00000|  0%| F|  |TAMS 0x0000000709a00000, 0x0000000709a00000| Untracked 
|  33|0x0000000709c00000, 0x0000000709c00000, 0x0000000709e00000|  0%| F|  |TAMS 0x0000000709c00000, 0x0000000709c00000| Untracked 
|  34|0x0000000709e00000, 0x0000000709e00000, 0x000000070a000000|  0%| F|  |TAMS 0x0000000709e00000, 0x0000000709e00000| Untracked 
|  35|0x000000070a000000, 0x000000070a000000, 0x000000070a200000|  0%| F|  |TAMS 0x000000070a000000, 0x000000070a000000| Untracked 
|  36|0x000000070a200000, 0x000000070a200000, 0x000000070a400000|  0%| F|  |TAMS 0x000000070a200000, 0x000000070a200000| Untracked 
|  37|0x000000070a400000, 0x000000070a400000, 0x000000070a600000|  0%| F|  |TAMS 0x000000070a400000, 0x000000070a400000| Untracked 
|  38|0x000000070a600000, 0x000000070a600000, 0x000000070a800000|  0%| F|  |TAMS 0x000000070a600000, 0x000000070a600000| Untracked 
|  39|0x000000070a800000, 0x000000070a800000, 0x000000070aa00000|  0%| F|  |TAMS 0x000000070a800000, 0x000000070a800000| Untracked 
|  40|0x000000070aa00000, 0x000000070aa00000, 0x000000070ac00000|  0%| F|  |TAMS 0x000000070aa00000, 0x000000070aa00000| Untracked 
|  41|0x000000070ac00000, 0x000000070ac00000, 0x000000070ae00000|  0%| F|  |TAMS 0x000000070ac00000, 0x000000070ac00000| Untracked 
|  42|0x000000070ae00000, 0x000000070ae00000, 0x000000070b000000|  0%| F|  |TAMS 0x000000070ae00000, 0x000000070ae00000| Untracked 
|  43|0x000000070b000000, 0x000000070b000000, 0x000000070b200000|  0%| F|  |TAMS 0x000000070b000000, 0x000000070b000000| Untracked 
|  44|0x000000070b200000, 0x000000070b200000, 0x000000070b400000|  0%| F|  |TAMS 0x000000070b200000, 0x000000070b200000| Untracked 
|  45|0x000000070b400000, 0x000000070b400000, 0x000000070b600000|  0%| F|  |TAMS 0x000000070b400000, 0x000000070b400000| Untracked 
|  46|0x000000070b600000, 0x000000070b600000, 0x000000070b800000|  0%| F|  |TAMS 0x000000070b600000, 0x000000070b600000| Untracked 
|  47|0x000000070b800000, 0x000000070b800000, 0x000000070ba00000|  0%| F|  |TAMS 0x000000070b800000, 0x000000070b800000| Untracked 
|  48|0x000000070ba00000, 0x000000070ba00000, 0x000000070bc00000|  0%| F|  |TAMS 0x000000070ba00000, 0x000000070ba00000| Untracked 
|  49|0x000000070bc00000, 0x000000070bc00000, 0x000000070be00000|  0%| F|  |TAMS 0x000000070bc00000, 0x000000070bc00000| Untracked 
|  50|0x000000070be00000, 0x000000070be00000, 0x000000070c000000|  0%| F|  |TAMS 0x000000070be00000, 0x000000070be00000| Untracked 
|  51|0x000000070c000000, 0x000000070c000000, 0x000000070c200000|  0%| F|  |TAMS 0x000000070c000000, 0x000000070c000000| Untracked 
|  52|0x000000070c200000, 0x000000070c200000, 0x000000070c400000|  0%| F|  |TAMS 0x000000070c200000, 0x000000070c200000| Untracked 
|  53|0x000000070c400000, 0x000000070c400000, 0x000000070c600000|  0%| F|  |TAMS 0x000000070c400000, 0x000000070c400000| Untracked 
|  54|0x000000070c600000, 0x000000070c600000, 0x000000070c800000|  0%| F|  |TAMS 0x000000070c600000, 0x000000070c600000| Untracked 
|  55|0x000000070c800000, 0x000000070c800000, 0x000000070ca00000|  0%| F|  |TAMS 0x000000070c800000, 0x000000070c800000| Untracked 
|  56|0x000000070ca00000, 0x000000070ca00000, 0x000000070cc00000|  0%| F|  |TAMS 0x000000070ca00000, 0x000000070ca00000| Untracked 
|  57|0x000000070cc00000, 0x000000070cc00000, 0x000000070ce00000|  0%| F|  |TAMS 0x000000070cc00000, 0x000000070cc00000| Untracked 
|  58|0x000000070ce00000, 0x000000070ce00000, 0x000000070d000000|  0%| F|  |TAMS 0x000000070ce00000, 0x000000070ce00000| Untracked 
|  59|0x000000070d000000, 0x000000070d000000, 0x000000070d200000|  0%| F|  |TAMS 0x000000070d000000, 0x000000070d000000| Untracked 
|  60|0x000000070d200000, 0x000000070d200000, 0x000000070d400000|  0%| F|  |TAMS 0x000000070d200000, 0x000000070d200000| Untracked 
|  61|0x000000070d400000, 0x000000070d400000, 0x000000070d600000|  0%| F|  |TAMS 0x000000070d400000, 0x000000070d400000| Untracked 
|  62|0x000000070d600000, 0x000000070d600000, 0x000000070d800000|  0%| F|  |TAMS 0x000000070d600000, 0x000000070d600000| Untracked 
|  63|0x000000070d800000, 0x000000070d800000, 0x000000070da00000|  0%| F|  |TAMS 0x000000070d800000, 0x000000070d800000| Untracked 
|  64|0x000000070da00000, 0x000000070da00000, 0x000000070dc00000|  0%| F|  |TAMS 0x000000070da00000, 0x000000070da00000| Untracked 
|  65|0x000000070dc00000, 0x000000070dc00000, 0x000000070de00000|  0%| F|  |TAMS 0x000000070dc00000, 0x000000070dc00000| Untracked 
|  66|0x000000070de00000, 0x000000070de00000, 0x000000070e000000|  0%| F|  |TAMS 0x000000070de00000, 0x000000070de00000| Untracked 
|  67|0x000000070e000000, 0x000000070e000000, 0x000000070e200000|  0%| F|  |TAMS 0x000000070e000000, 0x000000070e000000| Untracked 
|  68|0x000000070e200000, 0x000000070e200000, 0x000000070e400000|  0%| F|  |TAMS 0x000000070e200000, 0x000000070e200000| Untracked 
|  69|0x000000070e400000, 0x000000070e400000, 0x000000070e600000|  0%| F|  |TAMS 0x000000070e400000, 0x000000070e400000| Untracked 
|  70|0x000000070e600000, 0x000000070e600000, 0x000000070e800000|  0%| F|  |TAMS 0x000000070e600000, 0x000000070e600000| Untracked 
|  71|0x000000070e800000, 0x000000070e800000, 0x000000070ea00000|  0%| F|  |TAMS 0x000000070e800000, 0x000000070e800000| Untracked 
|  72|0x000000070ea00000, 0x000000070ea00000, 0x000000070ec00000|  0%| F|  |TAMS 0x000000070ea00000, 0x000000070ea00000| Untracked 
|  73|0x000000070ec00000, 0x000000070ec00000, 0x000000070ee00000|  0%| F|  |TAMS 0x000000070ec00000, 0x000000070ec00000| Untracked 
|  74|0x000000070ee00000, 0x000000070ee00000, 0x000000070f000000|  0%| F|  |TAMS 0x000000070ee00000, 0x000000070ee00000| Untracked 
|  75|0x000000070f000000, 0x000000070f000000, 0x000000070f200000|  0%| F|  |TAMS 0x000000070f000000, 0x000000070f000000| Untracked 
|  76|0x000000070f200000, 0x000000070f200000, 0x000000070f400000|  0%| F|  |TAMS 0x000000070f200000, 0x000000070f200000| Untracked 
|  77|0x000000070f400000, 0x000000070f400000, 0x000000070f600000|  0%| F|  |TAMS 0x000000070f400000, 0x000000070f400000| Untracked 
|  78|0x000000070f600000, 0x000000070f600000, 0x000000070f800000|  0%| F|  |TAMS 0x000000070f600000, 0x000000070f600000| Untracked 
|  79|0x000000070f800000, 0x000000070f800000, 0x000000070fa00000|  0%| F|  |TAMS 0x000000070f800000, 0x000000070f800000| Untracked 
|  80|0x000000070fa00000, 0x000000070fa00000, 0x000000070fc00000|  0%| F|  |TAMS 0x000000070fa00000, 0x000000070fa00000| Untracked 
|  81|0x000000070fc00000, 0x000000070fc00000, 0x000000070fe00000|  0%| F|  |TAMS 0x000000070fc00000, 0x000000070fc00000| Untracked 
|  82|0x000000070fe00000, 0x000000070fe00000, 0x0000000710000000|  0%| F|  |TAMS 0x000000070fe00000, 0x000000070fe00000| Untracked 
|  83|0x0000000710000000, 0x0000000710000000, 0x0000000710200000|  0%| F|  |TAMS 0x0000000710000000, 0x0000000710000000| Untracked 
|  84|0x0000000710200000, 0x0000000710200000, 0x0000000710400000|  0%| F|  |TAMS 0x0000000710200000, 0x0000000710200000| Untracked 
|  85|0x0000000710400000, 0x0000000710400000, 0x0000000710600000|  0%| F|  |TAMS 0x0000000710400000, 0x0000000710400000| Untracked 
|  86|0x0000000710600000, 0x0000000710600000, 0x0000000710800000|  0%| F|  |TAMS 0x0000000710600000, 0x0000000710600000| Untracked 
|  87|0x0000000710800000, 0x0000000710800000, 0x0000000710a00000|  0%| F|  |TAMS 0x0000000710800000, 0x0000000710800000| Untracked 
|  88|0x0000000710a00000, 0x0000000710a00000, 0x0000000710c00000|  0%| F|  |TAMS 0x0000000710a00000, 0x0000000710a00000| Untracked 
|  89|0x0000000710c00000, 0x0000000710c00000, 0x0000000710e00000|  0%| F|  |TAMS 0x0000000710c00000, 0x0000000710c00000| Untracked 
|  90|0x0000000710e00000, 0x0000000710e00000, 0x0000000711000000|  0%| F|  |TAMS 0x0000000710e00000, 0x0000000710e00000| Untracked 
|  91|0x0000000711000000, 0x0000000711000000, 0x0000000711200000|  0%| F|  |TAMS 0x0000000711000000, 0x0000000711000000| Untracked 
|  92|0x0000000711200000, 0x0000000711200000, 0x0000000711400000|  0%| F|  |TAMS 0x0000000711200000, 0x0000000711200000| Untracked 
|  93|0x0000000711400000, 0x0000000711400000, 0x0000000711600000|  0%| F|  |TAMS 0x0000000711400000, 0x0000000711400000| Untracked 
|  94|0x0000000711600000, 0x0000000711600000, 0x0000000711800000|  0%| F|  |TAMS 0x0000000711600000, 0x0000000711600000| Untracked 
|  95|0x0000000711800000, 0x0000000711800000, 0x0000000711a00000|  0%| F|  |TAMS 0x0000000711800000, 0x0000000711800000| Untracked 
|  96|0x0000000711a00000, 0x0000000711a00000, 0x0000000711c00000|  0%| F|  |TAMS 0x0000000711a00000, 0x0000000711a00000| Untracked 
|  97|0x0000000711c00000, 0x0000000711c00000, 0x0000000711e00000|  0%| F|  |TAMS 0x0000000711c00000, 0x0000000711c00000| Untracked 
|  98|0x0000000711e00000, 0x0000000711e00000, 0x0000000712000000|  0%| F|  |TAMS 0x0000000711e00000, 0x0000000711e00000| Untracked 
|  99|0x0000000712000000, 0x0000000712000000, 0x0000000712200000|  0%| F|  |TAMS 0x0000000712000000, 0x0000000712000000| Untracked 
| 100|0x0000000712200000, 0x0000000712200000, 0x0000000712400000|  0%| F|  |TAMS 0x0000000712200000, 0x0000000712200000| Untracked 
| 101|0x0000000712400000, 0x0000000712400000, 0x0000000712600000|  0%| F|  |TAMS 0x0000000712400000, 0x0000000712400000| Untracked 
| 102|0x0000000712600000, 0x0000000712600000, 0x0000000712800000|  0%| F|  |TAMS 0x0000000712600000, 0x0000000712600000| Untracked 
| 103|0x0000000712800000, 0x0000000712800000, 0x0000000712a00000|  0%| F|  |TAMS 0x0000000712800000, 0x0000000712800000| Untracked 
| 104|0x0000000712a00000, 0x0000000712a00000, 0x0000000712c00000|  0%| F|  |TAMS 0x0000000712a00000, 0x0000000712a00000| Untracked 
| 105|0x0000000712c00000, 0x0000000712c00000, 0x0000000712e00000|  0%| F|  |TAMS 0x0000000712c00000, 0x0000000712c00000| Untracked 
| 106|0x0000000712e00000, 0x0000000712e00000, 0x0000000713000000|  0%| F|  |TAMS 0x0000000712e00000, 0x0000000712e00000| Untracked 
| 107|0x0000000713000000, 0x0000000713000000, 0x0000000713200000|  0%| F|  |TAMS 0x0000000713000000, 0x0000000713000000| Untracked 
| 108|0x0000000713200000, 0x0000000713200000, 0x0000000713400000|  0%| F|  |TAMS 0x0000000713200000, 0x0000000713200000| Untracked 
| 109|0x0000000713400000, 0x0000000713400000, 0x0000000713600000|  0%| F|  |TAMS 0x0000000713400000, 0x0000000713400000| Untracked 
| 110|0x0000000713600000, 0x0000000713600000, 0x0000000713800000|  0%| F|  |TAMS 0x0000000713600000, 0x0000000713600000| Untracked 
| 111|0x0000000713800000, 0x0000000713800000, 0x0000000713a00000|  0%| F|  |TAMS 0x0000000713800000, 0x0000000713800000| Untracked 
| 112|0x0000000713a00000, 0x0000000713a00000, 0x0000000713c00000|  0%| F|  |TAMS 0x0000000713a00000, 0x0000000713a00000| Untracked 
| 113|0x0000000713c00000, 0x0000000713c00000, 0x0000000713e00000|  0%| F|  |TAMS 0x0000000713c00000, 0x0000000713c00000| Untracked 
| 114|0x0000000713e00000, 0x0000000713e00000, 0x0000000714000000|  0%| F|  |TAMS 0x0000000713e00000, 0x0000000713e00000| Untracked 
| 115|0x0000000714000000, 0x0000000714000000, 0x0000000714200000|  0%| F|  |TAMS 0x0000000714000000, 0x0000000714000000| Untracked 
| 116|0x0000000714200000, 0x0000000714200000, 0x0000000714400000|  0%| F|  |TAMS 0x0000000714200000, 0x0000000714200000| Untracked 
| 117|0x0000000714400000, 0x0000000714400000, 0x0000000714600000|  0%| F|  |TAMS 0x0000000714400000, 0x0000000714400000| Untracked 
| 118|0x0000000714600000, 0x0000000714600000, 0x0000000714800000|  0%| F|  |TAMS 0x0000000714600000, 0x0000000714600000| Untracked 
| 119|0x0000000714800000, 0x0000000714800000, 0x0000000714a00000|  0%| F|  |TAMS 0x0000000714800000, 0x0000000714800000| Untracked 
| 120|0x0000000714a00000, 0x0000000714a00000, 0x0000000714c00000|  0%| F|  |TAMS 0x0000000714a00000, 0x0000000714a00000| Untracked 
| 121|0x0000000714c00000, 0x0000000714c00000, 0x0000000714e00000|  0%| F|  |TAMS 0x0000000714c00000, 0x0000000714c00000| Untracked 
| 122|0x0000000714e00000, 0x0000000714e00000, 0x0000000715000000|  0%| F|  |TAMS 0x0000000714e00000, 0x0000000714e00000| Untracked 
| 123|0x0000000715000000, 0x0000000715000000, 0x0000000715200000|  0%| F|  |TAMS 0x0000000715000000, 0x0000000715000000| Untracked 
| 124|0x0000000715200000, 0x000000071529d6c0, 0x0000000715400000| 30%| E|  |TAMS 0x0000000715200000, 0x0000000715200000| Complete 
| 125|0x0000000715400000, 0x0000000715600000, 0x0000000715600000|100%| E|CS|TAMS 0x0000000715400000, 0x0000000715400000| Complete 

Card table byte_map: [0x0000024d7c0c0000,0x0000024d7c8a0000] _byte_map_base: 0x0000024d78893000

Marking Bits (Prev, Next): (CMBitMap*) 0x0000024d68ec0890, (CMBitMap*) 0x0000024d68ec08d0
 Prev Bits: [0x0000024d00000000, 0x0000024d03e98000)
 Next Bits: [0x0000024d03ea0000, 0x0000024d07d38000)

Polling page: 0x0000024d66e10000

Metaspace:

Usage:
  Non-class:      5.95 MB used.
      Class:    585.74 KB used.
       Both:      6.52 MB used.

Virtual space:
  Non-class space:        8.00 MB reserved,       6.00 MB ( 75%) committed,  1 nodes.
      Class space:        1.00 GB reserved,     704.00 KB ( <1%) committed,  1 nodes.
             Both:        1.01 GB reserved,       6.69 MB ( <1%) committed. 

Chunk freelists:
   Non-Class:  2.02 MB
       Class:  3.23 MB
        Both:  5.25 MB

MaxMetaspaceSize: unlimited
CompressedClassSpaceSize: 1.00 GB
Initial GC threshold: 21.00 MB
Current GC threshold: 21.00 MB
CDS: off
MetaspaceReclaimPolicy: balanced
 - commit_granule_bytes: 65536.
 - commit_granule_words: 8192.
 - virtual_space_node_default_size: 1048576.
 - enlarge_chunks_in_place: 1.
 - new_chunks_are_fully_committed: 0.
 - uncommit_free_chunks: 1.
 - use_allocation_guard: 0.
 - handle_deallocations: 1.


Internal statistics:

num_allocs_failed_limit: 0.
num_arena_births: 6.
num_arena_deaths: 0.
num_vsnodes_births: 2.
num_vsnodes_deaths: 0.
num_space_committed: 107.
num_space_uncommitted: 0.
num_chunks_returned_to_freelist: 0.
num_chunks_taken_from_freelist: 28.
num_chunk_merges: 0.
num_chunk_splits: 12.
num_chunks_enlarged: 5.
num_purges: 0.
num_inconsistent_stats: 0.

CodeHeap 'non-profiled nmethods': size=120000Kb used=43Kb max_used=43Kb free=119956Kb
 bounds [0x0000024d74080000, 0x0000024d742f0000, 0x0000024d7b5b0000]
CodeHeap 'profiled nmethods': size=120000Kb used=285Kb max_used=285Kb free=119714Kb
 bounds [0x0000024d6cb50000, 0x0000024d6cdc0000, 0x0000024d74080000]
CodeHeap 'non-nmethods': size=5760Kb used=1109Kb max_used=1123Kb free=4650Kb
 bounds [0x0000024d6c5b0000, 0x0000024d6c820000, 0x0000024d6cb50000]
 total_blobs=554 nmethods=181 adapters=286
 compilation: enabled
              stopped_count=0, restarted_count=0
 full_count=0

Compilation events (20 events):
Event: 0.199 Thread 0x0000024d08897660  149   !   3       java.nio.DirectByteBuffer::get (34 bytes)
Event: 0.199 Thread 0x0000024d08897660 nmethod 149 0x0000024d6cb87e10 code [0x0000024d6cb88040, 0x0000024d6cb88898]
Event: 0.199 Thread 0x0000024d08897660  153   !   3       jdk.internal.misc.ScopedMemoryAccess::getByteInternal (36 bytes)
Event: 0.199 Thread 0x0000024d08897660 nmethod 153 0x0000024d6cb88d10 code [0x0000024d6cb88ec0, 0x0000024d6cb89128]
Event: 0.199 Thread 0x0000024d08897660  151       3       java.nio.DirectByteBuffer::ix (10 bytes)
Event: 0.199 Thread 0x0000024d08897660 nmethod 151 0x0000024d6cb89290 code [0x0000024d6cb89420, 0x0000024d6cb89538]
Event: 0.200 Thread 0x0000024d08897660  154       3       jdk.internal.jimage.ImageStringsReader::unmaskedHashCode (166 bytes)
Event: 0.200 Thread 0x0000024d08897660 nmethod 154 0x0000024d6cb89610 code [0x0000024d6cb89860, 0x0000024d6cb8a458]
Event: 0.200 Thread 0x0000024d08897660  152   !   3       jdk.internal.misc.ScopedMemoryAccess::getByte (20 bytes)
Event: 0.201 Thread 0x0000024d08897660 nmethod 152 0x0000024d6cb8a990 code [0x0000024d6cb8ab60, 0x0000024d6cb8aff8]
Event: 0.201 Thread 0x0000024d08897660  155       3       java.lang.StringBuilder::append (8 bytes)
Event: 0.201 Thread 0x0000024d08897660 nmethod 155 0x0000024d6cb8b210 code [0x0000024d6cb8b3a0, 0x0000024d6cb8b4e8]
Event: 0.205 Thread 0x0000024d08a92ed0  156 %     4       java.util.zip.ZipFile$Source::initCEN @ 240 (591 bytes)
Event: 0.210 Thread 0x0000024d08897660  157       3       jdk.internal.misc.Unsafe::putReferenceRelease (9 bytes)
Event: 0.211 Thread 0x0000024d08897660 nmethod 157 0x0000024d6cb8b590 code [0x0000024d6cb8b720, 0x0000024d6cb8b898]
Event: 0.211 Thread 0x0000024d08897660  159       3       java.util.concurrent.ConcurrentHashMap::setTabAt (20 bytes)
Event: 0.211 Thread 0x0000024d08897660 nmethod 159 0x0000024d6cb8b910 code [0x0000024d6cb8bac0, 0x0000024d6cb8bce8]
Event: 0.211 Thread 0x0000024d08897660  160       3       java.lang.AbstractStringBuilder::putStringAt (34 bytes)
Event: 0.211 Thread 0x0000024d08897660 nmethod 160 0x0000024d6cb8bd90 code [0x0000024d6cb8bf60, 0x0000024d6cb8c278]
Event: 0.217 Thread 0x0000024d08894ca0  161       4       java.lang.String::hashCode (60 bytes)

GC Heap History (0 events):
No events

Deoptimization events (20 events):
Event: 0.129 Thread 0x0000024d68e54890 DEOPT PACKING pc=0x0000024d6cb6760c sp=0x000000d94e2f9ed0
Event: 0.129 Thread 0x0000024d68e54890 DEOPT UNPACKING pc=0x0000024d6c606763 sp=0x000000d94e2f9360 mode 0
Event: 0.129 Thread 0x0000024d68e54890 DEOPT PACKING pc=0x0000024d6cb6760c sp=0x000000d94e2f9ed0
Event: 0.129 Thread 0x0000024d68e54890 DEOPT UNPACKING pc=0x0000024d6c606763 sp=0x000000d94e2f9360 mode 0
Event: 0.129 Thread 0x0000024d68e54890 DEOPT PACKING pc=0x0000024d6cb6760c sp=0x000000d94e2f9ed0
Event: 0.129 Thread 0x0000024d68e54890 DEOPT UNPACKING pc=0x0000024d6c606763 sp=0x000000d94e2f9360 mode 0
Event: 0.130 Thread 0x0000024d68e54890 DEOPT PACKING pc=0x0000024d6cb6760c sp=0x000000d94e2f9ed0
Event: 0.130 Thread 0x0000024d68e54890 DEOPT UNPACKING pc=0x0000024d6c606763 sp=0x000000d94e2f9360 mode 0
Event: 0.130 Thread 0x0000024d68e54890 DEOPT PACKING pc=0x0000024d6cb6760c sp=0x000000d94e2f9ed0
Event: 0.130 Thread 0x0000024d68e54890 DEOPT UNPACKING pc=0x0000024d6c606763 sp=0x000000d94e2f9360 mode 0
Event: 0.130 Thread 0x0000024d68e54890 DEOPT PACKING pc=0x0000024d6cb6760c sp=0x000000d94e2f9ed0
Event: 0.130 Thread 0x0000024d68e54890 DEOPT UNPACKING pc=0x0000024d6c606763 sp=0x000000d94e2f9360 mode 0
Event: 0.130 Thread 0x0000024d68e54890 DEOPT PACKING pc=0x0000024d6cb6760c sp=0x000000d94e2f9ed0
Event: 0.130 Thread 0x0000024d68e54890 DEOPT UNPACKING pc=0x0000024d6c606763 sp=0x000000d94e2f9360 mode 0
Event: 0.130 Thread 0x0000024d68e54890 DEOPT PACKING pc=0x0000024d6cb6760c sp=0x000000d94e2f9ed0
Event: 0.130 Thread 0x0000024d68e54890 DEOPT UNPACKING pc=0x0000024d6c606763 sp=0x000000d94e2f9360 mode 0
Event: 0.130 Thread 0x0000024d68e54890 DEOPT PACKING pc=0x0000024d6cb6760c sp=0x000000d94e2f9ed0
Event: 0.130 Thread 0x0000024d68e54890 DEOPT UNPACKING pc=0x0000024d6c606763 sp=0x000000d94e2f9360 mode 0
Event: 0.130 Thread 0x0000024d68e54890 DEOPT PACKING pc=0x0000024d6cb6760c sp=0x000000d94e2f9ed0
Event: 0.130 Thread 0x0000024d68e54890 DEOPT UNPACKING pc=0x0000024d6c606763 sp=0x000000d94e2f9360 mode 0

Classes unloaded (0 events):
No events

Classes redefined (0 events):
No events

Internal exceptions (0 events):
No events

VM Operations (6 events):
Event: 0.148 Executing VM operation: HandshakeAllThreads
Event: 0.148 Executing VM operation: HandshakeAllThreads done
Event: 0.149 Executing VM operation: HandshakeAllThreads
Event: 0.149 Executing VM operation: HandshakeAllThreads done
Event: 0.217 Executing VM operation: HandshakeAllThreads
Event: 0.217 Executing VM operation: HandshakeAllThreads done

Events (20 events):
Event: 0.208 loading class org/xml/sax/SAXParseException
Event: 0.208 loading class org/xml/sax/SAXParseException done
Event: 0.208 loading class java/lang/NoSuchMethodError
Event: 0.209 loading class java/lang/IncompatibleClassChangeError
Event: 0.209 loading class java/lang/IncompatibleClassChangeError done
Event: 0.209 loading class java/lang/NoSuchMethodError done
Event: 0.209 loading class java/lang/SecurityException
Event: 0.209 loading class java/lang/SecurityException done
Event: 0.209 loading class java/io/Reader
Event: 0.209 loading class java/lang/Readable
Event: 0.209 loading class java/lang/Readable done
Event: 0.209 loading class java/io/Reader done
Event: 0.209 loading class java/io/InputStreamReader
Event: 0.209 loading class java/io/InputStreamReader done
Event: 0.210 loading class org/xml/sax/Parser
Event: 0.210 loading class org/xml/sax/Parser done
Event: 0.211 loading class org/xml/sax/Locator
Event: 0.211 loading class org/xml/sax/Locator done
Event: 0.212 loading class org/xml/sax/AttributeList
Event: 0.215 loading class org/xml/sax/AttributeList done


Dynamic libraries:
0x00007ff6533b0000 - 0x00007ff6533ba000 	C:\Users\emathias\AppData\Local\JetBrains\Toolbox\apps\PyCharm-P\ch-0\222.4345.23\jbr\bin\java.exe
0x00007ffd7cb20000 - 0x00007ffd7cd29000 	C:\windows\SYSTEM32\ntdll.dll
0x00007ffd7baf0000 - 0x00007ffd7bbae000 	C:\windows\System32\KERNEL32.DLL
0x00007ffd7a160000 - 0x00007ffd7a4db000 	C:\windows\System32\KERNELBASE.dll
0x00007ffd7a880000 - 0x00007ffd7a991000 	C:\windows\System32\ucrtbase.dll
0x00007ffd5b0b0000 - 0x00007ffd5b0cb000 	C:\Users\emathias\AppData\Local\JetBrains\Toolbox\apps\PyCharm-P\ch-0\222.4345.23\jbr\bin\VCRUNTIME140.dll
0x00007ffd5aac0000 - 0x00007ffd5aad7000 	C:\Users\emathias\AppData\Local\JetBrains\Toolbox\apps\PyCharm-P\ch-0\222.4345.23\jbr\bin\jli.dll
0x00007ffd7c840000 - 0x00007ffd7c9ed000 	C:\windows\System32\USER32.dll
0x00007ffd5be40000 - 0x00007ffd5c0e5000 	C:\windows\WinSxS\amd64_microsoft.windows.common-controls_6595b64144ccf1df_6.0.22000.120_none_9d947278b86cc467\COMCTL32.dll
0x00007ffd7a6a0000 - 0x00007ffd7a6c6000 	C:\windows\System32\win32u.dll
0x00007ffd7b6e0000 - 0x00007ffd7b783000 	C:\windows\System32\msvcrt.dll
0x00007ffd7c6f0000 - 0x00007ffd7c719000 	C:\windows\System32\GDI32.dll
0x00007ffd7a4e0000 - 0x00007ffd7a5f8000 	C:\windows\System32\gdi32full.dll
0x00007ffd7a600000 - 0x00007ffd7a69d000 	C:\windows\System32\msvcp_win.dll
0x00007ffd7caa0000 - 0x00007ffd7cad2000 	C:\windows\System32\IMM32.DLL
0x00007ffd76cd0000 - 0x00007ffd76cdc000 	C:\Users\emathias\AppData\Local\JetBrains\Toolbox\apps\PyCharm-P\ch-0\222.4345.23\jbr\bin\vcruntime140_1.dll
0x00007ffd35d50000 - 0x00007ffd35ddd000 	C:\Users\emathias\AppData\Local\JetBrains\Toolbox\apps\PyCharm-P\ch-0\222.4345.23\jbr\bin\msvcp140.dll
0x00007ffd299d0000 - 0x00007ffd2a639000 	C:\Users\emathias\AppData\Local\JetBrains\Toolbox\apps\PyCharm-P\ch-0\222.4345.23\jbr\bin\server\jvm.dll
0x00007ffd7b020000 - 0x00007ffd7b0ce000 	C:\windows\System32\ADVAPI32.dll
0x00007ffd7ca00000 - 0x00007ffd7ca9e000 	C:\windows\System32\sechost.dll
0x00007ffd7b790000 - 0x00007ffd7b8b0000 	C:\windows\System32\RPCRT4.dll
0x00007ffd7b0d0000 - 0x00007ffd7b0d8000 	C:\windows\System32\PSAPI.DLL
0x00007ffd540a0000 - 0x00007ffd540a9000 	C:\windows\SYSTEM32\WSOCK32.dll
0x00007ffd717f0000 - 0x00007ffd71823000 	C:\windows\SYSTEM32\WINMM.dll
0x00007ffd7ab40000 - 0x00007ffd7abaf000 	C:\windows\System32\WS2_32.dll
0x00007ffd6f370000 - 0x00007ffd6f37a000 	C:\windows\SYSTEM32\VERSION.dll
0x00007ffd79030000 - 0x00007ffd79048000 	C:\windows\SYSTEM32\kernel.appcore.dll
0x00007ffd76cb0000 - 0x00007ffd76cba000 	C:\Users\emathias\AppData\Local\JetBrains\Toolbox\apps\PyCharm-P\ch-0\222.4345.23\jbr\bin\jimage.dll
0x00007ffd77aa0000 - 0x00007ffd77cc1000 	C:\windows\SYSTEM32\DBGHELP.DLL
0x00007ffd61570000 - 0x00007ffd615a1000 	C:\windows\SYSTEM32\dbgcore.DLL
0x00007ffd7a790000 - 0x00007ffd7a80f000 	C:\windows\System32\bcryptPrimitives.dll
0x00007ffd2b410000 - 0x00007ffd2b435000 	C:\Users\emathias\AppData\Local\JetBrains\Toolbox\apps\PyCharm-P\ch-0\222.4345.23\jbr\bin\java.dll
0x00007ffd2b3f0000 - 0x00007ffd2b408000 	C:\Users\emathias\AppData\Local\JetBrains\Toolbox\apps\PyCharm-P\ch-0\222.4345.23\jbr\bin\zip.dll
0x00007ffd7bd80000 - 0x00007ffd7c538000 	C:\windows\System32\SHELL32.dll
0x00007ffd781c0000 - 0x00007ffd78a25000 	C:\windows\SYSTEM32\windows.storage.dll
0x00007ffd7b250000 - 0x00007ffd7b5c8000 	C:\windows\System32\combase.dll
0x00007ffd78050000 - 0x00007ffd781b6000 	C:\windows\SYSTEM32\wintypes.dll
0x00007ffd7b160000 - 0x00007ffd7b24a000 	C:\windows\System32\SHCORE.dll
0x00007ffd7b100000 - 0x00007ffd7b15d000 	C:\windows\System32\shlwapi.dll
0x00007ffd79f20000 - 0x00007ffd79f41000 	C:\windows\SYSTEM32\profapi.dll
0x00007ffd2b3d0000 - 0x00007ffd2b3e9000 	C:\Users\emathias\AppData\Local\JetBrains\Toolbox\apps\PyCharm-P\ch-0\222.4345.23\jbr\bin\net.dll
0x00007ffd728d0000 - 0x00007ffd729e4000 	C:\windows\SYSTEM32\WINHTTP.dll
0x00007ffd794c0000 - 0x00007ffd79527000 	C:\windows\system32\mswsock.dll
0x00007ffd2b3b0000 - 0x00007ffd2b3c6000 	C:\Users\emathias\AppData\Local\JetBrains\Toolbox\apps\PyCharm-P\ch-0\222.4345.23\jbr\bin\nio.dll
0x00007ffd56d40000 - 0x00007ffd56d50000 	C:\Users\emathias\AppData\Local\JetBrains\Toolbox\apps\PyCharm-P\ch-0\222.4345.23\jbr\bin\verify.dll

dbghelp: loaded successfully - version: 4.0.5 - missing functions: none
symbol engine: initialized successfully - sym options: 0x614 - pdb path: .;C:\Users\emathias\AppData\Local\JetBrains\Toolbox\apps\PyCharm-P\ch-0\222.4345.23\jbr\bin;C:\windows\SYSTEM32;C:\windows\WinSxS\amd64_microsoft.windows.common-controls_6595b64144ccf1df_6.0.22000.120_none_9d947278b86cc467;C:\Users\emathias\AppData\Local\JetBrains\Toolbox\apps\PyCharm-P\ch-0\222.4345.23\jbr\bin\server

VM Arguments:
java_command: externalApp.nativessh.NativeSshAskPassApp emathias@192.168.50.145's password: 
java_class_path (initial): C:/Users/emathias/AppData/Local/JetBrains/Toolbox/apps/PyCharm-P/ch-0/222.4345.23/lib/externalProcess-rt.jar;C:/Users/emathias/AppData/Local/JetBrains/Toolbox/apps/PyCharm-P/ch-0/222.4345.23/lib/app.jar;C:/Users/emathias/AppData/Local/JetBrains/Toolbox/apps/PyCharm-P/ch-0/222.4345.23/lib/3rd-party-rt.jar
Launcher Type: SUN_STANDARD

[Global flags]
     intx CICompilerCount                          = 4                                         {product} {ergonomic}
     uint ConcGCThreads                            = 2                                         {product} {ergonomic}
     uint G1ConcRefinementThreads                  = 8                                         {product} {ergonomic}
   size_t G1HeapRegionSize                         = 2097152                                   {product} {ergonomic}
    uintx GCDrainStackTargetSize                   = 64                                        {product} {ergonomic}
   size_t InitialHeapSize                          = 264241152                                 {product} {ergonomic}
   size_t MarkStackSize                            = 4194304                                   {product} {ergonomic}
   size_t MaxHeapSize                              = 4200595456                                {product} {ergonomic}
   size_t MaxNewSize                               = 2518679552                                {product} {ergonomic}
   size_t MinHeapDeltaBytes                        = 2097152                                   {product} {ergonomic}
   size_t MinHeapSize                              = 8388608                                   {product} {ergonomic}
    uintx NonNMethodCodeHeapSize                   = 5839372                                {pd product} {ergonomic}
    uintx NonProfiledCodeHeapSize                  = 122909434                              {pd product} {ergonomic}
    uintx ProfiledCodeHeapSize                     = 122909434                              {pd product} {ergonomic}
    uintx ReservedCodeCacheSize                    = 251658240                              {pd product} {ergonomic}
     bool SegmentedCodeCache                       = true                                      {product} {ergonomic}
   size_t SoftMaxHeapSize                          = 4200595456                             {manageable} {ergonomic}
     bool UseCompressedClassPointers               = true                           {product lp64_product} {ergonomic}
     bool UseCompressedOops                        = true                           {product lp64_product} {ergonomic}
     bool UseG1GC                                  = true                                      {product} {ergonomic}
     bool UseLargePagesIndividualAllocation        = false                                  {pd product} {ergonomic}

Logging:
Log output configuration:
 #0: stdout all=warning uptime,level,tags
 #1: stderr all=off uptime,level,tags

Environment Variables:
PATH=C:\Program Files\Git\mingw64\libexec\git-core;C:\Program Files\Git\mingw64\bin;C:\Program Files\Git\usr\bin;C:\Users\emathias\bin;D:\ADICT\Developments\iLMS\ILMS-PROJECT\OLAMS\olams-auth-server\venv\Scripts;C:\Program Files\Common Files\Oracle\Java\javapath;C:\Program Files (x86)\Common Files\Oracle\Java\javapath;C:\windows\system32;C:\windows;C:\windows\System32\Wbem;C:\windows\System32\WindowsPowerShell\v1.0;C:\windows\System32\OpenSSH;C:\Program Files\nodejs;C:\Program Files\Git\cmd;C:\Program Files\dotnet;C:\Program Files (x86)\dotnet;C:\xampp\php;C:\instantclient_12_2;C:\Program Files (x86)\Microsoft SQL Server\150\DTS\Binn;C:\Program Files\Azure Data Studio\bin;C:\ProgramData\ComposerSetup\bin;C:\Program Files (x86)\Bitvise SSH Client;C:\Users\emathias\AppData\Local\Programs\Python\Python310\Scripts;C:\Users\emathias\AppData\Local\Programs\Python\Python310;C:\Users\emathias\AppData\Local\Microsoft\WindowsApps;C:\Users\emathias\AppData\Local\JetBrains\Toolbox\scripts
USERNAME=emathias
DISPLAY=:0.0
LC_ALL=en_US.UTF-8
TERM=cygwin
TMPDIR=C:\Users\emathias\AppData\Local\Temp
OS=Windows_NT
PROCESSOR_IDENTIFIER=Intel64 Family 6 Model 140 Stepping 1, GenuineIntel
TMP=C:\Users\emathias\AppData\Local\Temp
TEMP=C:\Users\emathias\AppData\Local\Temp



---------------  S Y S T E M  ---------------

OS:
 Windows 11 , 64 bit Build 22000 (10.0.22000.1219)
OS uptime: 4 days 13:50 hours
Hyper-V role detected

CPU: total 8 (initial active 8) (4 cores per cpu, 2 threads per core) family 6 model 140 stepping 1 microcode 0x8a, cx8, cmov, fxsr, ht, mmx, 3dnowpref, sse, sse2, sse3, ssse3, sse4.1, sse4.2, popcnt, lzcnt, tsc, tscinvbit, avx, avx2, aes, erms, clmul, bmi1, bmi2, adx, avx512f, avx512dq, avx512cd, avx512bw, avx512vl, sha, fma, vzeroupper, avx512_vpopcntdq, avx512_vpclmulqdq, avx512_vaes, avx512_vnni, clflush, clflushopt, clwb, avx512_vbmi2, avx512_vbmi, hv

Memory: 4k page, system-wide physical 16023M (672M free)
TotalPageFile size 49441M (AvailPageFile size 690M)
current process WorkingSet (physical memory assigned to process): 52M, peak: 52M
current process commit charge ("private bytes"): 337M, peak: 337M

vm_info: OpenJDK 64-Bit Server VM (17.0.4.1+7-b469.62) for windows-amd64 JRE (17.0.4.1+7-b469.62), built on 2022-09-22 by "builduser" with MS VC++ 16.10 / 16.11 (VS2019)

END.
