#
# There is insufficient memory for the Java Runtime Environment to continue.
# Native memory allocation (malloc) failed to allocate 483056 bytes for Chunk::new
# Possible reasons:
#   The system is out of physical RAM or swap space
#   The process is running with CompressedOops enabled, and the Java Heap may be blocking the growth of the native heap
# Possible solutions:
#   Reduce memory load on the system
#   Increase physical memory or swap space
#   Check if swap backing store is full
#   Decrease Java heap size (-Xmx/-Xms)
#   Decrease number of Java threads
#   Decrease Java thread stack sizes (-Xss)
#   Set larger code cache with -XX:ReservedCodeCacheSize=
#   JVM is running with Zero Based Compressed Oops mode in which the Java heap is
#     placed in the first 32GB address space. The Java Heap base address is the
#     maximum limit for the native heap growth. Please use -XX:HeapBaseMinAddress
#     to set the Java Heap base and to place the Java Heap above 32GB virtual address.
# This output file may be truncated or incomplete.
#
#  Out of Memory Error (arena.cpp:189), pid=24260, tid=78972
#
# JRE version: OpenJDK Runtime Environment JBR-17.0.4.1+7-469.62-jcef (17.0.4.1+7) (build 17.0.4.1+7-b469.62)
# Java VM: OpenJDK 64-Bit Server VM JBR-17.0.4.1+7-469.62-jcef (17.0.4.1+7-b469.62, mixed mode, tiered, compressed oops, compressed class ptrs, g1 gc, windows-amd64)
# No core dump will be written. Minidumps are not enabled by default on client versions of Windows
#

---------------  S U M M A R Y ------------

Command Line: externalApp.nativessh.NativeSshAskPassApp emathias@192.168.50.145's password: 

Host: 11th Gen Intel(R) Core(TM) i7-1165G7 @ 2.80GHz, 8 cores, 15G,  Windows 11 , 64 bit Build 22000 (10.0.22000.1219)
Time: Mon Nov 14 17:13:12 2022 E. Africa Standard Time elapsed time: 0.283825 seconds (0d 0h 0m 0s)

---------------  T H R E A D  ---------------

Current thread (0x0000021221cabd00):  JavaThread "C2 CompilerThread0" daemon [_thread_in_native, id=78972, stack(0x000000d94d200000,0x000000d94d300000)]


Current CompileTask:
C2:    283  163       4       java.util.zip.ZipFile$Source::initCEN (591 bytes)

Stack: [0x000000d94d200000,0x000000d94d300000]
Native frames: (J=compiled Java code, j=interpreted, Vv=VM code, C=native code)
V  [jvm.dll+0x68356a]
V  [jvm.dll+0x83fab4]
V  [jvm.dll+0x84125e]
V  [jvm.dll+0x8418c3]
V  [jvm.dll+0x249735]
V  [jvm.dll+0xabd5c]
V  [jvm.dll+0xac32c]
V  [jvm.dll+0x368842]
V  [jvm.dll+0x332d71]
V  [jvm.dll+0x33221a]
V  [jvm.dll+0x21be41]
V  [jvm.dll+0x21b261]
V  [jvm.dll+0x1a4dfd]
V  [jvm.dll+0x22acd8]
V  [jvm.dll+0x228d89]
V  [jvm.dll+0x7f53ac]
V  [jvm.dll+0x7ef8da]
V  [jvm.dll+0x6823a5]
C  [ucrtbase.dll+0x26c0c]
C  [KERNEL32.DLL+0x15550]
C  [ntdll.dll+0x485b]


---------------  P R O C E S S  ---------------

Threads class SMR info:
_java_thread_list=0x0000021221e0e140, length=12, elements={
0x00000212026923f0, 0x0000021221c44600, 0x0000021221c45a40, 0x000002122108cec0,
0x000002122108d870, 0x000002122108e220, 0x0000021221ca8ff0, 0x0000021221cabd00,
0x0000021221cafca0, 0x0000021221cd4020, 0x0000021221e2d410, 0x0000021221e34d90
}

Java Threads: ( => current thread )
  0x00000212026923f0 JavaThread "main" [_thread_in_vm, id=70992, stack(0x000000d94c500000,0x000000d94c600000)]
  0x0000021221c44600 JavaThread "Reference Handler" daemon [_thread_blocked, id=66728, stack(0x000000d94cc00000,0x000000d94cd00000)]
  0x0000021221c45a40 JavaThread "Finalizer" daemon [_thread_blocked, id=84100, stack(0x000000d94cd00000,0x000000d94ce00000)]
  0x000002122108cec0 JavaThread "Signal Dispatcher" daemon [_thread_blocked, id=9180, stack(0x000000d94ce00000,0x000000d94cf00000)]
  0x000002122108d870 JavaThread "Attach Listener" daemon [_thread_blocked, id=85080, stack(0x000000d94cf00000,0x000000d94d000000)]
  0x000002122108e220 JavaThread "Service Thread" daemon [_thread_blocked, id=81692, stack(0x000000d94d000000,0x000000d94d100000)]
  0x0000021221ca8ff0 JavaThread "Monitor Deflation Thread" daemon [_thread_blocked, id=81992, stack(0x000000d94d100000,0x000000d94d200000)]
=>0x0000021221cabd00 JavaThread "C2 CompilerThread0" daemon [_thread_in_native, id=78972, stack(0x000000d94d200000,0x000000d94d300000)]
  0x0000021221cafca0 JavaThread "C1 CompilerThread0" daemon [_thread_blocked, id=74820, stack(0x000000d94d300000,0x000000d94d400000)]
  0x0000021221cd4020 JavaThread "Sweeper thread" daemon [_thread_blocked, id=83864, stack(0x000000d94d400000,0x000000d94d500000)]
  0x0000021221e2d410 JavaThread "Notification Thread" daemon [_thread_blocked, id=64304, stack(0x000000d94d500000,0x000000d94d600000)]
  0x0000021221e34d90 JavaThread "Common-Cleaner" daemon [_thread_blocked, id=84156, stack(0x000000d94d700000,0x000000d94d800000)]

Other Threads:
  0x000002122107e800 VMThread "VM Thread" [stack: 0x000000d94cb00000,0x000000d94cc00000] [id=81372]
  0x0000021202723930 WatcherThread [stack: 0x000000d94d600000,0x000000d94d700000] [id=83856]
  0x00000212026fdfd0 GCTaskThread "GC Thread#0" [stack: 0x000000d94c600000,0x000000d94c700000] [id=80308]
  0x000002120270eac0 ConcurrentGCThread "G1 Main Marker" [stack: 0x000000d94c700000,0x000000d94c800000] [id=61628]
  0x0000021202710b20 ConcurrentGCThread "G1 Conc#0" [stack: 0x000000d94c800000,0x000000d94c900000] [id=4212]
  0x000002120275d7d0 ConcurrentGCThread "G1 Refine#0" [stack: 0x000000d94c900000,0x000000d94ca00000] [id=73088]
  0x000002120275e090 ConcurrentGCThread "G1 Service" [stack: 0x000000d94ca00000,0x000000d94cb00000] [id=73712]

Threads with active compile tasks:
C2 CompilerThread0      301  163       4       java.util.zip.ZipFile$Source::initCEN (591 bytes)

VM state: not at safepoint (normal execution)

VM Mutex/Monitor currently owned by a thread:  ([mutex/lock_event])
[0x000002120268c8e0] Metaspace_lock - owner thread: 0x00000212026923f0

Heap address: 0x0000000705a00000, size: 4006 MB, Compressed Oops mode: Zero based, Oop shift amount: 3

CDS archive(s) not mapped
Compressed class space mapped at: 0x0000000800000000-0x0000000840000000, reserved size: 1073741824
Narrow klass base: 0x0000000800000000, Narrow klass shift: 0, Narrow klass range: 0x40000000

GC Precious Log:
 CPUs: 8 total, 8 available
 Memory: 16023M
 Large Page Support: Disabled
 NUMA Support: Disabled
 Compressed Oops: Enabled (Zero based)
 Heap Region Size: 2M
 Heap Min Capacity: 8M
 Heap Initial Capacity: 252M
 Heap Max Capacity: 4006M
 Pre-touch: Disabled
 Parallel Workers: 8
 Concurrent Workers: 2
 Concurrent Refinement Workers: 8
 Periodic GC: Disabled

Heap:
 garbage-first heap   total 258048K, used 18432K [0x0000000705a00000, 0x0000000800000000)
  region size 2048K, 2 young (4096K), 0 survivors (0K)
 Metaspace       used 6864K, committed 6976K, reserved 1056768K
  class space    used 597K, committed 704K, reserved 1048576K

Heap Regions: E=young(eden), S=young(survivor), O=old, HS=humongous(starts), HC=humongous(continues), CS=collection set, F=free, OA=open archive, CA=closed archive, TAMS=top-at-mark-start (previous, next)
|   0|0x0000000705a00000, 0x0000000705c00000, 0x0000000705c00000|100%|HS|  |TAMS 0x0000000705a00000, 0x0000000705a00000| Complete 
|   1|0x0000000705c00000, 0x0000000705e00000, 0x0000000705e00000|100%|HC|  |TAMS 0x0000000705c00000, 0x0000000705c00000| Complete 
|   2|0x0000000705e00000, 0x0000000706000000, 0x0000000706000000|100%|HC|  |TAMS 0x0000000705e00000, 0x0000000705e00000| Complete 
|   3|0x0000000706000000, 0x0000000706200000, 0x0000000706200000|100%|HC|  |TAMS 0x0000000706000000, 0x0000000706000000| Complete 
|   4|0x0000000706200000, 0x0000000706400000, 0x0000000706400000|100%|HC|  |TAMS 0x0000000706200000, 0x0000000706200000| Complete 
|   5|0x0000000706400000, 0x0000000706600000, 0x0000000706600000|100%|HC|  |TAMS 0x0000000706400000, 0x0000000706400000| Complete 
|   6|0x0000000706600000, 0x0000000706800000, 0x0000000706800000|100%|HS|  |TAMS 0x0000000706600000, 0x0000000706600000| Complete 
|   7|0x0000000706800000, 0x0000000706a00000, 0x0000000706a00000|100%|HS|  |TAMS 0x0000000706800000, 0x0000000706800000| Complete 
|   8|0x0000000706a00000, 0x0000000706a00000, 0x0000000706c00000|  0%| F|  |TAMS 0x0000000706a00000, 0x0000000706a00000| Untracked 
|   9|0x0000000706c00000, 0x0000000706c00000, 0x0000000706e00000|  0%| F|  |TAMS 0x0000000706c00000, 0x0000000706c00000| Untracked 
|  10|0x0000000706e00000, 0x0000000706e00000, 0x0000000707000000|  0%| F|  |TAMS 0x0000000706e00000, 0x0000000706e00000| Untracked 
|  11|0x0000000707000000, 0x0000000707000000, 0x0000000707200000|  0%| F|  |TAMS 0x0000000707000000, 0x0000000707000000| Untracked 
|  12|0x0000000707200000, 0x0000000707200000, 0x0000000707400000|  0%| F|  |TAMS 0x0000000707200000, 0x0000000707200000| Untracked 
|  13|0x0000000707400000, 0x0000000707400000, 0x0000000707600000|  0%| F|  |TAMS 0x0000000707400000, 0x0000000707400000| Untracked 
|  14|0x0000000707600000, 0x0000000707600000, 0x0000000707800000|  0%| F|  |TAMS 0x0000000707600000, 0x0000000707600000| Untracked 
|  15|0x0000000707800000, 0x0000000707800000, 0x0000000707a00000|  0%| F|  |TAMS 0x0000000707800000, 0x0000000707800000| Untracked 
|  16|0x0000000707a00000, 0x0000000707a00000, 0x0000000707c00000|  0%| F|  |TAMS 0x0000000707a00000, 0x0000000707a00000| Untracked 
|  17|0x0000000707c00000, 0x0000000707c00000, 0x0000000707e00000|  0%| F|  |TAMS 0x0000000707c00000, 0x0000000707c00000| Untracked 
|  18|0x0000000707e00000, 0x0000000707e00000, 0x0000000708000000|  0%| F|  |TAMS 0x0000000707e00000, 0x0000000707e00000| Untracked 
|  19|0x0000000708000000, 0x0000000708000000, 0x0000000708200000|  0%| F|  |TAMS 0x0000000708000000, 0x0000000708000000| Untracked 
|  20|0x0000000708200000, 0x0000000708200000, 0x0000000708400000|  0%| F|  |TAMS 0x0000000708200000, 0x0000000708200000| Untracked 
|  21|0x0000000708400000, 0x0000000708400000, 0x0000000708600000|  0%| F|  |TAMS 0x0000000708400000, 0x0000000708400000| Untracked 
|  22|0x0000000708600000, 0x0000000708600000, 0x0000000708800000|  0%| F|  |TAMS 0x0000000708600000, 0x0000000708600000| Untracked 
|  23|0x0000000708800000, 0x0000000708800000, 0x0000000708a00000|  0%| F|  |TAMS 0x0000000708800000, 0x0000000708800000| Untracked 
|  24|0x0000000708a00000, 0x0000000708a00000, 0x0000000708c00000|  0%| F|  |TAMS 0x0000000708a00000, 0x0000000708a00000| Untracked 
|  25|0x0000000708c00000, 0x0000000708c00000, 0x0000000708e00000|  0%| F|  |TAMS 0x0000000708c00000, 0x0000000708c00000| Untracked 
|  26|0x0000000708e00000, 0x0000000708e00000, 0x0000000709000000|  0%| F|  |TAMS 0x0000000708e00000, 0x0000000708e00000| Untracked 
|  27|0x0000000709000000, 0x0000000709000000, 0x0000000709200000|  0%| F|  |TAMS 0x0000000709000000, 0x0000000709000000| Untracked 
|  28|0x0000000709200000, 0x0000000709200000, 0x0000000709400000|  0%| F|  |TAMS 0x0000000709200000, 0x0000000709200000| Untracked 
|  29|0x0000000709400000, 0x0000000709400000, 0x0000000709600000|  0%| F|  |TAMS 0x0000000709400000, 0x0000000709400000| Untracked 
|  30|0x0000000709600000, 0x0000000709600000, 0x0000000709800000|  0%| F|  |TAMS 0x0000000709600000, 0x0000000709600000| Untracked 
|  31|0x0000000709800000, 0x0000000709800000, 0x0000000709a00000|  0%| F|  |TAMS 0x0000000709800000, 0x0000000709800000| Untracked 
|  32|0x0000000709a00000, 0x0000000709a00000, 0x0000000709c00000|  0%| F|  |TAMS 0x0000000709a00000, 0x0000000709a00000| Untracked 
|  33|0x0000000709c00000, 0x0000000709c00000, 0x0000000709e00000|  0%| F|  |TAMS 0x0000000709c00000, 0x0000000709c00000| Untracked 
|  34|0x0000000709e00000, 0x0000000709e00000, 0x000000070a000000|  0%| F|  |TAMS 0x0000000709e00000, 0x0000000709e00000| Untracked 
|  35|0x000000070a000000, 0x000000070a000000, 0x000000070a200000|  0%| F|  |TAMS 0x000000070a000000, 0x000000070a000000| Untracked 
|  36|0x000000070a200000, 0x000000070a200000, 0x000000070a400000|  0%| F|  |TAMS 0x000000070a200000, 0x000000070a200000| Untracked 
|  37|0x000000070a400000, 0x000000070a400000, 0x000000070a600000|  0%| F|  |TAMS 0x000000070a400000, 0x000000070a400000| Untracked 
|  38|0x000000070a600000, 0x000000070a600000, 0x000000070a800000|  0%| F|  |TAMS 0x000000070a600000, 0x000000070a600000| Untracked 
|  39|0x000000070a800000, 0x000000070a800000, 0x000000070aa00000|  0%| F|  |TAMS 0x000000070a800000, 0x000000070a800000| Untracked 
|  40|0x000000070aa00000, 0x000000070aa00000, 0x000000070ac00000|  0%| F|  |TAMS 0x000000070aa00000, 0x000000070aa00000| Untracked 
|  41|0x000000070ac00000, 0x000000070ac00000, 0x000000070ae00000|  0%| F|  |TAMS 0x000000070ac00000, 0x000000070ac00000| Untracked 
|  42|0x000000070ae00000, 0x000000070ae00000, 0x000000070b000000|  0%| F|  |TAMS 0x000000070ae00000, 0x000000070ae00000| Untracked 
|  43|0x000000070b000000, 0x000000070b000000, 0x000000070b200000|  0%| F|  |TAMS 0x000000070b000000, 0x000000070b000000| Untracked 
|  44|0x000000070b200000, 0x000000070b200000, 0x000000070b400000|  0%| F|  |TAMS 0x000000070b200000, 0x000000070b200000| Untracked 
|  45|0x000000070b400000, 0x000000070b400000, 0x000000070b600000|  0%| F|  |TAMS 0x000000070b400000, 0x000000070b400000| Untracked 
|  46|0x000000070b600000, 0x000000070b600000, 0x000000070b800000|  0%| F|  |TAMS 0x000000070b600000, 0x000000070b600000| Untracked 
|  47|0x000000070b800000, 0x000000070b800000, 0x000000070ba00000|  0%| F|  |TAMS 0x000000070b800000, 0x000000070b800000| Untracked 
|  48|0x000000070ba00000, 0x000000070ba00000, 0x000000070bc00000|  0%| F|  |TAMS 0x000000070ba00000, 0x000000070ba00000| Untracked 
|  49|0x000000070bc00000, 0x000000070bc00000, 0x000000070be00000|  0%| F|  |TAMS 0x000000070bc00000, 0x000000070bc00000| Untracked 
|  50|0x000000070be00000, 0x000000070be00000, 0x000000070c000000|  0%| F|  |TAMS 0x000000070be00000, 0x000000070be00000| Untracked 
|  51|0x000000070c000000, 0x000000070c000000, 0x000000070c200000|  0%| F|  |TAMS 0x000000070c000000, 0x000000070c000000| Untracked 
|  52|0x000000070c200000, 0x000000070c200000, 0x000000070c400000|  0%| F|  |TAMS 0x000000070c200000, 0x000000070c200000| Untracked 
|  53|0x000000070c400000, 0x000000070c400000, 0x000000070c600000|  0%| F|  |TAMS 0x000000070c400000, 0x000000070c400000| Untracked 
|  54|0x000000070c600000, 0x000000070c600000, 0x000000070c800000|  0%| F|  |TAMS 0x000000070c600000, 0x000000070c600000| Untracked 
|  55|0x000000070c800000, 0x000000070c800000, 0x000000070ca00000|  0%| F|  |TAMS 0x000000070c800000, 0x000000070c800000| Untracked 
|  56|0x000000070ca00000, 0x000000070ca00000, 0x000000070cc00000|  0%| F|  |TAMS 0x000000070ca00000, 0x000000070ca00000| Untracked 
|  57|0x000000070cc00000, 0x000000070cc00000, 0x000000070ce00000|  0%| F|  |TAMS 0x000000070cc00000, 0x000000070cc00000| Untracked 
|  58|0x000000070ce00000, 0x000000070ce00000, 0x000000070d000000|  0%| F|  |TAMS 0x000000070ce00000, 0x000000070ce00000| Untracked 
|  59|0x000000070d000000, 0x000000070d000000, 0x000000070d200000|  0%| F|  |TAMS 0x000000070d000000, 0x000000070d000000| Untracked 
|  60|0x000000070d200000, 0x000000070d200000, 0x000000070d400000|  0%| F|  |TAMS 0x000000070d200000, 0x000000070d200000| Untracked 
|  61|0x000000070d400000, 0x000000070d400000, 0x000000070d600000|  0%| F|  |TAMS 0x000000070d400000, 0x000000070d400000| Untracked 
|  62|0x000000070d600000, 0x000000070d600000, 0x000000070d800000|  0%| F|  |TAMS 0x000000070d600000, 0x000000070d600000| Untracked 
|  63|0x000000070d800000, 0x000000070d800000, 0x000000070da00000|  0%| F|  |TAMS 0x000000070d800000, 0x000000070d800000| Untracked 
|  64|0x000000070da00000, 0x000000070da00000, 0x000000070dc00000|  0%| F|  |TAMS 0x000000070da00000, 0x000000070da00000| Untracked 
|  65|0x000000070dc00000, 0x000000070dc00000, 0x000000070de00000|  0%| F|  |TAMS 0x000000070dc00000, 0x000000070dc00000| Untracked 
|  66|0x000000070de00000, 0x000000070de00000, 0x000000070e000000|  0%| F|  |TAMS 0x000000070de00000, 0x000000070de00000| Untracked 
|  67|0x000000070e000000, 0x000000070e000000, 0x000000070e200000|  0%| F|  |TAMS 0x000000070e000000, 0x000000070e000000| Untracked 
|  68|0x000000070e200000, 0x000000070e200000, 0x000000070e400000|  0%| F|  |TAMS 0x000000070e200000, 0x000000070e200000| Untracked 
|  69|0x000000070e400000, 0x000000070e400000, 0x000000070e600000|  0%| F|  |TAMS 0x000000070e400000, 0x000000070e400000| Untracked 
|  70|0x000000070e600000, 0x000000070e600000, 0x000000070e800000|  0%| F|  |TAMS 0x000000070e600000, 0x000000070e600000| Untracked 
|  71|0x000000070e800000, 0x000000070e800000, 0x000000070ea00000|  0%| F|  |TAMS 0x000000070e800000, 0x000000070e800000| Untracked 
|  72|0x000000070ea00000, 0x000000070ea00000, 0x000000070ec00000|  0%| F|  |TAMS 0x000000070ea00000, 0x000000070ea00000| Untracked 
|  73|0x000000070ec00000, 0x000000070ec00000, 0x000000070ee00000|  0%| F|  |TAMS 0x000000070ec00000, 0x000000070ec00000| Untracked 
|  74|0x000000070ee00000, 0x000000070ee00000, 0x000000070f000000|  0%| F|  |TAMS 0x000000070ee00000, 0x000000070ee00000| Untracked 
|  75|0x000000070f000000, 0x000000070f000000, 0x000000070f200000|  0%| F|  |TAMS 0x000000070f000000, 0x000000070f000000| Untracked 
|  76|0x000000070f200000, 0x000000070f200000, 0x000000070f400000|  0%| F|  |TAMS 0x000000070f200000, 0x000000070f200000| Untracked 
|  77|0x000000070f400000, 0x000000070f400000, 0x000000070f600000|  0%| F|  |TAMS 0x000000070f400000, 0x000000070f400000| Untracked 
|  78|0x000000070f600000, 0x000000070f600000, 0x000000070f800000|  0%| F|  |TAMS 0x000000070f600000, 0x000000070f600000| Untracked 
|  79|0x000000070f800000, 0x000000070f800000, 0x000000070fa00000|  0%| F|  |TAMS 0x000000070f800000, 0x000000070f800000| Untracked 
|  80|0x000000070fa00000, 0x000000070fa00000, 0x000000070fc00000|  0%| F|  |TAMS 0x000000070fa00000, 0x000000070fa00000| Untracked 
|  81|0x000000070fc00000, 0x000000070fc00000, 0x000000070fe00000|  0%| F|  |TAMS 0x000000070fc00000, 0x000000070fc00000| Untracked 
|  82|0x000000070fe00000, 0x000000070fe00000, 0x0000000710000000|  0%| F|  |TAMS 0x000000070fe00000, 0x000000070fe00000| Untracked 
|  83|0x0000000710000000, 0x0000000710000000, 0x0000000710200000|  0%| F|  |TAMS 0x0000000710000000, 0x0000000710000000| Untracked 
|  84|0x0000000710200000, 0x0000000710200000, 0x0000000710400000|  0%| F|  |TAMS 0x0000000710200000, 0x0000000710200000| Untracked 
|  85|0x0000000710400000, 0x0000000710400000, 0x0000000710600000|  0%| F|  |TAMS 0x0000000710400000, 0x0000000710400000| Untracked 
|  86|0x0000000710600000, 0x0000000710600000, 0x0000000710800000|  0%| F|  |TAMS 0x0000000710600000, 0x0000000710600000| Untracked 
|  87|0x0000000710800000, 0x0000000710800000, 0x0000000710a00000|  0%| F|  |TAMS 0x0000000710800000, 0x0000000710800000| Untracked 
|  88|0x0000000710a00000, 0x0000000710a00000, 0x0000000710c00000|  0%| F|  |TAMS 0x0000000710a00000, 0x0000000710a00000| Untracked 
|  89|0x0000000710c00000, 0x0000000710c00000, 0x0000000710e00000|  0%| F|  |TAMS 0x0000000710c00000, 0x0000000710c00000| Untracked 
|  90|0x0000000710e00000, 0x0000000710e00000, 0x0000000711000000|  0%| F|  |TAMS 0x0000000710e00000, 0x0000000710e00000| Untracked 
|  91|0x0000000711000000, 0x0000000711000000, 0x0000000711200000|  0%| F|  |TAMS 0x0000000711000000, 0x0000000711000000| Untracked 
|  92|0x0000000711200000, 0x0000000711200000, 0x0000000711400000|  0%| F|  |TAMS 0x0000000711200000, 0x0000000711200000| Untracked 
|  93|0x0000000711400000, 0x0000000711400000, 0x0000000711600000|  0%| F|  |TAMS 0x0000000711400000, 0x0000000711400000| Untracked 
|  94|0x0000000711600000, 0x0000000711600000, 0x0000000711800000|  0%| F|  |TAMS 0x0000000711600000, 0x0000000711600000| Untracked 
|  95|0x0000000711800000, 0x0000000711800000, 0x0000000711a00000|  0%| F|  |TAMS 0x0000000711800000, 0x0000000711800000| Untracked 
|  96|0x0000000711a00000, 0x0000000711a00000, 0x0000000711c00000|  0%| F|  |TAMS 0x0000000711a00000, 0x0000000711a00000| Untracked 
|  97|0x0000000711c00000, 0x0000000711c00000, 0x0000000711e00000|  0%| F|  |TAMS 0x0000000711c00000, 0x0000000711c00000| Untracked 
|  98|0x0000000711e00000, 0x0000000711e00000, 0x0000000712000000|  0%| F|  |TAMS 0x0000000711e00000, 0x0000000711e00000| Untracked 
|  99|0x0000000712000000, 0x0000000712000000, 0x0000000712200000|  0%| F|  |TAMS 0x0000000712000000, 0x0000000712000000| Untracked 
| 100|0x0000000712200000, 0x0000000712200000, 0x0000000712400000|  0%| F|  |TAMS 0x0000000712200000, 0x0000000712200000| Untracked 
| 101|0x0000000712400000, 0x0000000712400000, 0x0000000712600000|  0%| F|  |TAMS 0x0000000712400000, 0x0000000712400000| Untracked 
| 102|0x0000000712600000, 0x0000000712600000, 0x0000000712800000|  0%| F|  |TAMS 0x0000000712600000, 0x0000000712600000| Untracked 
| 103|0x0000000712800000, 0x0000000712800000, 0x0000000712a00000|  0%| F|  |TAMS 0x0000000712800000, 0x0000000712800000| Untracked 
| 104|0x0000000712a00000, 0x0000000712a00000, 0x0000000712c00000|  0%| F|  |TAMS 0x0000000712a00000, 0x0000000712a00000| Untracked 
| 105|0x0000000712c00000, 0x0000000712c00000, 0x0000000712e00000|  0%| F|  |TAMS 0x0000000712c00000, 0x0000000712c00000| Untracked 
| 106|0x0000000712e00000, 0x0000000712e00000, 0x0000000713000000|  0%| F|  |TAMS 0x0000000712e00000, 0x0000000712e00000| Untracked 
| 107|0x0000000713000000, 0x0000000713000000, 0x0000000713200000|  0%| F|  |TAMS 0x0000000713000000, 0x0000000713000000| Untracked 
| 108|0x0000000713200000, 0x0000000713200000, 0x0000000713400000|  0%| F|  |TAMS 0x0000000713200000, 0x0000000713200000| Untracked 
| 109|0x0000000713400000, 0x0000000713400000, 0x0000000713600000|  0%| F|  |TAMS 0x0000000713400000, 0x0000000713400000| Untracked 
| 110|0x0000000713600000, 0x0000000713600000, 0x0000000713800000|  0%| F|  |TAMS 0x0000000713600000, 0x0000000713600000| Untracked 
| 111|0x0000000713800000, 0x0000000713800000, 0x0000000713a00000|  0%| F|  |TAMS 0x0000000713800000, 0x0000000713800000| Untracked 
| 112|0x0000000713a00000, 0x0000000713a00000, 0x0000000713c00000|  0%| F|  |TAMS 0x0000000713a00000, 0x0000000713a00000| Untracked 
| 113|0x0000000713c00000, 0x0000000713c00000, 0x0000000713e00000|  0%| F|  |TAMS 0x0000000713c00000, 0x0000000713c00000| Untracked 
| 114|0x0000000713e00000, 0x0000000713e00000, 0x0000000714000000|  0%| F|  |TAMS 0x0000000713e00000, 0x0000000713e00000| Untracked 
| 115|0x0000000714000000, 0x0000000714000000, 0x0000000714200000|  0%| F|  |TAMS 0x0000000714000000, 0x0000000714000000| Untracked 
| 116|0x0000000714200000, 0x0000000714200000, 0x0000000714400000|  0%| F|  |TAMS 0x0000000714200000, 0x0000000714200000| Untracked 
| 117|0x0000000714400000, 0x0000000714400000, 0x0000000714600000|  0%| F|  |TAMS 0x0000000714400000, 0x0000000714400000| Untracked 
| 118|0x0000000714600000, 0x0000000714600000, 0x0000000714800000|  0%| F|  |TAMS 0x0000000714600000, 0x0000000714600000| Untracked 
| 119|0x0000000714800000, 0x0000000714800000, 0x0000000714a00000|  0%| F|  |TAMS 0x0000000714800000, 0x0000000714800000| Untracked 
| 120|0x0000000714a00000, 0x0000000714a00000, 0x0000000714c00000|  0%| F|  |TAMS 0x0000000714a00000, 0x0000000714a00000| Untracked 
| 121|0x0000000714c00000, 0x0000000714c00000, 0x0000000714e00000|  0%| F|  |TAMS 0x0000000714c00000, 0x0000000714c00000| Untracked 
| 122|0x0000000714e00000, 0x0000000714e00000, 0x0000000715000000|  0%| F|  |TAMS 0x0000000714e00000, 0x0000000714e00000| Untracked 
| 123|0x0000000715000000, 0x0000000715000000, 0x0000000715200000|  0%| F|  |TAMS 0x0000000715000000, 0x0000000715000000| Untracked 
| 124|0x0000000715200000, 0x00000007152996e0, 0x0000000715400000| 29%| E|  |TAMS 0x0000000715200000, 0x0000000715200000| Complete 
| 125|0x0000000715400000, 0x0000000715600000, 0x0000000715600000|100%| E|CS|TAMS 0x0000000715400000, 0x0000000715400000| Complete 

Card table byte_map: [0x0000021215900000,0x00000212160e0000] _byte_map_base: 0x00000212120d3000

Marking Bits (Prev, Next): (CMBitMap*) 0x00000212026fe5e0, (CMBitMap*) 0x00000212026fe620
 Prev Bits: [0x00000212168c0000, 0x000002121a758000)
 Next Bits: [0x000002121a760000, 0x000002121e5f8000)

Polling page: 0x00000212006a0000

Metaspace:

Usage:
  Non-class:      6.12 MB used.
      Class:    597.06 KB used.
       Both:      6.70 MB used.

Virtual space:
  Non-class space:        8.00 MB reserved,       6.12 MB ( 77%) committed,  1 nodes.
      Class space:        1.00 GB reserved,     704.00 KB ( <1%) committed,  1 nodes.
             Both:        1.01 GB reserved,       6.81 MB ( <1%) committed. 

Chunk freelists:
   Non-Class:  1.00 MB
       Class:  3.23 MB
        Both:  4.23 MB

MaxMetaspaceSize: unlimited
CompressedClassSpaceSize: 1.00 GB
Initial GC threshold: 21.00 MB
Current GC threshold: 21.00 MB
CDS: off
MetaspaceReclaimPolicy: balanced
 - commit_granule_bytes: 65536.
 - commit_granule_words: 8192.
 - virtual_space_node_default_size: 1048576.
 - enlarge_chunks_in_place: 1.
 - new_chunks_are_fully_committed: 0.
 - uncommit_free_chunks: 1.
 - use_allocation_guard: 0.
 - handle_deallocations: 1.


Internal statistics:

num_allocs_failed_limit: 0.
num_arena_births: 6.
num_arena_deaths: 0.
num_vsnodes_births: 2.
num_vsnodes_deaths: 0.
num_space_committed: 109.
num_space_uncommitted: 0.
num_chunks_returned_to_freelist: 0.
num_chunks_taken_from_freelist: 30.
num_chunk_merges: 0.
num_chunk_splits: 13.
num_chunks_enlarged: 5.
num_purges: 0.
num_inconsistent_stats: 0.

CodeHeap 'non-profiled nmethods': size=120000Kb used=57Kb max_used=57Kb free=119942Kb
 bounds [0x000002120d8c0000, 0x000002120db30000, 0x0000021214df0000]
CodeHeap 'profiled nmethods': size=120000Kb used=299Kb max_used=299Kb free=119700Kb
 bounds [0x0000021206390000, 0x0000021206600000, 0x000002120d8c0000]
CodeHeap 'non-nmethods': size=5760Kb used=1110Kb max_used=1121Kb free=4649Kb
 bounds [0x0000021205df0000, 0x0000021206060000, 0x0000021206390000]
 total_blobs=570 nmethods=196 adapters=287
 compilation: enabled
              stopped_count=0, restarted_count=0
 full_count=0

Compilation events (20 events):
Event: 0.266 Thread 0x0000021221cafca0 nmethod 166 0x00000212063cbb90 code [0x00000212063cbd40, 0x00000212063cbf68]
Event: 0.269 Thread 0x0000021221cafca0  168       3       java.lang.String::getBytes (46 bytes)
Event: 0.269 Thread 0x0000021221cafca0 nmethod 168 0x00000212063cc010 code [0x00000212063cc1e0, 0x00000212063cc4f8]
Event: 0.271 Thread 0x0000021221cafca0  170       3       java.lang.StringBuilder::append (8 bytes)
Event: 0.271 Thread 0x0000021221cafca0 nmethod 170 0x00000212063cc610 code [0x00000212063cc7a0, 0x00000212063cc8e8]
Event: 0.271 Thread 0x0000021221cafca0  171       3       java.lang.String::lastIndexOf (29 bytes)
Event: 0.272 Thread 0x0000021221cafca0 nmethod 171 0x00000212063cc990 code [0x00000212063ccb60, 0x00000212063cce18]
Event: 0.272 Thread 0x0000021221cafca0  172       3       java.lang.String::lastIndexOf (12 bytes)
Event: 0.273 Thread 0x0000021221cafca0 nmethod 172 0x00000212063ccf10 code [0x00000212063cd100, 0x00000212063cd518]
Event: 0.276 Thread 0x0000021221cafca0  173       3       java.util.HashMap::put (13 bytes)
Event: 0.276 Thread 0x0000021221cafca0 nmethod 173 0x00000212063cd690 code [0x00000212063cd840, 0x00000212063cdb38]
Event: 0.280 Thread 0x0000021221cafca0  174       3       java.io.BufferedInputStream::getBufIfOpen (21 bytes)
Event: 0.280 Thread 0x0000021221cafca0 nmethod 174 0x00000212063cdc90 code [0x00000212063cde40, 0x00000212063ce068]
Event: 0.280 Thread 0x0000021221cafca0  175       3       java.lang.StringUTF16::compress (50 bytes)
Event: 0.281 Thread 0x0000021221cafca0 nmethod 175 0x00000212063ce190 code [0x00000212063ce340, 0x00000212063ce598]
Event: 0.281 Thread 0x0000021221cafca0  177       3       java.io.DataInputStream::readUTF (501 bytes)
Event: 0.282 Thread 0x0000021221cafca0 nmethod 177 0x00000212063ce710 code [0x00000212063ceb60, 0x00000212063d0c08]
Event: 0.282 Thread 0x0000021221cafca0  185       3       java.io.DataInputStream::readFully (59 bytes)
Event: 0.282 Thread 0x0000021221cafca0 nmethod 185 0x00000212063d1790 code [0x00000212063d1980, 0x00000212063d1ea8]
Event: 0.282 Thread 0x0000021221cafca0  188  s    3       java.io.BufferedInputStream::read (113 bytes)

GC Heap History (0 events):
No events

Deoptimization events (20 events):
Event: 0.184 Thread 0x00000212026923f0 DEOPT PACKING pc=0x00000212063aa08c sp=0x000000d94c5fa120
Event: 0.184 Thread 0x00000212026923f0 DEOPT UNPACKING pc=0x0000021205e46763 sp=0x000000d94c5f95b0 mode 0
Event: 0.184 Thread 0x00000212026923f0 DEOPT PACKING pc=0x00000212063aa08c sp=0x000000d94c5fa120
Event: 0.184 Thread 0x00000212026923f0 DEOPT UNPACKING pc=0x0000021205e46763 sp=0x000000d94c5f95b0 mode 0
Event: 0.185 Thread 0x00000212026923f0 DEOPT PACKING pc=0x00000212063aa08c sp=0x000000d94c5fa120
Event: 0.185 Thread 0x00000212026923f0 DEOPT UNPACKING pc=0x0000021205e46763 sp=0x000000d94c5f95b0 mode 0
Event: 0.185 Thread 0x00000212026923f0 DEOPT PACKING pc=0x00000212063aa08c sp=0x000000d94c5fa120
Event: 0.185 Thread 0x00000212026923f0 DEOPT UNPACKING pc=0x0000021205e46763 sp=0x000000d94c5f95b0 mode 0
Event: 0.185 Thread 0x00000212026923f0 DEOPT PACKING pc=0x00000212063aa08c sp=0x000000d94c5fa120
Event: 0.185 Thread 0x00000212026923f0 DEOPT UNPACKING pc=0x0000021205e46763 sp=0x000000d94c5f95b0 mode 0
Event: 0.189 Thread 0x00000212026923f0 Uncommon trap: trap_request=0xffffff45 fr.pc=0x000002120d8c44f4 relative=0x0000000000000154
Event: 0.189 Thread 0x00000212026923f0 Uncommon trap: reason=unstable_if action=reinterpret pc=0x000002120d8c44f4 method=java.util.zip.ZipFile$Source.isMetaName([BII)Z @ 3 c2
Event: 0.189 Thread 0x00000212026923f0 DEOPT PACKING pc=0x000002120d8c44f4 sp=0x000000d94c5fa250
Event: 0.189 Thread 0x00000212026923f0 DEOPT UNPACKING pc=0x0000021205e45c23 sp=0x000000d94c5fa1f8 mode 2
Event: 0.258 Thread 0x00000212026923f0 DEOPT PACKING pc=0x00000212063bd3ce sp=0x000000d94c5fdc80
Event: 0.258 Thread 0x00000212026923f0 DEOPT UNPACKING pc=0x0000021205e46763 sp=0x000000d94c5fd210 mode 0
Event: 0.259 Thread 0x00000212026923f0 Uncommon trap: trap_request=0xffffff45 fr.pc=0x000002120d8cb044 relative=0x00000000000019e4
Event: 0.259 Thread 0x00000212026923f0 Uncommon trap: reason=unstable_if action=reinterpret pc=0x000002120d8cb044 method=java.util.zip.ZipFile$Source.initCEN(I)V @ 379 c2
Event: 0.259 Thread 0x00000212026923f0 DEOPT PACKING pc=0x000002120d8cb044 sp=0x000000d94c5fdd70
Event: 0.259 Thread 0x00000212026923f0 DEOPT UNPACKING pc=0x0000021205e45c23 sp=0x000000d94c5fdd18 mode 2

Classes unloaded (0 events):
No events

Classes redefined (0 events):
No events

Internal exceptions (0 events):
No events

VM Operations (6 events):
Event: 0.208 Executing VM operation: HandshakeAllThreads
Event: 0.208 Executing VM operation: HandshakeAllThreads done
Event: 0.208 Executing VM operation: HandshakeAllThreads
Event: 0.208 Executing VM operation: HandshakeAllThreads done
Event: 0.270 Executing VM operation: HandshakeAllThreads
Event: 0.270 Executing VM operation: HandshakeAllThreads done

Events (20 events):
Event: 0.276 loading class sun/util/locale/BaseLocale$Cache
Event: 0.276 loading class sun/util/locale/LocaleObjectCache
Event: 0.276 loading class sun/util/locale/LocaleObjectCache done
Event: 0.276 loading class sun/util/locale/BaseLocale$Cache done
Event: 0.276 loading class sun/util/locale/LocaleObjectCache$CacheEntry
Event: 0.276 loading class sun/util/locale/LocaleObjectCache$CacheEntry done
Event: 0.277 loading class java/util/Locale$Cache
Event: 0.277 loading class java/util/Locale$Cache done
Event: 0.277 loading class java/util/Calendar
Event: 0.277 loading class java/util/Calendar done
Event: 0.277 loading class java/util/TimeZone
Event: 0.278 loading class java/util/TimeZone done
Event: 0.278 loading class sun/util/calendar/ZoneInfo
Event: 0.278 loading class sun/util/calendar/ZoneInfo done
Event: 0.278 loading class sun/util/calendar/ZoneInfoFile
Event: 0.278 loading class sun/util/calendar/ZoneInfoFile done
Event: 0.279 loading class sun/util/calendar/ZoneInfoFile$1
Event: 0.279 loading class sun/util/calendar/ZoneInfoFile$1 done
Event: 0.279 loading class java/io/DataInputStream
Event: 0.279 loading class java/io/DataInputStream done


Dynamic libraries:
0x00007ff769970000 - 0x00007ff76997a000 	C:\Users\emathias\AppData\Local\JetBrains\Toolbox\apps\PyCharm-P\ch-0\222.4345.23\jbr\bin\java.exe
0x00007ffcc7b40000 - 0x00007ffcc7d49000 	C:\windows\SYSTEM32\ntdll.dll
0x00007ffcc6dd0000 - 0x00007ffcc6e8e000 	C:\windows\System32\KERNEL32.DLL
0x00007ffcc54d0000 - 0x00007ffcc584b000 	C:\windows\System32\KERNELBASE.dll
0x00007ffcc5240000 - 0x00007ffcc5351000 	C:\windows\System32\ucrtbase.dll
0x00007ffc8edf0000 - 0x00007ffc8ee07000 	C:\Users\emathias\AppData\Local\JetBrains\Toolbox\apps\PyCharm-P\ch-0\222.4345.23\jbr\bin\jli.dll
0x00007ffc88430000 - 0x00007ffc8844b000 	C:\Users\emathias\AppData\Local\JetBrains\Toolbox\apps\PyCharm-P\ch-0\222.4345.23\jbr\bin\VCRUNTIME140.dll
0x00007ffcc7280000 - 0x00007ffcc742d000 	C:\windows\System32\USER32.dll
0x00007ffcb4cc0000 - 0x00007ffcb4f65000 	C:\windows\WinSxS\amd64_microsoft.windows.common-controls_6595b64144ccf1df_6.0.22000.120_none_9d947278b86cc467\COMCTL32.dll
0x00007ffcc58d0000 - 0x00007ffcc58f6000 	C:\windows\System32\win32u.dll
0x00007ffcc7a50000 - 0x00007ffcc7af3000 	C:\windows\System32\msvcrt.dll
0x00007ffcc5f70000 - 0x00007ffcc5f99000 	C:\windows\System32\GDI32.dll
0x00007ffcc5080000 - 0x00007ffcc5198000 	C:\windows\System32\gdi32full.dll
0x00007ffcc51a0000 - 0x00007ffcc523d000 	C:\windows\System32\msvcp_win.dll
0x00007ffcc6ca0000 - 0x00007ffcc6cd2000 	C:\windows\System32\IMM32.DLL
0x00007ffcb0e70000 - 0x00007ffcb0e7c000 	C:\Users\emathias\AppData\Local\JetBrains\Toolbox\apps\PyCharm-P\ch-0\222.4345.23\jbr\bin\vcruntime140_1.dll
0x00007ffc84a60000 - 0x00007ffc84aed000 	C:\Users\emathias\AppData\Local\JetBrains\Toolbox\apps\PyCharm-P\ch-0\222.4345.23\jbr\bin\msvcp140.dll
0x00007ffbab7f0000 - 0x00007ffbac459000 	C:\Users\emathias\AppData\Local\JetBrains\Toolbox\apps\PyCharm-P\ch-0\222.4345.23\jbr\bin\server\jvm.dll
0x00007ffcc59c0000 - 0x00007ffcc5a6e000 	C:\windows\System32\ADVAPI32.dll
0x00007ffcc7990000 - 0x00007ffcc7a2e000 	C:\windows\System32\sechost.dll
0x00007ffcc6090000 - 0x00007ffcc61b0000 	C:\windows\System32\RPCRT4.dll
0x00007ffcc6c00000 - 0x00007ffcc6c08000 	C:\windows\System32\PSAPI.DLL
0x00007ffcbdf00000 - 0x00007ffcbdf33000 	C:\windows\SYSTEM32\WINMM.dll
0x00007ffcae1e0000 - 0x00007ffcae1e9000 	C:\windows\SYSTEM32\WSOCK32.dll
0x00007ffcc63d0000 - 0x00007ffcc643f000 	C:\windows\System32\WS2_32.dll
0x00007ffcbdd80000 - 0x00007ffcbdd8a000 	C:\windows\SYSTEM32\VERSION.dll
0x00007ffcc4140000 - 0x00007ffcc4158000 	C:\windows\SYSTEM32\kernel.appcore.dll
0x00007ffc81930000 - 0x00007ffc8193a000 	C:\Users\emathias\AppData\Local\JetBrains\Toolbox\apps\PyCharm-P\ch-0\222.4345.23\jbr\bin\jimage.dll
0x00007ffcc2ac0000 - 0x00007ffcc2ce1000 	C:\windows\SYSTEM32\DBGHELP.DLL
0x00007ffcb4430000 - 0x00007ffcb4461000 	C:\windows\SYSTEM32\dbgcore.DLL
0x00007ffcc5850000 - 0x00007ffcc58cf000 	C:\windows\System32\bcryptPrimitives.dll
0x00007ffc3dfa0000 - 0x00007ffc3dfc5000 	C:\Users\emathias\AppData\Local\JetBrains\Toolbox\apps\PyCharm-P\ch-0\222.4345.23\jbr\bin\java.dll
0x00007ffc4ab90000 - 0x00007ffc4aba8000 	C:\Users\emathias\AppData\Local\JetBrains\Toolbox\apps\PyCharm-P\ch-0\222.4345.23\jbr\bin\zip.dll
0x00007ffcc6440000 - 0x00007ffcc6bf8000 	C:\windows\System32\SHELL32.dll
0x00007ffcc30c0000 - 0x00007ffcc3925000 	C:\windows\SYSTEM32\windows.storage.dll
0x00007ffcc5a70000 - 0x00007ffcc5de8000 	C:\windows\System32\combase.dll
0x00007ffcc2f50000 - 0x00007ffcc30b6000 	C:\windows\SYSTEM32\wintypes.dll
0x00007ffcc6ce0000 - 0x00007ffcc6dca000 	C:\windows\System32\SHCORE.dll
0x00007ffcc5f10000 - 0x00007ffcc5f6d000 	C:\windows\System32\shlwapi.dll
0x00007ffcc4f40000 - 0x00007ffcc4f61000 	C:\windows\SYSTEM32\profapi.dll
0x00007ffc49200000 - 0x00007ffc49219000 	C:\Users\emathias\AppData\Local\JetBrains\Toolbox\apps\PyCharm-P\ch-0\222.4345.23\jbr\bin\net.dll
0x00007ffcbe7c0000 - 0x00007ffcbe8d4000 	C:\windows\SYSTEM32\WINHTTP.dll
0x00007ffcc45d0000 - 0x00007ffcc4637000 	C:\windows\system32\mswsock.dll
0x00007ffc1d580000 - 0x00007ffc1d596000 	C:\Users\emathias\AppData\Local\JetBrains\Toolbox\apps\PyCharm-P\ch-0\222.4345.23\jbr\bin\nio.dll
0x00007ffc65cb0000 - 0x00007ffc65cc0000 	C:\Users\emathias\AppData\Local\JetBrains\Toolbox\apps\PyCharm-P\ch-0\222.4345.23\jbr\bin\verify.dll

dbghelp: loaded successfully - version: 4.0.5 - missing functions: none
symbol engine: initialized successfully - sym options: 0x614 - pdb path: .;C:\Users\emathias\AppData\Local\JetBrains\Toolbox\apps\PyCharm-P\ch-0\222.4345.23\jbr\bin;C:\windows\SYSTEM32;C:\windows\WinSxS\amd64_microsoft.windows.common-controls_6595b64144ccf1df_6.0.22000.120_none_9d947278b86cc467;C:\Users\emathias\AppData\Local\JetBrains\Toolbox\apps\PyCharm-P\ch-0\222.4345.23\jbr\bin\server

VM Arguments:
java_command: externalApp.nativessh.NativeSshAskPassApp emathias@192.168.50.145's password: 
java_class_path (initial): C:/Users/emathias/AppData/Local/JetBrains/Toolbox/apps/PyCharm-P/ch-0/222.4345.23/lib/externalProcess-rt.jar;C:/Users/emathias/AppData/Local/JetBrains/Toolbox/apps/PyCharm-P/ch-0/222.4345.23/lib/app.jar;C:/Users/emathias/AppData/Local/JetBrains/Toolbox/apps/PyCharm-P/ch-0/222.4345.23/lib/3rd-party-rt.jar
Launcher Type: SUN_STANDARD

[Global flags]
     intx CICompilerCount                          = 4                                         {product} {ergonomic}
     uint ConcGCThreads                            = 2                                         {product} {ergonomic}
     uint G1ConcRefinementThreads                  = 8                                         {product} {ergonomic}
   size_t G1HeapRegionSize                         = 2097152                                   {product} {ergonomic}
    uintx GCDrainStackTargetSize                   = 64                                        {product} {ergonomic}
   size_t InitialHeapSize                          = 264241152                                 {product} {ergonomic}
   size_t MarkStackSize                            = 4194304                                   {product} {ergonomic}
   size_t MaxHeapSize                              = 4200595456                                {product} {ergonomic}
   size_t MaxNewSize                               = 2518679552                                {product} {ergonomic}
   size_t MinHeapDeltaBytes                        = 2097152                                   {product} {ergonomic}
   size_t MinHeapSize                              = 8388608                                   {product} {ergonomic}
    uintx NonNMethodCodeHeapSize                   = 5839372                                {pd product} {ergonomic}
    uintx NonProfiledCodeHeapSize                  = 122909434                              {pd product} {ergonomic}
    uintx ProfiledCodeHeapSize                     = 122909434                              {pd product} {ergonomic}
    uintx ReservedCodeCacheSize                    = 251658240                              {pd product} {ergonomic}
     bool SegmentedCodeCache                       = true                                      {product} {ergonomic}
   size_t SoftMaxHeapSize                          = 4200595456                             {manageable} {ergonomic}
     bool UseCompressedClassPointers               = true                           {product lp64_product} {ergonomic}
     bool UseCompressedOops                        = true                           {product lp64_product} {ergonomic}
     bool UseG1GC                                  = true                                      {product} {ergonomic}
     bool UseLargePagesIndividualAllocation        = false                                  {pd product} {ergonomic}

Logging:
Log output configuration:
 #0: stdout all=warning uptime,level,tags
 #1: stderr all=off uptime,level,tags

Environment Variables:
PATH=C:\Program Files\Git\mingw64\libexec\git-core;C:\Program Files\Git\mingw64\bin;C:\Program Files\Git\usr\bin;C:\Users\emathias\bin;C:\Program Files\Common Files\Oracle\Java\javapath;C:\Program Files (x86)\Common Files\Oracle\Java\javapath;C:\windows\system32;C:\windows;C:\windows\System32\Wbem;C:\windows\System32\WindowsPowerShell\v1.0;C:\windows\System32\OpenSSH;C:\Program Files\nodejs;C:\Program Files\Git\cmd;C:\Program Files\dotnet;C:\Program Files (x86)\dotnet;C:\xampp\php;C:\instantclient_12_2;C:\Program Files (x86)\Microsoft SQL Server\150\DTS\Binn;C:\Program Files\Azure Data Studio\bin;C:\ProgramData\ComposerSetup\bin;C:\Program Files (x86)\Bitvise SSH Client;C:\Users\emathias\AppData\Local\Programs\Python\Python310\Scripts;C:\Users\emathias\AppData\Local\Programs\Python\Python310;C:\Users\emathias\AppData\Local\Microsoft\WindowsApps;C:\Users\emathias\AppData\Local\JetBrains\Toolbox\scripts
USERNAME=emathias
DISPLAY=:0.0
LC_ALL=en_US.UTF-8
TERM=cygwin
TMPDIR=C:\Users\emathias\AppData\Local\Temp
OS=Windows_NT
PROCESSOR_IDENTIFIER=Intel64 Family 6 Model 140 Stepping 1, GenuineIntel
TMP=C:\Users\emathias\AppData\Local\Temp
TEMP=C:\Users\emathias\AppData\Local\Temp



---------------  S Y S T E M  ---------------

OS:
 Windows 11 , 64 bit Build 22000 (10.0.22000.1219)
OS uptime: 4 days 13:52 hours
Hyper-V role detected

CPU: total 8 (initial active 8) (4 cores per cpu, 2 threads per core) family 6 model 140 stepping 1 microcode 0x8a, cx8, cmov, fxsr, ht, mmx, 3dnowpref, sse, sse2, sse3, ssse3, sse4.1, sse4.2, popcnt, lzcnt, tsc, tscinvbit, avx, avx2, aes, erms, clmul, bmi1, bmi2, adx, avx512f, avx512dq, avx512cd, avx512bw, avx512vl, sha, fma, vzeroupper, avx512_vpopcntdq, avx512_vpclmulqdq, avx512_vaes, avx512_vnni, clflush, clflushopt, clwb, avx512_vbmi2, avx512_vbmi, hv

Memory: 4k page, system-wide physical 16023M (544M free)
TotalPageFile size 43545M (AvailPageFile size 340M)
current process WorkingSet (physical memory assigned to process): 53M, peak: 53M
current process commit charge ("private bytes"): 339M, peak: 339M

vm_info: OpenJDK 64-Bit Server VM (17.0.4.1+7-b469.62) for windows-amd64 JRE (17.0.4.1+7-b469.62), built on 2022-09-22 by "builduser" with MS VC++ 16.10 / 16.11 (VS2019)

END.
