#
# A fatal error has been detected by the Java Runtime Environment:
#
#  EXCEPTION_UNCAUGHT_CXX_EXCEPTION (0xe06d7363) at pc=0x00007ffcc551428c, pid=84200, tid=79484
#
# JRE version: OpenJDK Runtime Environment JBR-17.0.4.1+7-469.62-jcef (17.0.4.1+7) (build 17.0.4.1+7-b469.62)
# Java VM: OpenJDK 64-Bit Server VM JBR-17.0.4.1+7-469.62-jcef (17.0.4.1+7-b469.62, mixed mode, tiered, compressed oops, compressed class ptrs, g1 gc, windows-amd64)
# Problematic frame:
# C  [KERNELBASE.dll+0x4428c]
#
# No core dump will be written. Minidumps are not enabled by default on client versions of Windows
#
# If you would like to submit a bug report, please visit:
#   https://youtrack.jetbrains.com/issues/JBR
#

---------------  S U M M A R Y ------------

Command Line: externalApp.nativessh.NativeSshAskPassApp emathias@192.168.50.145's password: 

Host: 11th Gen Intel(R) Core(TM) i7-1165G7 @ 2.80GHz, 8 cores, 15G,  Windows 11 , 64 bit Build 22000 (10.0.22000.1219)
Time: Wed Nov 16 10:28:07 2022 E. Africa Standard Time elapsed time: 0.350636 seconds (0d 0h 0m 0s)

---------------  T H R E A D  ---------------

Current thread (0x0000020998771ca0):  JavaThread "main" [_thread_in_vm, id=79484, stack(0x0000006bab800000,0x0000006bab900000)]

Stack: [0x0000006bab800000,0x0000006bab900000],  sp=0x0000006bab8fd7a0,  free space=1013k
Native frames: (J=compiled Java code, j=interpreted, Vv=VM code, C=native code)
C  [KERNELBASE.dll+0x4428c]
C  [VCRUNTIME140.dll+0x6480]
C  [jimage.dll+0x32a3]
C  [jimage.dll+0x2a1d]
C  [jimage.dll+0x145b]
C  [jimage.dll+0x1e9f]
C  [jimage.dll+0x1f36]
C  [jimage.dll+0x266e]
V  [jvm.dll+0x1f57bd]
V  [jvm.dll+0x1f43d2]
V  [jvm.dll+0x7b996b]
V  [jvm.dll+0x7badb2]
V  [jvm.dll+0x7bb0e8]
V  [jvm.dll+0x2414ce]
V  [jvm.dll+0x3861ee]
C  0x000002099d6af2c3

Java frames: (J=compiled Java code, j=interpreted, Vv=VM code)
j  jdk.internal.access.SharedSecrets.getJavaNetUriAccess()Ljdk/internal/access/JavaNetUriAccess;+8 java.base
j  jdk.internal.module.SystemModuleFinders.<clinit>()V+0 java.base
v  ~StubRoutines::call_stub
j  jdk.internal.module.ModuleBootstrap.boot2()Ljava/lang/ModuleLayer;+194 java.base
j  jdk.internal.module.ModuleBootstrap.boot()Ljava/lang/ModuleLayer;+64 java.base
j  java.lang.System.initPhase2(ZZ)I+0 java.base
v  ~StubRoutines::call_stub

siginfo: EXCEPTION_UNCAUGHT_CXX_EXCEPTION (0xe06d7363), ExceptionInformation=0x0000000019930520 0x0000006bab8fd900 0x00007ffc81935198 0x00007ffc81930000 


Register to memory mapping:

RIP=0x00007ffcc551428c KERNELBASE.dll
RAX=0x0 is NULL
RBX=0x00007ffc81935198 jimage.dll
RCX=0x0 is NULL
RDX=0x000000000000000b is an unknown value
RSP=0x0000006bab8fd7a0 is pointing into the stack for thread: 0x0000020998771ca0
RBP=0x0000006bab8fda30 is pointing into the stack for thread: 0x0000020998771ca0
RSI=0x0000006bab8fd900 is pointing into the stack for thread: 0x0000020998771ca0
RDI=0x0000000019930520 is an unknown value
R8 =0x0000000000006321 is an unknown value
R9 =0x0000903e2549f1b1 is an unknown value
R10=0x0000006bb9585990 is an unknown value
R11=0x00007ffbac1115e0 jvm.dll
R12=0x0000000000006321 is an unknown value
R13=0x0000020998772180 points into unknown readable memory: 0x74656e2f6176616a | 6a 61 76 61 2f 6e 65 74
R14=0x00000209b9cee790 points into unknown readable memory: 0x0000000000000000 | 00 00 00 00 00 00 00 00
R15=0x00000209b9cee790 points into unknown readable memory: 0x0000000000000000 | 00 00 00 00 00 00 00 00


Registers:
RAX=0x0000000000000000, RBX=0x00007ffc81935198, RCX=0x0000000000000000, RDX=0x000000000000000b
RSP=0x0000006bab8fd7a0, RBP=0x0000006bab8fda30, RSI=0x0000006bab8fd900, RDI=0x0000000019930520
R8 =0x0000000000006321, R9 =0x0000903e2549f1b1, R10=0x0000006bb9585990, R11=0x00007ffbac1115e0
R12=0x0000000000006321, R13=0x0000020998772180, R14=0x00000209b9cee790, R15=0x00000209b9cee790
RIP=0x00007ffcc551428c, EFLAGS=0x0000000000000206

Top of Stack: (sp=0x0000006bab8fd7a0)
0x0000006bab8fd7a0:   0000020998570000 00007ffc81935198
0x0000006bab8fd7b0:   0000006bab8fd900 0000020900000000
0x0000006bab8fd7c0:   00000081e06d7363 0000000000000000
0x0000006bab8fd7d0:   00007ffcc551428c 0000000000000004
0x0000006bab8fd7e0:   0000000019930520 0000006bab8fd900
0x0000006bab8fd7f0:   00007ffc81935198 00007ffc81930000
0x0000006bab8fd800:   0000020900000000 0000000000000002
0x0000006bab8fd810:   0000000000006321 0000000000006330
0x0000006bab8fd820:   00000209b9cee790 00007ffcc7bba8ff
0x0000006bab8fd830:   0000006bab8fd8a0 00007ffc81937000
0x0000006bab8fd840:   0000006bab8fd900 0000000019930520
0x0000006bab8fd850:   00007ffc81937000 00007ffc81930000
0x0000006bab8fd860:   00009f866a382ce6 00007ffcc551e13b
0x0000006bab8fd870:   00007ffc81935198 00007ffc8ee16480
0x0000006bab8fd880:   0000e7718fedc8e2 000000003300cf37
0x0000006bab8fd890:   0000000000000008 00007ffcc525bf85 

Instructions: (pc=0x00007ffcc551428c)
0x00007ffcc551418c:   48 21 75 48 4c 8d 45 48 41 b9 08 00 00 00 49 8b
0x00007ffcc551419c:   cd 41 8d 51 fd 48 ff 15 30 e3 1f 00 0f 1f 44 00
0x00007ffcc55141ac:   00 8b f8 85 c0 78 86 be 01 00 00 00 e9 18 ff ff
0x00007ffcc55141bc:   ff 85 f6 74 21 41 b9 08 00 00 00 4c 8d 45 38 49
0x00007ffcc55141cc:   8b cd 41 8d 51 fd 48 ff 15 ff e2 1f 00 0f 1f 44
0x00007ffcc55141dc:   00 00 48 8b 4d 38 48 ff 15 27 dd 1f 00 0f 1f 44
0x00007ffcc55141ec:   00 00 e9 4f ff ff ff cc cc cc cc cc 71 e1 d3 32
0x00007ffcc55141fc:   5b 07 d5 dd 65 48 8b 04 25 30 00 00 00 8b 40 68
0x00007ffcc551420c:   c3 cc cc cc cc cc cc cc cc cc cc cc 71 18 d3 7a
0x00007ffcc551421c:   1a 87 89 f9 48 81 ec d8 00 00 00 48 8b 05 22 9d
0x00007ffcc551422c:   2e 00 48 33 c4 48 89 84 24 c0 00 00 00 48 83 64
0x00007ffcc551423c:   24 28 00 48 8d 05 da ff ff ff 83 e2 01 89 4c 24
0x00007ffcc551424c:   20 89 54 24 24 48 89 44 24 30 4d 85 c9 74 4f b8
0x00007ffcc551425c:   0f 00 00 00 48 8d 4c 24 40 44 3b c0 49 8b d1 41
0x00007ffcc551426c:   0f 46 c0 44 8b c0 44 89 44 24 38 49 c1 e0 03 e8
0x00007ffcc551427c:   37 8f 07 00 48 8d 4c 24 20 48 ff 15 a4 dd 1f 00
0x00007ffcc551428c:   0f 1f 44 00 00 48 8b 8c 24 c0 00 00 00 48 33 cc
0x00007ffcc551429c:   e8 7f a5 06 00 48 81 c4 d8 00 00 00 c3 cc 83 64
0x00007ffcc55142ac:   24 38 00 eb cf cc cc cc cc cc cc cc 71 c2 5b 1e
0x00007ffcc55142bc:   ed 06 b0 d2 48 89 5c 24 10 55 56 57 41 54 41 55
0x00007ffcc55142cc:   41 56 41 57 48 81 ec a0 03 00 00 48 8d 6c 24 50
0x00007ffcc55142dc:   48 83 e5 e0 48 8b 05 69 9c 2e 00 48 33 c4 48 89
0x00007ffcc55142ec:   85 40 03 00 00 44 8b ea 44 89 45 2c 33 d2 48 89
0x00007ffcc55142fc:   4d 10 41 8b c1 48 8b d9 89 45 04 8b fa 48 85 c9
0x00007ffcc551430c:   0f 84 7e 6e 09 00 85 c0 0f 84 c7 03 00 00 45 85
0x00007ffcc551431c:   ed 8d 5a 37 41 0f 45 dd f7 c3 c8 ff ff ff 0f 85
0x00007ffcc551432c:   a6 72 09 00 44 8b e2 8d 72 01 8b ca 44 8b f3 41
0x00007ffcc551433c:   c1 ee 02 44 23 f6 f6 c3 21 41 0f 95 c4 f6 c3 11
0x00007ffcc551434c:   44 89 65 1c 0f 95 c1 44 89 65 28 89 4d 00 89 4d
0x00007ffcc551435c:   20 89 4d 24 45 85 e4 74 37 e8 d6 de ff ff 48 8b
0x00007ffcc551436c:   78 10 e8 e9 ab ff ff 33 d2 4c 8b f8 48 85 ff 74
0x00007ffcc551437c:   0f 44 8b 5f 4c 41 0f ba e3 10 0f 82 0e 6e 09 00 


Stack slot to memory mapping:
stack at sp + 0 slots: 0x0000020998570000 points into unknown readable memory: 0x0000000000000000 | 00 00 00 00 00 00 00 00
stack at sp + 1 slots: 0x00007ffc81935198 jimage.dll
stack at sp + 2 slots: 0x0000006bab8fd900 is pointing into the stack for thread: 0x0000020998771ca0
stack at sp + 3 slots: 0x0000020900000000 is an unknown value
stack at sp + 4 slots: 0x00000081e06d7363 is an unknown value
stack at sp + 5 slots: 0x0 is NULL
stack at sp + 6 slots: 0x00007ffcc551428c KERNELBASE.dll
stack at sp + 7 slots: 0x0000000000000004 is an unknown value


---------------  P R O C E S S  ---------------

Threads class SMR info:
_java_thread_list=0x00000209b9c56dc0, length=10, elements={
0x0000020998771ca0, 0x00000209b9c34380, 0x00000209b9c35950, 0x00000209b9c8ab80,
0x00000209b9c8b530, 0x00000209b9c8bee0, 0x00000209b9c8c890, 0x00000209b9c8d620,
0x00000209b9c8e0c0, 0x00000209b9c8eab0
}

Java Threads: ( => current thread )
=>0x0000020998771ca0 JavaThread "main" [_thread_in_vm, id=79484, stack(0x0000006bab800000,0x0000006bab900000)]
  0x00000209b9c34380 JavaThread "Reference Handler" daemon [_thread_blocked, id=73888, stack(0x0000006bac000000,0x0000006bac100000)]
  0x00000209b9c35950 JavaThread "Finalizer" daemon [_thread_blocked, id=76664, stack(0x0000006bac100000,0x0000006bac200000)]
  0x00000209b9c8ab80 JavaThread "Signal Dispatcher" daemon [_thread_blocked, id=79568, stack(0x0000006bac200000,0x0000006bac300000)]
  0x00000209b9c8b530 JavaThread "Attach Listener" daemon [_thread_blocked, id=73116, stack(0x0000006bac300000,0x0000006bac400000)]
  0x00000209b9c8bee0 JavaThread "Service Thread" daemon [_thread_blocked, id=66212, stack(0x0000006bac400000,0x0000006bac500000)]
  0x00000209b9c8c890 JavaThread "Monitor Deflation Thread" daemon [_thread_blocked, id=70036, stack(0x0000006bac500000,0x0000006bac600000)]
  0x00000209b9c8d620 JavaThread "C2 CompilerThread0" daemon [_thread_blocked, id=77908, stack(0x0000006bac600000,0x0000006bac700000)]
  0x00000209b9c8e0c0 JavaThread "C1 CompilerThread0" daemon [_thread_blocked, id=78136, stack(0x0000006bac700000,0x0000006bac800000)]
  0x00000209b9c8eab0 JavaThread "Sweeper thread" daemon [_thread_blocked, id=73128, stack(0x0000006bac800000,0x0000006bac900000)]

Other Threads:
  0x00000209b90fe320 VMThread "VM Thread" [stack: 0x0000006babf00000,0x0000006bac000000] [id=86192]
  0x00000209987ddbe0 GCTaskThread "GC Thread#0" [stack: 0x0000006baba00000,0x0000006babb00000] [id=77560]
  0x00000209987ee570 ConcurrentGCThread "G1 Main Marker" [stack: 0x0000006babb00000,0x0000006babc00000] [id=55652]
  0x00000209987eef80 ConcurrentGCThread "G1 Conc#0" [stack: 0x0000006babc00000,0x0000006babd00000] [id=77932]
  0x00000209b8f844e0 ConcurrentGCThread "G1 Refine#0" [stack: 0x0000006babd00000,0x0000006babe00000] [id=62584]
  0x00000209b8f84d10 ConcurrentGCThread "G1 Service" [stack: 0x0000006babe00000,0x0000006babf00000] [id=66460]

Threads with active compile tasks:

VM state: not at safepoint (normal execution)

VM Mutex/Monitor currently owned by a thread: None

Heap address: 0x0000000705a00000, size: 4006 MB, Compressed Oops mode: Zero based, Oop shift amount: 3

CDS archive(s) not mapped
Compressed class space mapped at: 0x0000000800000000-0x0000000840000000, reserved size: 1073741824
Narrow klass base: 0x0000000800000000, Narrow klass shift: 0, Narrow klass range: 0x40000000

GC Precious Log:
 CPUs: 8 total, 8 available
 Memory: 16023M
 Large Page Support: Disabled
 NUMA Support: Disabled
 Compressed Oops: Enabled (Zero based)
 Heap Region Size: 2M
 Heap Min Capacity: 8M
 Heap Initial Capacity: 252M
 Heap Max Capacity: 4006M
 Pre-touch: Disabled
 Parallel Workers: 8
 Concurrent Workers: 2
 Concurrent Refinement Workers: 8
 Periodic GC: Disabled

Heap:
 garbage-first heap   total 258048K, used 0K [0x0000000705a00000, 0x0000000800000000)
  region size 2048K, 1 young (2048K), 0 survivors (0K)
 Metaspace       used 2968K, committed 3008K, reserved 1056768K
  class space    used 227K, committed 256K, reserved 1048576K

Heap Regions: E=young(eden), S=young(survivor), O=old, HS=humongous(starts), HC=humongous(continues), CS=collection set, F=free, OA=open archive, CA=closed archive, TAMS=top-at-mark-start (previous, next)
|   0|0x0000000705a00000, 0x0000000705a00000, 0x0000000705c00000|  0%| F|  |TAMS 0x0000000705a00000, 0x0000000705a00000| Untracked 
|   1|0x0000000705c00000, 0x0000000705c00000, 0x0000000705e00000|  0%| F|  |TAMS 0x0000000705c00000, 0x0000000705c00000| Untracked 
|   2|0x0000000705e00000, 0x0000000705e00000, 0x0000000706000000|  0%| F|  |TAMS 0x0000000705e00000, 0x0000000705e00000| Untracked 
|   3|0x0000000706000000, 0x0000000706000000, 0x0000000706200000|  0%| F|  |TAMS 0x0000000706000000, 0x0000000706000000| Untracked 
|   4|0x0000000706200000, 0x0000000706200000, 0x0000000706400000|  0%| F|  |TAMS 0x0000000706200000, 0x0000000706200000| Untracked 
|   5|0x0000000706400000, 0x0000000706400000, 0x0000000706600000|  0%| F|  |TAMS 0x0000000706400000, 0x0000000706400000| Untracked 
|   6|0x0000000706600000, 0x0000000706600000, 0x0000000706800000|  0%| F|  |TAMS 0x0000000706600000, 0x0000000706600000| Untracked 
|   7|0x0000000706800000, 0x0000000706800000, 0x0000000706a00000|  0%| F|  |TAMS 0x0000000706800000, 0x0000000706800000| Untracked 
|   8|0x0000000706a00000, 0x0000000706a00000, 0x0000000706c00000|  0%| F|  |TAMS 0x0000000706a00000, 0x0000000706a00000| Untracked 
|   9|0x0000000706c00000, 0x0000000706c00000, 0x0000000706e00000|  0%| F|  |TAMS 0x0000000706c00000, 0x0000000706c00000| Untracked 
|  10|0x0000000706e00000, 0x0000000706e00000, 0x0000000707000000|  0%| F|  |TAMS 0x0000000706e00000, 0x0000000706e00000| Untracked 
|  11|0x0000000707000000, 0x0000000707000000, 0x0000000707200000|  0%| F|  |TAMS 0x0000000707000000, 0x0000000707000000| Untracked 
|  12|0x0000000707200000, 0x0000000707200000, 0x0000000707400000|  0%| F|  |TAMS 0x0000000707200000, 0x0000000707200000| Untracked 
|  13|0x0000000707400000, 0x0000000707400000, 0x0000000707600000|  0%| F|  |TAMS 0x0000000707400000, 0x0000000707400000| Untracked 
|  14|0x0000000707600000, 0x0000000707600000, 0x0000000707800000|  0%| F|  |TAMS 0x0000000707600000, 0x0000000707600000| Untracked 
|  15|0x0000000707800000, 0x0000000707800000, 0x0000000707a00000|  0%| F|  |TAMS 0x0000000707800000, 0x0000000707800000| Untracked 
|  16|0x0000000707a00000, 0x0000000707a00000, 0x0000000707c00000|  0%| F|  |TAMS 0x0000000707a00000, 0x0000000707a00000| Untracked 
|  17|0x0000000707c00000, 0x0000000707c00000, 0x0000000707e00000|  0%| F|  |TAMS 0x0000000707c00000, 0x0000000707c00000| Untracked 
|  18|0x0000000707e00000, 0x0000000707e00000, 0x0000000708000000|  0%| F|  |TAMS 0x0000000707e00000, 0x0000000707e00000| Untracked 
|  19|0x0000000708000000, 0x0000000708000000, 0x0000000708200000|  0%| F|  |TAMS 0x0000000708000000, 0x0000000708000000| Untracked 
|  20|0x0000000708200000, 0x0000000708200000, 0x0000000708400000|  0%| F|  |TAMS 0x0000000708200000, 0x0000000708200000| Untracked 
|  21|0x0000000708400000, 0x0000000708400000, 0x0000000708600000|  0%| F|  |TAMS 0x0000000708400000, 0x0000000708400000| Untracked 
|  22|0x0000000708600000, 0x0000000708600000, 0x0000000708800000|  0%| F|  |TAMS 0x0000000708600000, 0x0000000708600000| Untracked 
|  23|0x0000000708800000, 0x0000000708800000, 0x0000000708a00000|  0%| F|  |TAMS 0x0000000708800000, 0x0000000708800000| Untracked 
|  24|0x0000000708a00000, 0x0000000708a00000, 0x0000000708c00000|  0%| F|  |TAMS 0x0000000708a00000, 0x0000000708a00000| Untracked 
|  25|0x0000000708c00000, 0x0000000708c00000, 0x0000000708e00000|  0%| F|  |TAMS 0x0000000708c00000, 0x0000000708c00000| Untracked 
|  26|0x0000000708e00000, 0x0000000708e00000, 0x0000000709000000|  0%| F|  |TAMS 0x0000000708e00000, 0x0000000708e00000| Untracked 
|  27|0x0000000709000000, 0x0000000709000000, 0x0000000709200000|  0%| F|  |TAMS 0x0000000709000000, 0x0000000709000000| Untracked 
|  28|0x0000000709200000, 0x0000000709200000, 0x0000000709400000|  0%| F|  |TAMS 0x0000000709200000, 0x0000000709200000| Untracked 
|  29|0x0000000709400000, 0x0000000709400000, 0x0000000709600000|  0%| F|  |TAMS 0x0000000709400000, 0x0000000709400000| Untracked 
|  30|0x0000000709600000, 0x0000000709600000, 0x0000000709800000|  0%| F|  |TAMS 0x0000000709600000, 0x0000000709600000| Untracked 
|  31|0x0000000709800000, 0x0000000709800000, 0x0000000709a00000|  0%| F|  |TAMS 0x0000000709800000, 0x0000000709800000| Untracked 
|  32|0x0000000709a00000, 0x0000000709a00000, 0x0000000709c00000|  0%| F|  |TAMS 0x0000000709a00000, 0x0000000709a00000| Untracked 
|  33|0x0000000709c00000, 0x0000000709c00000, 0x0000000709e00000|  0%| F|  |TAMS 0x0000000709c00000, 0x0000000709c00000| Untracked 
|  34|0x0000000709e00000, 0x0000000709e00000, 0x000000070a000000|  0%| F|  |TAMS 0x0000000709e00000, 0x0000000709e00000| Untracked 
|  35|0x000000070a000000, 0x000000070a000000, 0x000000070a200000|  0%| F|  |TAMS 0x000000070a000000, 0x000000070a000000| Untracked 
|  36|0x000000070a200000, 0x000000070a200000, 0x000000070a400000|  0%| F|  |TAMS 0x000000070a200000, 0x000000070a200000| Untracked 
|  37|0x000000070a400000, 0x000000070a400000, 0x000000070a600000|  0%| F|  |TAMS 0x000000070a400000, 0x000000070a400000| Untracked 
|  38|0x000000070a600000, 0x000000070a600000, 0x000000070a800000|  0%| F|  |TAMS 0x000000070a600000, 0x000000070a600000| Untracked 
|  39|0x000000070a800000, 0x000000070a800000, 0x000000070aa00000|  0%| F|  |TAMS 0x000000070a800000, 0x000000070a800000| Untracked 
|  40|0x000000070aa00000, 0x000000070aa00000, 0x000000070ac00000|  0%| F|  |TAMS 0x000000070aa00000, 0x000000070aa00000| Untracked 
|  41|0x000000070ac00000, 0x000000070ac00000, 0x000000070ae00000|  0%| F|  |TAMS 0x000000070ac00000, 0x000000070ac00000| Untracked 
|  42|0x000000070ae00000, 0x000000070ae00000, 0x000000070b000000|  0%| F|  |TAMS 0x000000070ae00000, 0x000000070ae00000| Untracked 
|  43|0x000000070b000000, 0x000000070b000000, 0x000000070b200000|  0%| F|  |TAMS 0x000000070b000000, 0x000000070b000000| Untracked 
|  44|0x000000070b200000, 0x000000070b200000, 0x000000070b400000|  0%| F|  |TAMS 0x000000070b200000, 0x000000070b200000| Untracked 
|  45|0x000000070b400000, 0x000000070b400000, 0x000000070b600000|  0%| F|  |TAMS 0x000000070b400000, 0x000000070b400000| Untracked 
|  46|0x000000070b600000, 0x000000070b600000, 0x000000070b800000|  0%| F|  |TAMS 0x000000070b600000, 0x000000070b600000| Untracked 
|  47|0x000000070b800000, 0x000000070b800000, 0x000000070ba00000|  0%| F|  |TAMS 0x000000070b800000, 0x000000070b800000| Untracked 
|  48|0x000000070ba00000, 0x000000070ba00000, 0x000000070bc00000|  0%| F|  |TAMS 0x000000070ba00000, 0x000000070ba00000| Untracked 
|  49|0x000000070bc00000, 0x000000070bc00000, 0x000000070be00000|  0%| F|  |TAMS 0x000000070bc00000, 0x000000070bc00000| Untracked 
|  50|0x000000070be00000, 0x000000070be00000, 0x000000070c000000|  0%| F|  |TAMS 0x000000070be00000, 0x000000070be00000| Untracked 
|  51|0x000000070c000000, 0x000000070c000000, 0x000000070c200000|  0%| F|  |TAMS 0x000000070c000000, 0x000000070c000000| Untracked 
|  52|0x000000070c200000, 0x000000070c200000, 0x000000070c400000|  0%| F|  |TAMS 0x000000070c200000, 0x000000070c200000| Untracked 
|  53|0x000000070c400000, 0x000000070c400000, 0x000000070c600000|  0%| F|  |TAMS 0x000000070c400000, 0x000000070c400000| Untracked 
|  54|0x000000070c600000, 0x000000070c600000, 0x000000070c800000|  0%| F|  |TAMS 0x000000070c600000, 0x000000070c600000| Untracked 
|  55|0x000000070c800000, 0x000000070c800000, 0x000000070ca00000|  0%| F|  |TAMS 0x000000070c800000, 0x000000070c800000| Untracked 
|  56|0x000000070ca00000, 0x000000070ca00000, 0x000000070cc00000|  0%| F|  |TAMS 0x000000070ca00000, 0x000000070ca00000| Untracked 
|  57|0x000000070cc00000, 0x000000070cc00000, 0x000000070ce00000|  0%| F|  |TAMS 0x000000070cc00000, 0x000000070cc00000| Untracked 
|  58|0x000000070ce00000, 0x000000070ce00000, 0x000000070d000000|  0%| F|  |TAMS 0x000000070ce00000, 0x000000070ce00000| Untracked 
|  59|0x000000070d000000, 0x000000070d000000, 0x000000070d200000|  0%| F|  |TAMS 0x000000070d000000, 0x000000070d000000| Untracked 
|  60|0x000000070d200000, 0x000000070d200000, 0x000000070d400000|  0%| F|  |TAMS 0x000000070d200000, 0x000000070d200000| Untracked 
|  61|0x000000070d400000, 0x000000070d400000, 0x000000070d600000|  0%| F|  |TAMS 0x000000070d400000, 0x000000070d400000| Untracked 
|  62|0x000000070d600000, 0x000000070d600000, 0x000000070d800000|  0%| F|  |TAMS 0x000000070d600000, 0x000000070d600000| Untracked 
|  63|0x000000070d800000, 0x000000070d800000, 0x000000070da00000|  0%| F|  |TAMS 0x000000070d800000, 0x000000070d800000| Untracked 
|  64|0x000000070da00000, 0x000000070da00000, 0x000000070dc00000|  0%| F|  |TAMS 0x000000070da00000, 0x000000070da00000| Untracked 
|  65|0x000000070dc00000, 0x000000070dc00000, 0x000000070de00000|  0%| F|  |TAMS 0x000000070dc00000, 0x000000070dc00000| Untracked 
|  66|0x000000070de00000, 0x000000070de00000, 0x000000070e000000|  0%| F|  |TAMS 0x000000070de00000, 0x000000070de00000| Untracked 
|  67|0x000000070e000000, 0x000000070e000000, 0x000000070e200000|  0%| F|  |TAMS 0x000000070e000000, 0x000000070e000000| Untracked 
|  68|0x000000070e200000, 0x000000070e200000, 0x000000070e400000|  0%| F|  |TAMS 0x000000070e200000, 0x000000070e200000| Untracked 
|  69|0x000000070e400000, 0x000000070e400000, 0x000000070e600000|  0%| F|  |TAMS 0x000000070e400000, 0x000000070e400000| Untracked 
|  70|0x000000070e600000, 0x000000070e600000, 0x000000070e800000|  0%| F|  |TAMS 0x000000070e600000, 0x000000070e600000| Untracked 
|  71|0x000000070e800000, 0x000000070e800000, 0x000000070ea00000|  0%| F|  |TAMS 0x000000070e800000, 0x000000070e800000| Untracked 
|  72|0x000000070ea00000, 0x000000070ea00000, 0x000000070ec00000|  0%| F|  |TAMS 0x000000070ea00000, 0x000000070ea00000| Untracked 
|  73|0x000000070ec00000, 0x000000070ec00000, 0x000000070ee00000|  0%| F|  |TAMS 0x000000070ec00000, 0x000000070ec00000| Untracked 
|  74|0x000000070ee00000, 0x000000070ee00000, 0x000000070f000000|  0%| F|  |TAMS 0x000000070ee00000, 0x000000070ee00000| Untracked 
|  75|0x000000070f000000, 0x000000070f000000, 0x000000070f200000|  0%| F|  |TAMS 0x000000070f000000, 0x000000070f000000| Untracked 
|  76|0x000000070f200000, 0x000000070f200000, 0x000000070f400000|  0%| F|  |TAMS 0x000000070f200000, 0x000000070f200000| Untracked 
|  77|0x000000070f400000, 0x000000070f400000, 0x000000070f600000|  0%| F|  |TAMS 0x000000070f400000, 0x000000070f400000| Untracked 
|  78|0x000000070f600000, 0x000000070f600000, 0x000000070f800000|  0%| F|  |TAMS 0x000000070f600000, 0x000000070f600000| Untracked 
|  79|0x000000070f800000, 0x000000070f800000, 0x000000070fa00000|  0%| F|  |TAMS 0x000000070f800000, 0x000000070f800000| Untracked 
|  80|0x000000070fa00000, 0x000000070fa00000, 0x000000070fc00000|  0%| F|  |TAMS 0x000000070fa00000, 0x000000070fa00000| Untracked 
|  81|0x000000070fc00000, 0x000000070fc00000, 0x000000070fe00000|  0%| F|  |TAMS 0x000000070fc00000, 0x000000070fc00000| Untracked 
|  82|0x000000070fe00000, 0x000000070fe00000, 0x0000000710000000|  0%| F|  |TAMS 0x000000070fe00000, 0x000000070fe00000| Untracked 
|  83|0x0000000710000000, 0x0000000710000000, 0x0000000710200000|  0%| F|  |TAMS 0x0000000710000000, 0x0000000710000000| Untracked 
|  84|0x0000000710200000, 0x0000000710200000, 0x0000000710400000|  0%| F|  |TAMS 0x0000000710200000, 0x0000000710200000| Untracked 
|  85|0x0000000710400000, 0x0000000710400000, 0x0000000710600000|  0%| F|  |TAMS 0x0000000710400000, 0x0000000710400000| Untracked 
|  86|0x0000000710600000, 0x0000000710600000, 0x0000000710800000|  0%| F|  |TAMS 0x0000000710600000, 0x0000000710600000| Untracked 
|  87|0x0000000710800000, 0x0000000710800000, 0x0000000710a00000|  0%| F|  |TAMS 0x0000000710800000, 0x0000000710800000| Untracked 
|  88|0x0000000710a00000, 0x0000000710a00000, 0x0000000710c00000|  0%| F|  |TAMS 0x0000000710a00000, 0x0000000710a00000| Untracked 
|  89|0x0000000710c00000, 0x0000000710c00000, 0x0000000710e00000|  0%| F|  |TAMS 0x0000000710c00000, 0x0000000710c00000| Untracked 
|  90|0x0000000710e00000, 0x0000000710e00000, 0x0000000711000000|  0%| F|  |TAMS 0x0000000710e00000, 0x0000000710e00000| Untracked 
|  91|0x0000000711000000, 0x0000000711000000, 0x0000000711200000|  0%| F|  |TAMS 0x0000000711000000, 0x0000000711000000| Untracked 
|  92|0x0000000711200000, 0x0000000711200000, 0x0000000711400000|  0%| F|  |TAMS 0x0000000711200000, 0x0000000711200000| Untracked 
|  93|0x0000000711400000, 0x0000000711400000, 0x0000000711600000|  0%| F|  |TAMS 0x0000000711400000, 0x0000000711400000| Untracked 
|  94|0x0000000711600000, 0x0000000711600000, 0x0000000711800000|  0%| F|  |TAMS 0x0000000711600000, 0x0000000711600000| Untracked 
|  95|0x0000000711800000, 0x0000000711800000, 0x0000000711a00000|  0%| F|  |TAMS 0x0000000711800000, 0x0000000711800000| Untracked 
|  96|0x0000000711a00000, 0x0000000711a00000, 0x0000000711c00000|  0%| F|  |TAMS 0x0000000711a00000, 0x0000000711a00000| Untracked 
|  97|0x0000000711c00000, 0x0000000711c00000, 0x0000000711e00000|  0%| F|  |TAMS 0x0000000711c00000, 0x0000000711c00000| Untracked 
|  98|0x0000000711e00000, 0x0000000711e00000, 0x0000000712000000|  0%| F|  |TAMS 0x0000000711e00000, 0x0000000711e00000| Untracked 
|  99|0x0000000712000000, 0x0000000712000000, 0x0000000712200000|  0%| F|  |TAMS 0x0000000712000000, 0x0000000712000000| Untracked 
| 100|0x0000000712200000, 0x0000000712200000, 0x0000000712400000|  0%| F|  |TAMS 0x0000000712200000, 0x0000000712200000| Untracked 
| 101|0x0000000712400000, 0x0000000712400000, 0x0000000712600000|  0%| F|  |TAMS 0x0000000712400000, 0x0000000712400000| Untracked 
| 102|0x0000000712600000, 0x0000000712600000, 0x0000000712800000|  0%| F|  |TAMS 0x0000000712600000, 0x0000000712600000| Untracked 
| 103|0x0000000712800000, 0x0000000712800000, 0x0000000712a00000|  0%| F|  |TAMS 0x0000000712800000, 0x0000000712800000| Untracked 
| 104|0x0000000712a00000, 0x0000000712a00000, 0x0000000712c00000|  0%| F|  |TAMS 0x0000000712a00000, 0x0000000712a00000| Untracked 
| 105|0x0000000712c00000, 0x0000000712c00000, 0x0000000712e00000|  0%| F|  |TAMS 0x0000000712c00000, 0x0000000712c00000| Untracked 
| 106|0x0000000712e00000, 0x0000000712e00000, 0x0000000713000000|  0%| F|  |TAMS 0x0000000712e00000, 0x0000000712e00000| Untracked 
| 107|0x0000000713000000, 0x0000000713000000, 0x0000000713200000|  0%| F|  |TAMS 0x0000000713000000, 0x0000000713000000| Untracked 
| 108|0x0000000713200000, 0x0000000713200000, 0x0000000713400000|  0%| F|  |TAMS 0x0000000713200000, 0x0000000713200000| Untracked 
| 109|0x0000000713400000, 0x0000000713400000, 0x0000000713600000|  0%| F|  |TAMS 0x0000000713400000, 0x0000000713400000| Untracked 
| 110|0x0000000713600000, 0x0000000713600000, 0x0000000713800000|  0%| F|  |TAMS 0x0000000713600000, 0x0000000713600000| Untracked 
| 111|0x0000000713800000, 0x0000000713800000, 0x0000000713a00000|  0%| F|  |TAMS 0x0000000713800000, 0x0000000713800000| Untracked 
| 112|0x0000000713a00000, 0x0000000713a00000, 0x0000000713c00000|  0%| F|  |TAMS 0x0000000713a00000, 0x0000000713a00000| Untracked 
| 113|0x0000000713c00000, 0x0000000713c00000, 0x0000000713e00000|  0%| F|  |TAMS 0x0000000713c00000, 0x0000000713c00000| Untracked 
| 114|0x0000000713e00000, 0x0000000713e00000, 0x0000000714000000|  0%| F|  |TAMS 0x0000000713e00000, 0x0000000713e00000| Untracked 
| 115|0x0000000714000000, 0x0000000714000000, 0x0000000714200000|  0%| F|  |TAMS 0x0000000714000000, 0x0000000714000000| Untracked 
| 116|0x0000000714200000, 0x0000000714200000, 0x0000000714400000|  0%| F|  |TAMS 0x0000000714200000, 0x0000000714200000| Untracked 
| 117|0x0000000714400000, 0x0000000714400000, 0x0000000714600000|  0%| F|  |TAMS 0x0000000714400000, 0x0000000714400000| Untracked 
| 118|0x0000000714600000, 0x0000000714600000, 0x0000000714800000|  0%| F|  |TAMS 0x0000000714600000, 0x0000000714600000| Untracked 
| 119|0x0000000714800000, 0x0000000714800000, 0x0000000714a00000|  0%| F|  |TAMS 0x0000000714800000, 0x0000000714800000| Untracked 
| 120|0x0000000714a00000, 0x0000000714a00000, 0x0000000714c00000|  0%| F|  |TAMS 0x0000000714a00000, 0x0000000714a00000| Untracked 
| 121|0x0000000714c00000, 0x0000000714c00000, 0x0000000714e00000|  0%| F|  |TAMS 0x0000000714c00000, 0x0000000714c00000| Untracked 
| 122|0x0000000714e00000, 0x0000000714e00000, 0x0000000715000000|  0%| F|  |TAMS 0x0000000714e00000, 0x0000000714e00000| Untracked 
| 123|0x0000000715000000, 0x0000000715000000, 0x0000000715200000|  0%| F|  |TAMS 0x0000000715000000, 0x0000000715000000| Untracked 
| 124|0x0000000715200000, 0x0000000715200000, 0x0000000715400000|  0%| F|  |TAMS 0x0000000715200000, 0x0000000715200000| Untracked 
| 125|0x0000000715400000, 0x00000007154e15a8, 0x0000000715600000| 44%| E|  |TAMS 0x0000000715400000, 0x0000000715400000| Complete 

Card table byte_map: [0x00000209ad8f0000,0x00000209ae0d0000] _byte_map_base: 0x00000209aa0c3000

Marking Bits (Prev, Next): (CMBitMap*) 0x00000209987de1f0, (CMBitMap*) 0x00000209987de230
 Prev Bits: [0x00000209ae8b0000, 0x00000209b2748000)
 Next Bits: [0x00000209b2750000, 0x00000209b65e8000)

Polling page: 0x0000020998560000

Metaspace:

Usage:
  Non-class:      2.68 MB used.
      Class:    227.53 KB used.
       Both:      2.90 MB used.

Virtual space:
  Non-class space:        8.00 MB reserved,       2.69 MB ( 34%) committed,  1 nodes.
      Class space:        1.00 GB reserved,     256.00 KB ( <1%) committed,  1 nodes.
             Both:        1.01 GB reserved,       2.94 MB ( <1%) committed. 

Chunk freelists:
   Non-Class:  0 bytes
       Class:  3.75 MB
        Both:  3.75 MB

MaxMetaspaceSize: unlimited
CompressedClassSpaceSize: 1.00 GB
Initial GC threshold: 21.00 MB
Current GC threshold: 21.00 MB
CDS: off
MetaspaceReclaimPolicy: balanced
 - commit_granule_bytes: 65536.
 - commit_granule_words: 8192.
 - virtual_space_node_default_size: 1048576.
 - enlarge_chunks_in_place: 1.
 - new_chunks_are_fully_committed: 0.
 - uncommit_free_chunks: 1.
 - use_allocation_guard: 0.
 - handle_deallocations: 1.


Internal statistics:

num_allocs_failed_limit: 0.
num_arena_births: 2.
num_arena_deaths: 0.
num_vsnodes_births: 2.
num_vsnodes_deaths: 0.
num_space_committed: 47.
num_space_uncommitted: 0.
num_chunks_returned_to_freelist: 0.
num_chunks_taken_from_freelist: 3.
num_chunk_merges: 0.
num_chunk_splits: 1.
num_chunks_enlarged: 0.
num_purges: 0.
num_inconsistent_stats: 0.

CodeHeap 'non-profiled nmethods': size=120000Kb used=0Kb max_used=0Kb free=120000Kb
 bounds [0x00000209a5170000, 0x00000209a53e0000, 0x00000209ac6a0000]
CodeHeap 'profiled nmethods': size=120000Kb used=4Kb max_used=4Kb free=119995Kb
 bounds [0x000002099dc40000, 0x000002099deb0000, 0x00000209a5170000]
CodeHeap 'non-nmethods': size=5760Kb used=1030Kb max_used=1030Kb free=4729Kb
 bounds [0x000002099d6a0000, 0x000002099d910000, 0x000002099dc40000]
 total_blobs=273 nmethods=3 adapters=184
 compilation: enabled
              stopped_count=0, restarted_count=0
 full_count=0

Compilation events (6 events):
Event: 0.293 Thread 0x00000209b9c8e0c0    3       3       java.lang.String::isLatin1 (19 bytes)
Event: 0.294 Thread 0x00000209b9c8e0c0 nmethod 3 0x000002099dc40010 code [0x000002099dc401a0, 0x000002099dc40318]
Event: 0.294 Thread 0x00000209b9c8e0c0    1       3       java.lang.String::charAt (25 bytes)
Event: 0.294 Thread 0x00000209b9c8e0c0 nmethod 1 0x000002099dc40390 code [0x000002099dc40580, 0x000002099dc40ab8]
Event: 0.294 Thread 0x00000209b9c8e0c0    2       3       java.lang.StringLatin1::charAt (28 bytes)
Event: 0.295 Thread 0x00000209b9c8e0c0 nmethod 2 0x000002099dc40d10 code [0x000002099dc40ec0, 0x000002099dc410c8]

GC Heap History (0 events):
No events

Deoptimization events (0 events):
No events

Classes unloaded (0 events):
No events

Classes redefined (0 events):
No events

Internal exceptions (0 events):
No events

VM Operations (0 events):
No events

Events (20 events):
Event: 0.288 loading class java/lang/module/ModuleDescriptor$1 done
Event: 0.288 loading class java/io/File
Event: 0.289 loading class java/io/File done
Event: 0.289 loading class java/io/DefaultFileSystem
Event: 0.289 loading class java/io/DefaultFileSystem done
Event: 0.289 loading class java/io/WinNTFileSystem
Event: 0.290 loading class java/io/FileSystem
Event: 0.290 loading class java/io/FileSystem done
Event: 0.290 loading class java/io/WinNTFileSystem done
Event: 0.290 loading class jdk/internal/module/ModulePatcher
Event: 0.291 loading class jdk/internal/module/ModulePatcher done
Event: 0.291 loading class jdk/internal/module/ModuleBootstrap$Counters
Event: 0.291 loading class jdk/internal/module/ModuleBootstrap$Counters done
Event: 0.291 loading class jdk/internal/module/ArchivedBootLayer
Event: 0.291 loading class jdk/internal/module/ArchivedBootLayer done
Event: 0.291 loading class jdk/internal/module/ArchivedModuleGraph
Event: 0.291 loading class jdk/internal/module/ArchivedModuleGraph done
Event: 0.292 loading class jdk/internal/module/SystemModuleFinders
Event: 0.292 loading class jdk/internal/module/SystemModuleFinders done
Event: 0.292 loading class java/net/URI


Dynamic libraries:
0x00007ff6ff510000 - 0x00007ff6ff51a000 	C:\Users\emathias\AppData\Local\JetBrains\Toolbox\apps\PyCharm-P\ch-0\222.4345.23\jbr\bin\java.exe
0x00007ffcc7b40000 - 0x00007ffcc7d49000 	C:\windows\SYSTEM32\ntdll.dll
0x00007ffcc6dd0000 - 0x00007ffcc6e8e000 	C:\windows\System32\KERNEL32.DLL
0x00007ffcc54d0000 - 0x00007ffcc584b000 	C:\windows\System32\KERNELBASE.dll
0x00007ffcc5240000 - 0x00007ffcc5351000 	C:\windows\System32\ucrtbase.dll
0x00007ffc8f4c0000 - 0x00007ffc8f4d7000 	C:\Users\emathias\AppData\Local\JetBrains\Toolbox\apps\PyCharm-P\ch-0\222.4345.23\jbr\bin\jli.dll
0x00007ffcc7280000 - 0x00007ffcc742d000 	C:\windows\System32\USER32.dll
0x00007ffcc58d0000 - 0x00007ffcc58f6000 	C:\windows\System32\win32u.dll
0x00007ffcc5f70000 - 0x00007ffcc5f99000 	C:\windows\System32\GDI32.dll
0x00007ffcc5080000 - 0x00007ffcc5198000 	C:\windows\System32\gdi32full.dll
0x00007ffcc51a0000 - 0x00007ffcc523d000 	C:\windows\System32\msvcp_win.dll
0x00007ffc8ee10000 - 0x00007ffc8ee2b000 	C:\Users\emathias\AppData\Local\JetBrains\Toolbox\apps\PyCharm-P\ch-0\222.4345.23\jbr\bin\VCRUNTIME140.dll
0x00007ffcb4cc0000 - 0x00007ffcb4f65000 	C:\windows\WinSxS\amd64_microsoft.windows.common-controls_6595b64144ccf1df_6.0.22000.120_none_9d947278b86cc467\COMCTL32.dll
0x00007ffcc7a50000 - 0x00007ffcc7af3000 	C:\windows\System32\msvcrt.dll
0x00007ffcc6ca0000 - 0x00007ffcc6cd2000 	C:\windows\System32\IMM32.DLL
0x00007ffcb5e00000 - 0x00007ffcb5e0c000 	C:\Users\emathias\AppData\Local\JetBrains\Toolbox\apps\PyCharm-P\ch-0\222.4345.23\jbr\bin\vcruntime140_1.dll
0x00007ffc849e0000 - 0x00007ffc84a6d000 	C:\Users\emathias\AppData\Local\JetBrains\Toolbox\apps\PyCharm-P\ch-0\222.4345.23\jbr\bin\msvcp140.dll
0x00007ffbab7f0000 - 0x00007ffbac459000 	C:\Users\emathias\AppData\Local\JetBrains\Toolbox\apps\PyCharm-P\ch-0\222.4345.23\jbr\bin\server\jvm.dll
0x00007ffcc59c0000 - 0x00007ffcc5a6e000 	C:\windows\System32\ADVAPI32.dll
0x00007ffcc7990000 - 0x00007ffcc7a2e000 	C:\windows\System32\sechost.dll
0x00007ffcc6090000 - 0x00007ffcc61b0000 	C:\windows\System32\RPCRT4.dll
0x00007ffcc6c00000 - 0x00007ffcc6c08000 	C:\windows\System32\PSAPI.DLL
0x00007ffcae1e0000 - 0x00007ffcae1e9000 	C:\windows\SYSTEM32\WSOCK32.dll
0x00007ffcc63d0000 - 0x00007ffcc643f000 	C:\windows\System32\WS2_32.dll
0x00007ffcbdf00000 - 0x00007ffcbdf33000 	C:\windows\SYSTEM32\WINMM.dll
0x00007ffcbdd80000 - 0x00007ffcbdd8a000 	C:\windows\SYSTEM32\VERSION.dll
0x00007ffcc4140000 - 0x00007ffcc4158000 	C:\windows\SYSTEM32\kernel.appcore.dll
0x00007ffc81930000 - 0x00007ffc8193a000 	C:\Users\emathias\AppData\Local\JetBrains\Toolbox\apps\PyCharm-P\ch-0\222.4345.23\jbr\bin\jimage.dll
0x00007ffcc2ac0000 - 0x00007ffcc2ce1000 	C:\windows\SYSTEM32\DBGHELP.DLL
0x00007ffcb4430000 - 0x00007ffcb4461000 	C:\windows\SYSTEM32\dbgcore.DLL
0x00007ffcc5850000 - 0x00007ffcc58cf000 	C:\windows\System32\bcryptPrimitives.dll
0x00007ffc3dfa0000 - 0x00007ffc3dfc5000 	C:\Users\emathias\AppData\Local\JetBrains\Toolbox\apps\PyCharm-P\ch-0\222.4345.23\jbr\bin\java.dll
0x00007ffc4ab90000 - 0x00007ffc4aba8000 	C:\Users\emathias\AppData\Local\JetBrains\Toolbox\apps\PyCharm-P\ch-0\222.4345.23\jbr\bin\zip.dll
0x00007ffcc6440000 - 0x00007ffcc6bf8000 	C:\windows\System32\SHELL32.dll
0x00007ffcc30c0000 - 0x00007ffcc3925000 	C:\windows\SYSTEM32\windows.storage.dll
0x00007ffcc5a70000 - 0x00007ffcc5de8000 	C:\windows\System32\combase.dll
0x00007ffcc2f50000 - 0x00007ffcc30b6000 	C:\windows\SYSTEM32\wintypes.dll
0x00007ffcc6ce0000 - 0x00007ffcc6dca000 	C:\windows\System32\SHCORE.dll
0x00007ffcc5f10000 - 0x00007ffcc5f6d000 	C:\windows\System32\shlwapi.dll
0x00007ffcc4f40000 - 0x00007ffcc4f61000 	C:\windows\SYSTEM32\profapi.dll

dbghelp: loaded successfully - version: 4.0.5 - missing functions: none
symbol engine: initialized successfully - sym options: 0x614 - pdb path: .;C:\Users\emathias\AppData\Local\JetBrains\Toolbox\apps\PyCharm-P\ch-0\222.4345.23\jbr\bin;C:\windows\SYSTEM32;C:\windows\WinSxS\amd64_microsoft.windows.common-controls_6595b64144ccf1df_6.0.22000.120_none_9d947278b86cc467;C:\Users\emathias\AppData\Local\JetBrains\Toolbox\apps\PyCharm-P\ch-0\222.4345.23\jbr\bin\server

VM Arguments:
java_command: externalApp.nativessh.NativeSshAskPassApp emathias@192.168.50.145's password: 
java_class_path (initial): C:/Users/emathias/AppData/Local/JetBrains/Toolbox/apps/PyCharm-P/ch-0/222.4345.23/lib/externalProcess-rt.jar;C:/Users/emathias/AppData/Local/JetBrains/Toolbox/apps/PyCharm-P/ch-0/222.4345.23/lib/app.jar;C:/Users/emathias/AppData/Local/JetBrains/Toolbox/apps/PyCharm-P/ch-0/222.4345.23/lib/3rd-party-rt.jar
Launcher Type: SUN_STANDARD

[Global flags]
     intx CICompilerCount                          = 4                                         {product} {ergonomic}
     uint ConcGCThreads                            = 2                                         {product} {ergonomic}
     uint G1ConcRefinementThreads                  = 8                                         {product} {ergonomic}
   size_t G1HeapRegionSize                         = 2097152                                   {product} {ergonomic}
    uintx GCDrainStackTargetSize                   = 64                                        {product} {ergonomic}
   size_t InitialHeapSize                          = 264241152                                 {product} {ergonomic}
   size_t MarkStackSize                            = 4194304                                   {product} {ergonomic}
   size_t MaxHeapSize                              = 4200595456                                {product} {ergonomic}
   size_t MaxNewSize                               = 2518679552                                {product} {ergonomic}
   size_t MinHeapDeltaBytes                        = 2097152                                   {product} {ergonomic}
   size_t MinHeapSize                              = 8388608                                   {product} {ergonomic}
    uintx NonNMethodCodeHeapSize                   = 5839372                                {pd product} {ergonomic}
    uintx NonProfiledCodeHeapSize                  = 122909434                              {pd product} {ergonomic}
    uintx ProfiledCodeHeapSize                     = 122909434                              {pd product} {ergonomic}
    uintx ReservedCodeCacheSize                    = 251658240                              {pd product} {ergonomic}
     bool SegmentedCodeCache                       = true                                      {product} {ergonomic}
   size_t SoftMaxHeapSize                          = 4200595456                             {manageable} {ergonomic}
     bool UseCompressedClassPointers               = true                           {product lp64_product} {ergonomic}
     bool UseCompressedOops                        = true                           {product lp64_product} {ergonomic}
     bool UseG1GC                                  = true                                      {product} {ergonomic}
     bool UseLargePagesIndividualAllocation        = false                                  {pd product} {ergonomic}

Logging:
Log output configuration:
 #0: stdout all=warning uptime,level,tags
 #1: stderr all=off uptime,level,tags

Environment Variables:
PATH=C:\Program Files\Git\mingw64\libexec\git-core;C:\Program Files\Git\mingw64\bin;C:\Program Files\Git\usr\bin;C:\Users\emathias\bin;C:\Program Files\Common Files\Oracle\Java\javapath;C:\Program Files (x86)\Common Files\Oracle\Java\javapath;C:\windows\system32;C:\windows;C:\windows\System32\Wbem;C:\windows\System32\WindowsPowerShell\v1.0;C:\windows\System32\OpenSSH;C:\Program Files\nodejs;C:\Program Files\Git\cmd;C:\Program Files\dotnet;C:\Program Files (x86)\dotnet;C:\xampp\php;C:\instantclient_12_2;C:\Program Files (x86)\Microsoft SQL Server\150\DTS\Binn;C:\Program Files\Azure Data Studio\bin;C:\ProgramData\ComposerSetup\bin;C:\Program Files (x86)\Bitvise SSH Client;C:\Users\emathias\AppData\Local\Programs\Python\Python310\Scripts;C:\Users\emathias\AppData\Local\Programs\Python\Python310;C:\Users\emathias\AppData\Local\Microsoft\WindowsApps;C:\Users\emathias\AppData\Local\JetBrains\Toolbox\scripts
USERNAME=emathias
DISPLAY=:0.0
LC_ALL=en_US.UTF-8
TERM=cygwin
TMPDIR=C:\Users\emathias\AppData\Local\Temp
OS=Windows_NT
PROCESSOR_IDENTIFIER=Intel64 Family 6 Model 140 Stepping 1, GenuineIntel
TMP=C:\Users\emathias\AppData\Local\Temp
TEMP=C:\Users\emathias\AppData\Local\Temp



---------------  S Y S T E M  ---------------

OS:
 Windows 11 , 64 bit Build 22000 (10.0.22000.1219)
OS uptime: 6 days 7:07 hours
Hyper-V role detected

CPU: total 8 (initial active 8) (4 cores per cpu, 2 threads per core) family 6 model 140 stepping 1 microcode 0x8a, cx8, cmov, fxsr, ht, mmx, 3dnowpref, sse, sse2, sse3, ssse3, sse4.1, sse4.2, popcnt, lzcnt, tsc, tscinvbit, avx, avx2, aes, erms, clmul, bmi1, bmi2, adx, avx512f, avx512dq, avx512cd, avx512bw, avx512vl, sha, fma, vzeroupper, avx512_vpopcntdq, avx512_vpclmulqdq, avx512_vaes, avx512_vnni, clflush, clflushopt, clwb, avx512_vbmi2, avx512_vbmi, hv

Memory: 4k page, system-wide physical 16023M (1499M free)
TotalPageFile size 43545M (AvailPageFile size 2M)
current process WorkingSet (physical memory assigned to process): 26M, peak: 26M
current process commit charge ("private bytes"): 329M, peak: 329M

vm_info: OpenJDK 64-Bit Server VM (17.0.4.1+7-b469.62) for windows-amd64 JRE (17.0.4.1+7-b469.62), built on 2022-09-22 by "builduser" with MS VC++ 16.10 / 16.11 (VS2019)

END.
